Log file open, 02/26/20 18:32:28
LogWindows: Failed to load 'aqProf.dll' (GetLastError=126)
LogWindows: File 'aqProf.dll' does not exist
LogWindows: Failed to load 'VtuneApi.dll' (GetLastError=126)
LogWindows: File 'VtuneApi.dll' does not exist
LogWindows: Failed to load 'VtuneApi32e.dll' (GetLastError=126)
LogWindows: File 'VtuneApi32e.dll' does not exist
LogConsoleResponse: Display: Failed to find resolution value strings in scalability ini. Falling back to default.
LogInit: Display: Running engine for game: Poop
LogPlatformFile: Not using cached read wrapper
LogTaskGraph: Started task graph with 5 named threads and 23 total threads with 3 sets of task threads.
LogStats: Stats thread started at 0.064938
LogD3D11RHI: Loaded GFSDK_Aftermath_Lib.x64.dll
LogICUInternationalization: ICU TimeZone Detection - Raw Offset: -4:00, Platform Override: ''
LogPluginManager: Mounting plugin Paper2D
LogPluginManager: Mounting plugin AISupport
LogPluginManager: Mounting plugin LightPropagationVolume
LogPluginManager: Mounting plugin ActorLayerUtilities
LogPluginManager: Mounting plugin AnimationSharing
LogPluginManager: Mounting plugin CLionSourceCodeAccess
LogPluginManager: Mounting plugin CodeLiteSourceCodeAccess
LogPluginManager: Mounting plugin GitSourceControl
LogPluginManager: Mounting plugin KDevelopSourceCodeAccess
LogPluginManager: Mounting plugin NullSourceCodeAccess
LogPluginManager: Mounting plugin PerforceSourceControl
LogPluginManager: Mounting plugin SubversionSourceControl
LogPluginManager: Mounting plugin UObjectPlugin
LogPluginManager: Mounting plugin VisualStudioCodeSourceCodeAccess
LogPluginManager: Mounting plugin VisualStudioSourceCodeAccess
LogPluginManager: Mounting plugin XCodeSourceCodeAccess
LogPluginManager: Mounting plugin AssetManagerEditor
LogPluginManager: Mounting plugin CryptoKeys
LogPluginManager: Mounting plugin CurveEditorTools
LogPluginManager: Mounting plugin DataValidation
LogPluginManager: Mounting plugin FacialAnimation
LogPluginManager: Mounting plugin GameplayTagsEditor
LogPluginManager: Mounting plugin MacGraphicsSwitching
LogPluginManager: Mounting plugin MaterialAnalyzer
LogPluginManager: Mounting plugin MobileLauncherProfileWizard
LogPluginManager: Mounting plugin PluginBrowser
LogPluginManager: Mounting plugin SpeedTreeImporter
LogPluginManager: Mounting plugin DatasmithContent
LogPluginManager: Mounting plugin VariantManagerContent
LogPluginManager: Mounting plugin AlembicImporter
LogPluginManager: Mounting plugin AutomationUtils
LogPluginManager: Mounting plugin BackChannel
LogPluginManager: Mounting plugin CharacterAI
LogPluginManager: Mounting plugin GeometryCache
LogPluginManager: Mounting plugin HTML5Networking
LogPluginManager: Mounting plugin PlatformCrypto
LogPluginManager: Mounting plugin ProxyLODPlugin
LogPluginManager: Mounting plugin SkeletalReduction
LogPluginManager: Mounting plugin MagicLeap
LogPluginManager: Mounting plugin MagicLeapMedia
LogPluginManager: Mounting plugin AndroidMedia
LogPluginManager: Mounting plugin AvfMedia
LogPluginManager: Mounting plugin ImgMedia
LogPluginManager: Mounting plugin MediaCompositing
LogPluginManager: Mounting plugin MediaPlayerEditor
LogPluginManager: Mounting plugin WebMMedia
LogPluginManager: Mounting plugin WmfMedia
LogPluginManager: Mounting plugin TcpMessaging
LogPluginManager: Mounting plugin UdpMessaging
LogPluginManager: Mounting plugin ActorSequence
LogPluginManager: Mounting plugin LevelSequenceEditor
LogPluginManager: Mounting plugin MatineeToLevelSequence
LogPluginManager: Mounting plugin NetcodeUnitTest
LogPluginManager: Mounting plugin NUTUnrealEngine4
LogPluginManager: Mounting plugin OnlineSubsystemGooglePlay
LogPluginManager: Mounting plugin OnlineSubsystemIOS
LogPluginManager: Mounting plugin OnlineSubsystem
LogPluginManager: Mounting plugin OnlineSubsystemNull
LogPluginManager: Mounting plugin OnlineSubsystemUtils
LogPluginManager: Mounting plugin LauncherChunkInstaller
LogPluginManager: Mounting plugin AndroidDeviceProfileSelector
LogPluginManager: Mounting plugin AndroidMoviePlayer
LogPluginManager: Mounting plugin AndroidPermission
LogPluginManager: Mounting plugin AppleImageUtils
LogPluginManager: Mounting plugin AppleMoviePlayer
LogPluginManager: Mounting plugin ArchVisCharacter
LogPluginManager: Mounting plugin AudioCapture
LogPluginManager: Mounting plugin CableComponent
LogPluginManager: Mounting plugin CustomMeshComponent
LogPluginManager: Mounting plugin EditableMesh
LogPluginManager: Mounting plugin ExampleDeviceProfileSelector
LogPluginManager: Mounting plugin GoogleCloudMessaging
LogPluginManager: Mounting plugin IOSDeviceProfileSelector
LogPluginManager: Mounting plugin LinuxDeviceProfileSelector
LogPluginManager: Mounting plugin LocationServicesBPLibrary
LogPluginManager: Mounting plugin MobilePatchingUtils
LogPluginManager: Mounting plugin OculusVR
LogPluginManager: Mounting plugin PhysXVehicles
LogPluginManager: Mounting plugin ProceduralMeshComponent
LogPluginManager: Mounting plugin RuntimePhysXCooking
LogPluginManager: Mounting plugin SignificanceManager
LogPluginManager: Mounting plugin SteamVR
LogPluginManager: Mounting plugin WebMMoviePlayer
LogPluginManager: Mounting plugin WindowsMoviePlayer
LogPluginManager: Mounting plugin ScreenshotTools
LogInit: Using libcurl 7.55.1-DEV
LogInit:  - built for x86_64-pc-win32
LogInit:  - supports SSL with OpenSSL/1.1.1
LogInit:  - supports HTTP deflate (compression) using libz 1.2.8
LogInit:  - other features:
LogInit:      CURL_VERSION_SSL
LogInit:      CURL_VERSION_LIBZ
LogInit:      CURL_VERSION_IPV6
LogInit:      CURL_VERSION_ASYNCHDNS
LogInit:      CURL_VERSION_LARGEFILE
LogInit:      CURL_VERSION_IDN
LogInit:  CurlRequestOptions (configurable via config and command line):
LogInit:  - bVerifyPeer = true  - Libcurl will verify peer certificate
LogInit:  - bUseHttpProxy = false  - Libcurl will NOT use HTTP proxy
LogInit:  - bDontReuseConnections = false  - Libcurl will reuse connections
LogInit:  - MaxHostConnections = 16  - Libcurl will limit the number of connections to a host
LogInit:  - LocalHostAddr = Default
LogInit:  - BufferSize = 65536
LogOnline: OSS: Creating online subsystem instance for: NULL
LogInit: WinSock: version 1.1 (2.2), MaxSocks=32767, MaxUdp=65467
LogInit: Build: ++UE4+Release-4.23-CL-8386587
LogInit: Engine Version: 4.23.0-8386587+++UE4+Release-4.23
LogInit: Compatible Engine Version: 4.23.0-8386587+++UE4+Release-4.23
LogInit: Net CL: 8386587
LogInit: OS: Windows 10 (Release 1903) (), CPU: Intel(R) Core(TM) i5-8300H CPU @ 2.30GHz, GPU: Intel(R) UHD Graphics 630
LogInit: Compiled (64-bit): Aug 31 2019 02:04:44
LogInit: Compiled with Visual C++: 19.16.27030.01
LogInit: Build Configuration: Development
LogInit: Branch Name: ++UE4+Release-4.23
LogInit: Command Line: 
LogInit: Base Directory: C:/Program Files/Epic Games/UE_4.23/Engine/Binaries/Win64/
LogInit: Installed Engine Build: 1
LogDevObjectVersion: Number of dev versions registered: 23
LogDevObjectVersion:   Dev-Blueprints (B0D832E4-1F89-4F0D-ACCF-7EB736FD4AA2): 10
LogDevObjectVersion:   Dev-Build (E1C64328-A22C-4D53-A36C-8E866417BD8C): 0
LogDevObjectVersion:   Dev-Core (375EC13C-06E4-48FB-B500-84F0262A717E): 3
LogDevObjectVersion:   Dev-Editor (E4B068ED-F494-42E9-A231-DA0B2E46BB41): 34
LogDevObjectVersion:   Dev-Framework (CFFC743F-43B0-4480-9391-14DF171D2073): 35
LogDevObjectVersion:   Dev-Mobile (B02B49B5-BB20-44E9-A304-32B752E40360): 2
LogDevObjectVersion:   Dev-Networking (A4E4105C-59A1-49B5-A7C5-40C4547EDFEE): 0
LogDevObjectVersion:   Dev-Online (39C831C9-5AE6-47DC-9A44-9C173E1C8E7C): 0
LogDevObjectVersion:   Dev-Physics (78F01B33-EBEA-4F98-B9B4-84EACCB95AA2): 0
LogDevObjectVersion:   Dev-Platform (6631380F-2D4D-43E0-8009-CF276956A95A): 0
LogDevObjectVersion:   Dev-Rendering (12F88B9F-8875-4AFC-A67C-D90C383ABD29): 31
LogDevObjectVersion:   Dev-Sequencer (7B5AE74C-D270-4C10-A958-57980B212A5A): 11
LogDevObjectVersion:   Dev-VR (D7296918-1DD6-4BDD-9DE2-64A83CC13884): 2
LogDevObjectVersion:   Dev-LoadTimes (C2A15278-BFE7-4AFE-6C17-90FF531DF755): 1
LogDevObjectVersion:   Private-Geometry (6EACA3D4-40EC-4CC1-B786-8BED09428FC5): 3
LogDevObjectVersion:   Dev-AnimPhys (29E575DD-E0A3-4627-9D10-D276232CDCEA): 17
LogDevObjectVersion:   Dev-Anim (AF43A65D-7FD3-4947-9873-3E8ED9C1BB05): 2
LogDevObjectVersion:   Dev-ReflectionCapture (6B266CEC-1EC7-4B8F-A30B-E4D90942FC07): 1
LogDevObjectVersion:   Dev-Automation (0DF73D61-A23F-47EA-B727-89E90C41499A): 1
LogDevObjectVersion:   FortniteMain (601D1886-AC64-4F84-AA16-D3DE0DEAC7D6): 27
LogDevObjectVersion:   Dev-Enterprise (9DFFBCD6-494F-0158-E221-12823C92A888): 6
LogDevObjectVersion:   Dev-Niagara (F2AED0AC-9AFE-416F-8664-AA7FFA26D6FC): 1
LogDevObjectVersion:   Dev-Destruction (174F1F0B-B4C6-45A5-B13F-2EE8D0FB917D): 9
LogInit: Presizing for max 16777216 objects, including 0 objects not considered by GC, pre-allocating 0 bytes for permanent pool.
LogInit: Object subsystem initialized
LogConfig: Setting CVar [[con.DebugEarlyDefault:1]]
LogConfig: Setting CVar [[r.setres:1280x720]]
[2020.02.26-21.32.29:120][  0]LogConfig: Setting CVar [[r.VSync:0]]
[2020.02.26-21.32.29:120][  0]LogConfig: Setting CVar [[r.RHICmdBypass:0]]
[2020.02.26-21.32.29:120][  0]LogConfig: Applying CVar settings from Section [/Script/Engine.RendererSettings] File [C:/Users/Hans Schaa/Desktop/Unreal Projects/PoopRun2/Poop/Saved/Config/Windows/Engine.ini]
[2020.02.26-21.32.29:120][  0]LogConfig: Setting CVar [[r.GPUCrashDebugging:0]]
[2020.02.26-21.32.29:120][  0]LogConfig: Applying CVar settings from Section [/Script/Engine.RendererOverrideSettings] File [C:/Users/Hans Schaa/Desktop/Unreal Projects/PoopRun2/Poop/Saved/Config/Windows/Engine.ini]
[2020.02.26-21.32.29:120][  0]LogConfig: Applying CVar settings from Section [/Script/Engine.StreamingSettings] File [C:/Users/Hans Schaa/Desktop/Unreal Projects/PoopRun2/Poop/Saved/Config/Windows/Engine.ini]
[2020.02.26-21.32.29:120][  0]LogConfig: Setting CVar [[s.MinBulkDataSizeForAsyncLoading:131072]]
[2020.02.26-21.32.29:120][  0]LogConfig: Setting CVar [[s.AsyncLoadingThreadEnabled:0]]
[2020.02.26-21.32.29:120][  0]LogConfig: Setting CVar [[s.EventDrivenLoaderEnabled:1]]
[2020.02.26-21.32.29:120][  0]LogConfig: Setting CVar [[s.WarnIfTimeLimitExceeded:0]]
[2020.02.26-21.32.29:120][  0]LogConfig: Setting CVar [[s.TimeLimitExceededMultiplier:1.5]]
[2020.02.26-21.32.29:120][  0]LogConfig: Setting CVar [[s.TimeLimitExceededMinTime:0.005]]
[2020.02.26-21.32.29:120][  0]LogConfig: Setting CVar [[s.UseBackgroundLevelStreaming:1]]
[2020.02.26-21.32.29:120][  0]LogConfig: Setting CVar [[s.PriorityAsyncLoadingExtraTime:15.0]]
[2020.02.26-21.32.29:120][  0]LogConfig: Setting CVar [[s.LevelStreamingActorsUpdateTimeLimit:5.0]]
[2020.02.26-21.32.29:120][  0]LogConfig: Setting CVar [[s.PriorityLevelStreamingActorsUpdateExtraTime:5.0]]
[2020.02.26-21.32.29:120][  0]LogConfig: Setting CVar [[s.LevelStreamingComponentsRegistrationGranularity:10]]
[2020.02.26-21.32.29:120][  0]LogConfig: Setting CVar [[s.UnregisterComponentsTimeLimit:1.0]]
[2020.02.26-21.32.29:120][  0]LogConfig: Setting CVar [[s.LevelStreamingComponentsUnregistrationGranularity:5]]
[2020.02.26-21.32.29:120][  0]LogConfig: Applying CVar settings from Section [/Script/Engine.GarbageCollectionSettings] File [C:/Users/Hans Schaa/Desktop/Unreal Projects/PoopRun2/Poop/Saved/Config/Windows/Engine.ini]
[2020.02.26-21.32.29:120][  0]LogConfig: Setting CVar [[gc.MaxObjectsNotConsideredByGC:1]]
[2020.02.26-21.32.29:120][  0]LogConfig: Setting CVar [[gc.SizeOfPermanentObjectPool:0]]
[2020.02.26-21.32.29:120][  0]LogConfig: Setting CVar [[gc.FlushStreamingOnGC:0]]
[2020.02.26-21.32.29:120][  0]LogConfig: Setting CVar [[gc.NumRetriesBeforeForcingGC:10]]
[2020.02.26-21.32.29:120][  0]LogConfig: Setting CVar [[gc.AllowParallelGC:1]]
[2020.02.26-21.32.29:120][  0]LogConfig: Setting CVar [[gc.TimeBetweenPurgingPendingKillObjects:61.1]]
[2020.02.26-21.32.29:120][  0]LogConfig: Setting CVar [[gc.MaxObjectsInEditor:16777216]]
[2020.02.26-21.32.29:120][  0]LogConfig: Setting CVar [[gc.IncrementalBeginDestroyEnabled:1]]
[2020.02.26-21.32.29:120][  0]LogConfig: Setting CVar [[gc.CreateGCClusters:1]]
[2020.02.26-21.32.29:120][  0]LogConfig: Setting CVar [[gc.MinGCClusterSize:5]]
[2020.02.26-21.32.29:121][  0]LogConfig: Setting CVar [[gc.ActorClusteringEnabled:0]]
[2020.02.26-21.32.29:121][  0]LogConfig: Setting CVar [[gc.BlueprintClusteringEnabled:0]]
[2020.02.26-21.32.29:121][  0]LogConfig: Setting CVar [[gc.UseDisregardForGCOnDedicatedServers:0]]
[2020.02.26-21.32.29:121][  0]LogConfig: Applying CVar settings from Section [/Script/Engine.NetworkSettings] File [C:/Users/Hans Schaa/Desktop/Unreal Projects/PoopRun2/Poop/Saved/Config/Windows/Engine.ini]
[2020.02.26-21.32.29:121][  0]LogConfig: Applying CVar settings from Section [/Script/UnrealEd.CookerSettings] File [C:/Users/Hans Schaa/Desktop/Unreal Projects/PoopRun2/Poop/Saved/Config/Windows/Engine.ini]
[2020.02.26-21.32.29:123][  0]LogConfig: Applying CVar settings from Section [ViewDistanceQuality@3] File [C:/Users/Hans Schaa/Desktop/Unreal Projects/PoopRun2/Poop/Saved/Config/Windows/Scalability.ini]
[2020.02.26-21.32.29:123][  0]LogConfig: Setting CVar [[r.SkeletalMeshLODBias:0]]
[2020.02.26-21.32.29:123][  0]LogConfig: Setting CVar [[r.ViewDistanceScale:1.0]]
[2020.02.26-21.32.29:123][  0]LogConfig: Applying CVar settings from Section [AntiAliasingQuality@3] File [C:/Users/Hans Schaa/Desktop/Unreal Projects/PoopRun2/Poop/Saved/Config/Windows/Scalability.ini]
[2020.02.26-21.32.29:123][  0]LogConfig: Setting CVar [[r.PostProcessAAQuality:4]]
[2020.02.26-21.32.29:123][  0]LogConfig: Applying CVar settings from Section [ShadowQuality@3] File [C:/Users/Hans Schaa/Desktop/Unreal Projects/PoopRun2/Poop/Saved/Config/Windows/Scalability.ini]
[2020.02.26-21.32.29:123][  0]LogConfig: Setting CVar [[r.LightFunctionQuality:1]]
[2020.02.26-21.32.29:123][  0]LogConfig: Setting CVar [[r.ShadowQuality:5]]
[2020.02.26-21.32.29:123][  0]LogConfig: Setting CVar [[r.Shadow.CSM.MaxCascades:10]]
[2020.02.26-21.32.29:123][  0]LogConfig: Setting CVar [[r.Shadow.MaxResolution:2048]]
[2020.02.26-21.32.29:123][  0]LogConfig: Setting CVar [[r.Shadow.MaxCSMResolution:2048]]
[2020.02.26-21.32.29:123][  0]LogConfig: Setting CVar [[r.Shadow.RadiusThreshold:0.01]]
[2020.02.26-21.32.29:123][  0]LogConfig: Setting CVar [[r.Shadow.DistanceScale:1.0]]
[2020.02.26-21.32.29:123][  0]LogConfig: Setting CVar [[r.Shadow.CSM.TransitionScale:1.0]]
[2020.02.26-21.32.29:123][  0]LogConfig: Setting CVar [[r.Shadow.PreShadowResolutionFactor:1.0]]
[2020.02.26-21.32.29:123][  0]LogConfig: Setting CVar [[r.DistanceFieldShadowing:1]]
[2020.02.26-21.32.29:123][  0]LogConfig: Setting CVar [[r.DistanceFieldAO:1]]
[2020.02.26-21.32.29:123][  0]LogConfig: Setting CVar [[r.AOQuality:2]]
[2020.02.26-21.32.29:123][  0]LogConfig: Setting CVar [[r.VolumetricFog:1]]
[2020.02.26-21.32.29:123][  0]LogConfig: Setting CVar [[r.VolumetricFog.GridPixelSize:8]]
[2020.02.26-21.32.29:123][  0]LogConfig: Setting CVar [[r.VolumetricFog.GridSizeZ:128]]
[2020.02.26-21.32.29:123][  0]LogConfig: Setting CVar [[r.VolumetricFog.HistoryMissSupersampleCount:4]]
[2020.02.26-21.32.29:123][  0]LogConfig: Setting CVar [[r.LightMaxDrawDistanceScale:1]]
[2020.02.26-21.32.29:123][  0]LogConfig: Setting CVar [[r.CapsuleShadows:1]]
[2020.02.26-21.32.29:123][  0]LogConfig: Applying CVar settings from Section [PostProcessQuality@3] File [C:/Users/Hans Schaa/Desktop/Unreal Projects/PoopRun2/Poop/Saved/Config/Windows/Scalability.ini]
[2020.02.26-21.32.29:123][  0]LogConfig: Setting CVar [[r.MotionBlurQuality:4]]
[2020.02.26-21.32.29:123][  0]LogConfig: Setting CVar [[r.AmbientOcclusionMipLevelFactor:0.4]]
[2020.02.26-21.32.29:123][  0]LogConfig: Setting CVar [[r.AmbientOcclusionMaxQuality:100]]
[2020.02.26-21.32.29:123][  0]LogConfig: Setting CVar [[r.AmbientOcclusionLevels:-1]]
[2020.02.26-21.32.29:123][  0]LogConfig: Setting CVar [[r.AmbientOcclusionRadiusScale:1.0]]
[2020.02.26-21.32.29:123][  0]LogConfig: Setting CVar [[r.DepthOfFieldQuality:2]]
[2020.02.26-21.32.29:123][  0]LogConfig: Setting CVar [[r.RenderTargetPoolMin:400]]
[2020.02.26-21.32.29:123][  0]LogConfig: Setting CVar [[r.LensFlareQuality:2]]
[2020.02.26-21.32.29:123][  0]LogConfig: Setting CVar [[r.SceneColorFringeQuality:1]]
[2020.02.26-21.32.29:123][  0]LogConfig: Setting CVar [[r.EyeAdaptationQuality:2]]
[2020.02.26-21.32.29:123][  0]LogConfig: Setting CVar [[r.BloomQuality:5]]
[2020.02.26-21.32.29:123][  0]LogConfig: Setting CVar [[r.FastBlurThreshold:100]]
[2020.02.26-21.32.29:123][  0]LogConfig: Setting CVar [[r.Upscale.Quality:3]]
[2020.02.26-21.32.29:123][  0]LogConfig: Setting CVar [[r.Tonemapper.GrainQuantization:1]]
[2020.02.26-21.32.29:123][  0]LogConfig: Setting CVar [[r.LightShaftQuality:1]]
[2020.02.26-21.32.29:123][  0]LogConfig: Setting CVar [[r.Filter.SizeScale:1]]
[2020.02.26-21.32.29:123][  0]LogConfig: Setting CVar [[r.Tonemapper.Quality:5]]
[2020.02.26-21.32.29:123][  0]LogConfig: Setting CVar [[r.DOF.Gather.AccumulatorQuality:1        ; higher gathering accumulator quality]]
[2020.02.26-21.32.29:123][  0]LogConfig: Setting CVar [[r.DOF.Gather.PostfilterMethod:1          ; Median3x3 postfilering method]]
[2020.02.26-21.32.29:123][  0]LogConfig: Setting CVar [[r.DOF.Gather.EnableBokehSettings:0       ; no bokeh simulation when gathering]]
[2020.02.26-21.32.29:123][  0]LogConfig: Setting CVar [[r.DOF.Gather.RingCount:4                 ; medium number of samples when gathering]]
[2020.02.26-21.32.29:123][  0]LogConfig: Setting CVar [[r.DOF.Scatter.ForegroundCompositing:1    ; additive foreground scattering]]
[2020.02.26-21.32.29:123][  0]LogConfig: Setting CVar [[r.DOF.Scatter.BackgroundCompositing:2    ; additive background scattering]]
[2020.02.26-21.32.29:123][  0]LogConfig: Setting CVar [[r.DOF.Scatter.EnableBokehSettings:1      ; bokeh simulation when scattering]]
[2020.02.26-21.32.29:123][  0]LogConfig: Setting CVar [[r.DOF.Scatter.MaxSpriteRatio:0.1         ; only a maximum of 10% of scattered bokeh]]
[2020.02.26-21.32.29:123][  0]LogConfig: Setting CVar [[r.DOF.Recombine.Quality:1                ; cheap slight out of focus]]
[2020.02.26-21.32.29:123][  0]LogConfig: Setting CVar [[r.DOF.Recombine.EnableBokehSettings:0    ; no bokeh simulation on slight out of focus]]
[2020.02.26-21.32.29:123][  0]LogConfig: Setting CVar [[r.DOF.TemporalAAQuality:1                ; more stable temporal accumulation]]
[2020.02.26-21.32.29:123][  0]LogConfig: Setting CVar [[r.DOF.Kernel.MaxForegroundRadius:0.025]]
[2020.02.26-21.32.29:123][  0]LogConfig: Setting CVar [[r.DOF.Kernel.MaxBackgroundRadius:0.025]]
[2020.02.26-21.32.29:123][  0]LogConfig: Applying CVar settings from Section [TextureQuality@3] File [C:/Users/Hans Schaa/Desktop/Unreal Projects/PoopRun2/Poop/Saved/Config/Windows/Scalability.ini]
[2020.02.26-21.32.29:123][  0]LogConfig: Setting CVar [[r.Streaming.MipBias:0]]
[2020.02.26-21.32.29:123][  0]LogConfig: Setting CVar [[r.Streaming.AmortizeCPUToGPUCopy:0]]
[2020.02.26-21.32.29:123][  0]LogConfig: Setting CVar [[r.Streaming.MaxNumTexturesToStreamPerFrame:0]]
[2020.02.26-21.32.29:123][  0]LogConfig: Setting CVar [[r.Streaming.Boost:1]]
[2020.02.26-21.32.29:123][  0]LogConfig: Setting CVar [[r.MaxAnisotropy:8]]
[2020.02.26-21.32.29:123][  0]LogConfig: Setting CVar [[r.Streaming.LimitPoolSizeToVRAM:0]]
[2020.02.26-21.32.29:123][  0]LogConfig: Setting CVar [[r.Streaming.PoolSize:1000]]
[2020.02.26-21.32.29:123][  0]LogConfig: Setting CVar [[r.Streaming.MaxEffectiveScreenSize:0]]
[2020.02.26-21.32.29:123][  0]LogConfig: Applying CVar settings from Section [EffectsQuality@3] File [C:/Users/Hans Schaa/Desktop/Unreal Projects/PoopRun2/Poop/Saved/Config/Windows/Scalability.ini]
[2020.02.26-21.32.29:123][  0]LogConfig: Setting CVar [[r.TranslucencyLightingVolumeDim:64]]
[2020.02.26-21.32.29:123][  0]LogConfig: Setting CVar [[r.RefractionQuality:2]]
[2020.02.26-21.32.29:123][  0]LogConfig: Setting CVar [[r.SSR.Quality:3]]
[2020.02.26-21.32.29:123][  0]LogConfig: Setting CVar [[r.SceneColorFormat:4]]
[2020.02.26-21.32.29:123][  0]LogConfig: Setting CVar [[r.DetailMode:2]]
[2020.02.26-21.32.29:123][  0]LogConfig: Setting CVar [[r.TranslucencyVolumeBlur:1]]
[2020.02.26-21.32.29:123][  0]LogConfig: Setting CVar [[r.MaterialQualityLevel:1 ; High quality]]
[2020.02.26-21.32.29:123][  0]LogConfig: Setting CVar [[r.SSS.Scale:1]]
[2020.02.26-21.32.29:123][  0]LogConfig: Setting CVar [[r.SSS.SampleSet:2]]
[2020.02.26-21.32.29:123][  0]LogConfig: Setting CVar [[r.SSS.Quality:1]]
[2020.02.26-21.32.29:123][  0]LogConfig: Setting CVar [[r.SSS.HalfRes:1]]
[2020.02.26-21.32.29:123][  0]LogConfig: Setting CVar [[r.EmitterSpawnRateScale:1.0]]
[2020.02.26-21.32.29:123][  0]LogConfig: Setting CVar [[r.ParticleLightQuality:2]]
[2020.02.26-21.32.29:123][  0]LogConfig: Applying CVar settings from Section [FoliageQuality@3] File [C:/Users/Hans Schaa/Desktop/Unreal Projects/PoopRun2/Poop/Saved/Config/Windows/Scalability.ini]
[2020.02.26-21.32.29:123][  0]LogConfig: Setting CVar [[foliage.DensityScale:1.0]]
[2020.02.26-21.32.29:124][  0]LogConfig: Setting CVar [[grass.DensityScale:1.0]]
[2020.02.26-21.32.29:124][  0]LogInit: Selected Device Profile: [Windows]
[2020.02.26-21.32.29:124][  0]LogInit: Applying CVar settings loaded from the selected device profile: [Windows]
[2020.02.26-21.32.29:126][  0]LogHAL: Display: Platform has ~ 24 GB [25644290048 / 34359738368 / 24], which maps to Larger [LargestMinGB=32, LargerMinGB=12, DefaultMinGB=8, SmallerMinGB=6, SmallestMinGB=0)
[2020.02.26-21.32.29:126][  0]LogInit: Going up to parent DeviceProfile []
[2020.02.26-21.32.29:126][  0]LogConfig: Applying CVar settings from Section [ViewDistanceQuality@1] File [C:/Users/Hans Schaa/Desktop/Unreal Projects/PoopRun2/Poop/Saved/Config/Windows/Scalability.ini]
[2020.02.26-21.32.29:126][  0]LogConfig: Setting CVar [[r.SkeletalMeshLODBias:1]]
[2020.02.26-21.32.29:126][  0]LogConfig: Setting CVar [[r.ViewDistanceScale:0.6]]
[2020.02.26-21.32.29:126][  0]LogConfig: Applying CVar settings from Section [AntiAliasingQuality@1] File [C:/Users/Hans Schaa/Desktop/Unreal Projects/PoopRun2/Poop/Saved/Config/Windows/Scalability.ini]
[2020.02.26-21.32.29:126][  0]LogConfig: Setting CVar [[r.PostProcessAAQuality:2]]
[2020.02.26-21.32.29:126][  0]LogConfig: Applying CVar settings from Section [ShadowQuality@1] File [C:/Users/Hans Schaa/Desktop/Unreal Projects/PoopRun2/Poop/Saved/Config/Windows/Scalability.ini]
[2020.02.26-21.32.29:126][  0]LogConfig: Setting CVar [[r.LightFunctionQuality:1]]
[2020.02.26-21.32.29:126][  0]LogConfig: Setting CVar [[r.ShadowQuality:3]]
[2020.02.26-21.32.29:126][  0]LogConfig: Setting CVar [[r.Shadow.CSM.MaxCascades:1]]
[2020.02.26-21.32.29:126][  0]LogConfig: Setting CVar [[r.Shadow.MaxResolution:1024]]
[2020.02.26-21.32.29:126][  0]LogConfig: Setting CVar [[r.Shadow.MaxCSMResolution:1024]]
[2020.02.26-21.32.29:126][  0]LogConfig: Setting CVar [[r.Shadow.RadiusThreshold:0.05]]
[2020.02.26-21.32.29:126][  0]LogConfig: Setting CVar [[r.Shadow.DistanceScale:0.7]]
[2020.02.26-21.32.29:126][  0]LogConfig: Setting CVar [[r.Shadow.CSM.TransitionScale:0.25]]
[2020.02.26-21.32.29:126][  0]LogConfig: Setting CVar [[r.Shadow.PreShadowResolutionFactor:0.5]]
[2020.02.26-21.32.29:126][  0]LogConfig: Setting CVar [[r.DistanceFieldShadowing:0]]
[2020.02.26-21.32.29:126][  0]LogConfig: Setting CVar [[r.DistanceFieldAO:0]]
[2020.02.26-21.32.29:126][  0]LogConfig: Setting CVar [[r.VolumetricFog:0]]
[2020.02.26-21.32.29:126][  0]LogConfig: Setting CVar [[r.LightMaxDrawDistanceScale:.5]]
[2020.02.26-21.32.29:126][  0]LogConfig: Setting CVar [[r.CapsuleShadows:1]]
[2020.02.26-21.32.29:126][  0]LogConfig: Applying CVar settings from Section [PostProcessQuality@1] File [C:/Users/Hans Schaa/Desktop/Unreal Projects/PoopRun2/Poop/Saved/Config/Windows/Scalability.ini]
[2020.02.26-21.32.29:126][  0]LogConfig: Setting CVar [[r.MotionBlurQuality:3]]
[2020.02.26-21.32.29:126][  0]LogConfig: Setting CVar [[r.AmbientOcclusionMipLevelFactor:1.0]]
[2020.02.26-21.32.29:126][  0]LogConfig: Setting CVar [[r.AmbientOcclusionMaxQuality:60]]
[2020.02.26-21.32.29:126][  0]LogConfig: Setting CVar [[r.AmbientOcclusionLevels:-1]]
[2020.02.26-21.32.29:126][  0]LogConfig: Setting CVar [[r.AmbientOcclusionRadiusScale:1.5]]
[2020.02.26-21.32.29:126][  0]LogConfig: Setting CVar [[r.DepthOfFieldQuality:1]]
[2020.02.26-21.32.29:126][  0]LogConfig: Setting CVar [[r.RenderTargetPoolMin:350]]
[2020.02.26-21.32.29:126][  0]LogConfig: Setting CVar [[r.LensFlareQuality:0]]
[2020.02.26-21.32.29:126][  0]LogConfig: Setting CVar [[r.SceneColorFringeQuality:0]]
[2020.02.26-21.32.29:126][  0]LogConfig: Setting CVar [[r.EyeAdaptationQuality:0]]
[2020.02.26-21.32.29:126][  0]LogConfig: Setting CVar [[r.BloomQuality:4]]
[2020.02.26-21.32.29:126][  0]LogConfig: Setting CVar [[r.FastBlurThreshold:2]]
[2020.02.26-21.32.29:126][  0]LogConfig: Setting CVar [[r.Upscale.Quality:2]]
[2020.02.26-21.32.29:126][  0]LogConfig: Setting CVar [[r.Tonemapper.GrainQuantization:0]]
[2020.02.26-21.32.29:126][  0]LogConfig: Setting CVar [[r.LightShaftQuality:0]]
[2020.02.26-21.32.29:126][  0]LogConfig: Setting CVar [[r.Filter.SizeScale:0.7]]
[2020.02.26-21.32.29:126][  0]LogConfig: Setting CVar [[r.Tonemapper.Quality:2]]
[2020.02.26-21.32.29:127][  0]LogConfig: Setting CVar [[r.DOF.Gather.AccumulatorQuality:0        ; lower gathering accumulator quality]]
[2020.02.26-21.32.29:127][  0]LogConfig: Setting CVar [[r.DOF.Gather.PostfilterMethod:2          ; Max3x3 postfilering method]]
[2020.02.26-21.32.29:127][  0]LogConfig: Setting CVar [[r.DOF.Gather.EnableBokehSettings:0       ; no bokeh simulation when gathering]]
[2020.02.26-21.32.29:127][  0]LogConfig: Setting CVar [[r.DOF.Gather.RingCount:3                 ; low number of samples when gathering]]
[2020.02.26-21.32.29:127][  0]LogConfig: Setting CVar [[r.DOF.Scatter.ForegroundCompositing:0    ; no foreground scattering]]
[2020.02.26-21.32.29:127][  0]LogConfig: Setting CVar [[r.DOF.Scatter.BackgroundCompositing:0    ; no foreground scattering]]
[2020.02.26-21.32.29:127][  0]LogConfig: Setting CVar [[r.DOF.Recombine.Quality:0                ; no slight out of focus]]
[2020.02.26-21.32.29:127][  0]LogConfig: Setting CVar [[r.DOF.TemporalAAQuality:0                ; faster temporal accumulation]]
[2020.02.26-21.32.29:127][  0]LogConfig: Setting CVar [[r.DOF.Kernel.MaxForegroundRadius:0.006   ; required because low gathering and no scattering and not looking great at 1080p]]
[2020.02.26-21.32.29:127][  0]LogConfig: Setting CVar [[r.DOF.Kernel.MaxBackgroundRadius:0.006   ; required because low gathering and no scattering and not looking great at 1080p]]
[2020.02.26-21.32.29:127][  0]LogConfig: Applying CVar settings from Section [TextureQuality@1] File [C:/Users/Hans Schaa/Desktop/Unreal Projects/PoopRun2/Poop/Saved/Config/Windows/Scalability.ini]
[2020.02.26-21.32.29:127][  0]LogConfig: Setting CVar [[r.Streaming.MipBias:1]]
[2020.02.26-21.32.29:127][  0]LogConfig: Setting CVar [[r.Streaming.AmortizeCPUToGPUCopy:0]]
[2020.02.26-21.32.29:127][  0]LogConfig: Setting CVar [[r.Streaming.MaxNumTexturesToStreamPerFrame:0]]
[2020.02.26-21.32.29:127][  0]LogConfig: Setting CVar [[r.Streaming.Boost:1]]
[2020.02.26-21.32.29:127][  0]LogConfig: Setting CVar [[r.MaxAnisotropy:2]]
[2020.02.26-21.32.29:127][  0]LogConfig: Setting CVar [[r.Streaming.LimitPoolSizeToVRAM:1]]
[2020.02.26-21.32.29:127][  0]LogConfig: Setting CVar [[r.Streaming.PoolSize:600]]
[2020.02.26-21.32.29:127][  0]LogConfig: Setting CVar [[r.Streaming.MaxEffectiveScreenSize:0]]
[2020.02.26-21.32.29:127][  0]LogConfig: Applying CVar settings from Section [EffectsQuality@1] File [C:/Users/Hans Schaa/Desktop/Unreal Projects/PoopRun2/Poop/Saved/Config/Windows/Scalability.ini]
[2020.02.26-21.32.29:127][  0]LogConfig: Setting CVar [[r.TranslucencyLightingVolumeDim:32]]
[2020.02.26-21.32.29:127][  0]LogConfig: Setting CVar [[r.RefractionQuality:0]]
[2020.02.26-21.32.29:127][  0]LogConfig: Setting CVar [[r.SSR.Quality:0]]
[2020.02.26-21.32.29:127][  0]LogConfig: Setting CVar [[r.SceneColorFormat:3]]
[2020.02.26-21.32.29:127][  0]LogConfig: Setting CVar [[r.DetailMode:1]]
[2020.02.26-21.32.29:127][  0]LogConfig: Setting CVar [[r.TranslucencyVolumeBlur:0]]
[2020.02.26-21.32.29:127][  0]LogConfig: Setting CVar [[r.MaterialQualityLevel:2 ; Medium quality]]
[2020.02.26-21.32.29:127][  0]LogConfig: Setting CVar [[r.SSS.Scale:0.75]]
[2020.02.26-21.32.29:127][  0]LogConfig: Setting CVar [[r.SSS.SampleSet:0]]
[2020.02.26-21.32.29:127][  0]LogConfig: Setting CVar [[r.SSS.Quality:0]]
[2020.02.26-21.32.29:127][  0]LogConfig: Setting CVar [[r.SSS.HalfRes:1]]
[2020.02.26-21.32.29:127][  0]LogConfig: Setting CVar [[r.EmitterSpawnRateScale:0.25]]
[2020.02.26-21.32.29:127][  0]LogConfig: Setting CVar [[r.ParticleLightQuality:0]]
[2020.02.26-21.32.29:127][  0]LogConfig: Applying CVar settings from Section [FoliageQuality@1] File [C:/Users/Hans Schaa/Desktop/Unreal Projects/PoopRun2/Poop/Saved/Config/Windows/Scalability.ini]
[2020.02.26-21.32.29:127][  0]LogConfig: Setting CVar [[foliage.DensityScale:0.4]]
[2020.02.26-21.32.29:127][  0]LogConfig: Setting CVar [[grass.DensityScale:0.4]]
[2020.02.26-21.32.29:127][  0]LogConfig: Applying CVar settings from Section [Startup] File [../../../Engine/Config/ConsoleVariables.ini]
[2020.02.26-21.32.29:127][  0]LogConfig: Setting CVar [[net.UseAdaptiveNetUpdateFrequency:0]]
[2020.02.26-21.32.29:127][  0]LogConfig: Setting CVar [[p.chaos.AllowCreatePhysxBodies:1]]
[2020.02.26-21.32.29:127][  0]LogConfig: Applying CVar settings from Section [ConsoleVariables] File [C:/Users/Hans Schaa/Desktop/Unreal Projects/PoopRun2/Poop/Saved/Config/Windows/Engine.ini]
[2020.02.26-21.32.29:127][  0]LogInit: Computer: LAPTOP-DDAKJICU
[2020.02.26-21.32.29:127][  0]LogInit: User: HansSchaa
[2020.02.26-21.32.29:127][  0]LogInit: CPU Page size=4096, Cores=4
[2020.02.26-21.32.29:127][  0]LogInit: High frequency timer resolution =10.000000 MHz
[2020.02.26-21.32.29:127][  0]LogMemory: Memory total: Physical=23.9GB (24GB approx)
[2020.02.26-21.32.29:127][  0]LogMemory: Platform Memory Stats for Windows
[2020.02.26-21.32.29:127][  0]LogMemory: Process Physical Memory: 101.88 MB used, 101.89 MB peak
[2020.02.26-21.32.29:127][  0]LogMemory: Process Virtual Memory: 99.02 MB used, 99.02 MB peak
[2020.02.26-21.32.29:128][  0]LogMemory: Physical Memory: 4971.80 MB used,  19484.50 MB free, 24456.30 MB total
[2020.02.26-21.32.29:128][  0]LogMemory: Virtual Memory: 4667.74 MB used,  134213064.00 MB free, 134217728.00 MB total
[2020.02.26-21.32.29:163][  0]LogWindows: WindowsPlatformFeatures enabled
[2020.02.26-21.32.29:186][  0]LogInit: Overriding language with editor language configuration option (en).
[2020.02.26-21.32.29:186][  0]LogInit: Overriding locale with editor locale configuration option (en).
[2020.02.26-21.32.29:329][  0]LogInit: Setting process to per monitor DPI aware
[2020.02.26-21.32.29:361][  0]LogSlate: New Slate User Created.  User Index 0, Is Virtual User: 0
[2020.02.26-21.32.29:361][  0]LogSlate: Slate User Registered.  User Index 0, Is Virtual User: 0
[2020.02.26-21.32.29:533][  0]LogHMD: Failed to initialize OpenVR with code 110
[2020.02.26-21.32.29:533][  0]LogD3D11RHI: D3D11 adapters:
[2020.02.26-21.32.29:602][  0]LogD3D11RHI:    0. 'NVIDIA GeForce GTX 1050 Ti' (Feature Level 11_0)
[2020.02.26-21.32.29:602][  0]LogD3D11RHI:       4018/0/12228 MB DedicatedVideo/DedicatedSystem/SharedSystem, Outputs:1, VendorId:0x10de
[2020.02.26-21.32.29:612][  0]LogD3D11RHI:    1. 'Intel(R) UHD Graphics 630' (Feature Level 11_0)
[2020.02.26-21.32.29:612][  0]LogD3D11RHI:       128/0/12228 MB DedicatedVideo/DedicatedSystem/SharedSystem, Outputs:0, VendorId:0x8086
[2020.02.26-21.32.29:615][  0]LogD3D11RHI:    2. 'Microsoft Basic Render Driver' (Feature Level 11_0)
[2020.02.26-21.32.29:615][  0]LogD3D11RHI:       0/0/12228 MB DedicatedVideo/DedicatedSystem/SharedSystem, Outputs:0, VendorId:0x1414
[2020.02.26-21.32.29:615][  0]LogD3D11RHI: Chosen D3D11 Adapter: 0
[2020.02.26-21.32.29:641][  0]LogD3D11RHI: Creating new Direct3DDevice
[2020.02.26-21.32.29:641][  0]LogD3D11RHI:     GPU DeviceId: 0x1c8c (for the marketing name, search the web for "GPU Device Id")
[2020.02.26-21.32.29:641][  0]LogWindows: EnumDisplayDevices:
[2020.02.26-21.32.29:642][  0]LogWindows:    0. 'Intel(R) UHD Graphics 630' (P:1 D:1)
[2020.02.26-21.32.29:642][  0]LogWindows:    1. 'Intel(R) UHD Graphics 630' (P:0 D:0)
[2020.02.26-21.32.29:642][  0]LogWindows:    2. 'Intel(R) UHD Graphics 630' (P:0 D:0)
[2020.02.26-21.32.29:642][  0]LogWindows:    3. 'NVIDIA GeForce GTX 1050 Ti' (P:0 D:0)
[2020.02.26-21.32.29:642][  0]LogWindows:    4. 'NVIDIA GeForce GTX 1050 Ti' (P:0 D:0)
[2020.02.26-21.32.29:643][  0]LogWindows:    5. 'NVIDIA GeForce GTX 1050 Ti' (P:0 D:0)
[2020.02.26-21.32.29:643][  0]LogWindows:    6. 'NVIDIA GeForce GTX 1050 Ti' (P:0 D:0)
[2020.02.26-21.32.29:643][  0]LogWindows: DebugString: PrimaryIsNotTheChoosenAdapter PrimaryIsNotTheChoosenAdapter PrimaryIsNotTheChoosenAdapter FoundDriverCount:4 
[2020.02.26-21.32.29:643][  0]LogD3D11RHI:     Adapter Name: NVIDIA GeForce GTX 1050 Ti
[2020.02.26-21.32.29:643][  0]LogD3D11RHI:   Driver Version: 398.82 (internal:24.21.13.9882, unified:398.82)
[2020.02.26-21.32.29:643][  0]LogD3D11RHI:      Driver Date: 7-30-2018
[2020.02.26-21.32.29:643][  0]LogRHI: Texture pool is 2812 MB (70% of 4018 MB)
[2020.02.26-21.32.29:674][  0]LogD3D11RHI: Async texture creation enabled
[2020.02.26-21.32.29:691][  0]LogD3D11RHI: GPU Timing Frequency: 1000.000000 (Debug: 2 2)
[2020.02.26-21.32.30:093][  0]LogTemp: Display: Module 'AllDesktopTargetPlatform' loaded TargetPlatform 'AllDesktop'
[2020.02.26-21.32.30:101][  0]LogTemp: Display: Module 'MacClientTargetPlatform' loaded TargetPlatform 'MacClient'
[2020.02.26-21.32.30:109][  0]LogTemp: Display: Module 'MacNoEditorTargetPlatform' loaded TargetPlatform 'MacNoEditor'
[2020.02.26-21.32.30:116][  0]LogTemp: Display: Module 'MacServerTargetPlatform' loaded TargetPlatform 'MacServer'
[2020.02.26-21.32.30:124][  0]LogTemp: Display: Module 'MacTargetPlatform' loaded TargetPlatform 'Mac'
[2020.02.26-21.32.30:132][  0]LogTemp: Display: Module 'WindowsClientTargetPlatform' loaded TargetPlatform 'WindowsClient'
[2020.02.26-21.32.30:140][  0]LogTemp: Display: Module 'WindowsNoEditorTargetPlatform' loaded TargetPlatform 'WindowsNoEditor'
[2020.02.26-21.32.30:147][  0]LogTemp: Display: Module 'WindowsServerTargetPlatform' loaded TargetPlatform 'WindowsServer'
[2020.02.26-21.32.30:151][  0]LogTemp: Display: Module 'WindowsTargetPlatform' loaded TargetPlatform 'Windows'
[2020.02.26-21.32.30:179][  0]LogTemp: Display: Module 'AndroidTargetPlatform' loaded TargetPlatform 'Android'
[2020.02.26-21.32.30:179][  0]LogTemp: Display: Module 'AndroidTargetPlatform' loaded TargetPlatform 'Android_ASTC'
[2020.02.26-21.32.30:179][  0]LogTemp: Display: Module 'AndroidTargetPlatform' loaded TargetPlatform 'Android_ATC'
[2020.02.26-21.32.30:179][  0]LogTemp: Display: Module 'AndroidTargetPlatform' loaded TargetPlatform 'Android_DXT'
[2020.02.26-21.32.30:179][  0]LogTemp: Display: Module 'AndroidTargetPlatform' loaded TargetPlatform 'Android_ETC1'
[2020.02.26-21.32.30:179][  0]LogTemp: Display: Module 'AndroidTargetPlatform' loaded TargetPlatform 'Android_ETC1a'
[2020.02.26-21.32.30:179][  0]LogTemp: Display: Module 'AndroidTargetPlatform' loaded TargetPlatform 'Android_ETC2'
[2020.02.26-21.32.30:179][  0]LogTemp: Display: Module 'AndroidTargetPlatform' loaded TargetPlatform 'Android_PVRTC'
[2020.02.26-21.32.30:179][  0]LogTemp: Display: Module 'AndroidTargetPlatform' loaded TargetPlatform 'AndroidClient'
[2020.02.26-21.32.30:179][  0]LogTemp: Display: Module 'AndroidTargetPlatform' loaded TargetPlatform 'Android_ASTCClient'
[2020.02.26-21.32.30:179][  0]LogTemp: Display: Module 'AndroidTargetPlatform' loaded TargetPlatform 'Android_ATCClient'
[2020.02.26-21.32.30:179][  0]LogTemp: Display: Module 'AndroidTargetPlatform' loaded TargetPlatform 'Android_DXTClient'
[2020.02.26-21.32.30:179][  0]LogTemp: Display: Module 'AndroidTargetPlatform' loaded TargetPlatform 'Android_ETC1Client'
[2020.02.26-21.32.30:179][  0]LogTemp: Display: Module 'AndroidTargetPlatform' loaded TargetPlatform 'Android_ETC1aClient'
[2020.02.26-21.32.30:179][  0]LogTemp: Display: Module 'AndroidTargetPlatform' loaded TargetPlatform 'Android_ETC2Client'
[2020.02.26-21.32.30:179][  0]LogTemp: Display: Module 'AndroidTargetPlatform' loaded TargetPlatform 'Android_PVRTCClient'
[2020.02.26-21.32.30:179][  0]LogTemp: Display: Module 'AndroidTargetPlatform' loaded TargetPlatform 'Android_Multi'
[2020.02.26-21.32.30:179][  0]LogTemp: Display: Module 'AndroidTargetPlatform' loaded TargetPlatform 'Android_MultiClient'
[2020.02.26-21.32.30:181][  0]LogTemp: Display: Module 'HTML5TargetPlatform' loaded TargetPlatform 'HTML5'
[2020.02.26-21.32.30:200][  0]LogTemp: Display: Module 'IOSTargetPlatform' loaded TargetPlatform 'IOSClient'
[2020.02.26-21.32.30:200][  0]LogTemp: Display: Module 'IOSTargetPlatform' loaded TargetPlatform 'IOS'
[2020.02.26-21.32.30:212][  0]LogTemp: Display: Module 'TVOSTargetPlatform' loaded TargetPlatform 'TVOSClient'
[2020.02.26-21.32.30:212][  0]LogTemp: Display: Module 'TVOSTargetPlatform' loaded TargetPlatform 'TVOS'
[2020.02.26-21.32.30:218][  0]LogTemp: Display: Module 'LinuxClientTargetPlatform' loaded TargetPlatform 'LinuxClient'
[2020.02.26-21.32.30:226][  0]LogTemp: Display: Module 'LinuxNoEditorTargetPlatform' loaded TargetPlatform 'LinuxNoEditor'
[2020.02.26-21.32.30:233][  0]LogTemp: Display: Module 'LinuxServerTargetPlatform' loaded TargetPlatform 'LinuxServer'
[2020.02.26-21.32.30:239][  0]LogTemp: Display: Module 'LinuxTargetPlatform' loaded TargetPlatform 'Linux'
[2020.02.26-21.32.30:260][  0]LogTemp: Display: Module 'LuminTargetPlatform' loaded TargetPlatform 'Lumin'
[2020.02.26-21.32.30:260][  0]LogTemp: Display: Module 'LuminTargetPlatform' loaded TargetPlatform 'LuminClient'
[2020.02.26-21.32.30:261][  0]LogTargetPlatformManager: Display: Building Assets For Windows
[2020.02.26-21.32.30:268][  0]LogAudioDebug: Display: Lib vorbis DLL was dynamically loaded.
[2020.02.26-21.32.30:321][  0]LogShaderCompilers: Guid format shader working directory is -21 characters bigger than the processId version (../../../../../../Users/Hans Schaa/Desktop/Unreal Projects/PoopRun2/Poop/Intermediate/Shaders/WorkingDirectory/3580/).
[2020.02.26-21.32.30:321][  0]LogShaderCompilers: Cleaned the shader compiler working directory 'C:/Users/Hans Schaa/AppData/Local/Temp/UnrealShaderWorkingDir/C7E247A1428BFCF088CEAA8E7918DA1A/'.
[2020.02.26-21.32.30:323][  0]LogXGEController: Cannot use XGE Controller as Incredibuild is not installed on this machine.
[2020.02.26-21.32.30:323][  0]LogShaderCompilers: Cannot use XGE Shader Compiler as Incredibuild is not installed on this machine.
[2020.02.26-21.32.30:323][  0]LogShaderCompilers: Display: Using Local Shader Compiler.
[2020.02.26-21.32.30:860][  0]LogDerivedDataCache: Display: Max Cache Size: 512 MB
[2020.02.26-21.32.30:904][  0]LogDerivedDataCache: Loaded boot cache 0.04s 73MB C:/Users/Hans Schaa/AppData/Local/UnrealEngine/4.23/DerivedDataCache/Boot.ddc.
[2020.02.26-21.32.30:904][  0]LogDerivedDataCache: Display: Loaded Boot cache: C:/Users/Hans Schaa/AppData/Local/UnrealEngine/4.23/DerivedDataCache/Boot.ddc
[2020.02.26-21.32.30:904][  0]LogDerivedDataCache: FDerivedDataBackendGraph:  Pak pak cache file ../../../../../../Users/Hans Schaa/Desktop/Unreal Projects/PoopRun2/Poop/DerivedDataCache/DDC.ddp not found, will not use a pak cache.
[2020.02.26-21.32.30:904][  0]LogDerivedDataCache: Unable to find inner node Pak for hierarchical cache Hierarchy.
[2020.02.26-21.32.30:904][  0]LogDerivedDataCache: FDerivedDataBackendGraph:  CompressedPak pak cache file ../../../../../../Users/Hans Schaa/Desktop/Unreal Projects/PoopRun2/Poop/DerivedDataCache/Compressed.ddp not found, will not use a pak cache.
[2020.02.26-21.32.30:904][  0]LogDerivedDataCache: Unable to find inner node CompressedPak for hierarchical cache Hierarchy.
[2020.02.26-21.32.30:914][  0]LogDerivedDataCache: Display: Pak cache opened for reading ../../../Engine/DerivedDataCache/Compressed.ddp.
[2020.02.26-21.32.30:914][  0]LogDerivedDataCache: FDerivedDataBackendGraph:  EnterprisePak pak cache file ../../../Enterprise/DerivedDataCache/Compressed.ddp not found, will not use a pak cache.
[2020.02.26-21.32.30:914][  0]LogDerivedDataCache: Unable to find inner node EnterprisePak for hierarchical cache Hierarchy.
[2020.02.26-21.32.30:915][  0]LogDerivedDataCache: Using Local data cache path C:/Users/Hans Schaa/AppData/Local/UnrealEngine/Common/DerivedDataCache: Writable
[2020.02.26-21.32.30:915][  0]LogDerivedDataCache: Shared data cache path not found in *engine.ini, will not use an Shared cache.
[2020.02.26-21.32.30:915][  0]LogDerivedDataCache: Unable to find inner node Shared for hierarchical cache Hierarchy.
[2020.02.26-21.32.30:934][  0]LogMaterial: Verifying Global Shaders for PCD3D_SM5
[2020.02.26-21.32.30:936][  0]LogSlate: Using FreeType 2.6.0
[2020.02.26-21.32.30:937][  0]LogSlate: SlateFontServices - WITH_FREETYPE: 1, WITH_HARFBUZZ: 1
[2020.02.26-21.32.30:988][  0]LogAssetRegistry: FAssetRegistry took 0.0021 seconds to start up
[2020.02.26-21.32.31:231][  0]LogInit: Selected Device Profile: [Windows]
[2020.02.26-21.32.31:356][  0]LogMeshReduction: Using QuadricMeshReduction for automatic static mesh reduction
[2020.02.26-21.32.31:356][  0]LogMeshReduction: Using SimplygonMeshReduction for automatic skeletal mesh reduction
[2020.02.26-21.32.31:356][  0]LogMeshReduction: Using ProxyLODMeshReduction for automatic mesh merging
[2020.02.26-21.32.31:357][  0]LogMeshReduction: No distributed automatic mesh merging module available
[2020.02.26-21.32.31:357][  0]LogMeshMerging: No distributed automatic mesh merging module available
[2020.02.26-21.32.31:365][  0]LogNetVersion: Poop 1.0.0, NetCL: 8386587, EngineNetVer: 11, GameNetVer: 0 (Checksum: 1090324639)
[2020.02.26-21.32.31:701][  0]LogPackageLocalizationCache: Processed 12 localized package path(s) for 1 prioritized culture(s) in 0.044285 seconds
[2020.02.26-21.32.31:707][  0]LogUObjectArray: 43444 objects as part of root set at end of initial load.
[2020.02.26-21.32.31:707][  0]LogUObjectAllocator: 7548648 out of 0 bytes used by permanent object pool.
[2020.02.26-21.32.31:707][  0]LogUObjectArray: CloseDisregardForGC: 0/0 objects in disregard for GC pool
[2020.02.26-21.32.32:449][  0]LogTcpMessaging: Initializing TcpMessaging bridge
[2020.02.26-21.32.32:451][  0]LogUdpMessaging: Initializing bridge on interface 0.0.0.0:0 to multicast group 230.0.0.1:6666.
[2020.02.26-21.32.32:494][  0]SourceControl: Source control is disabled
[2020.02.26-21.32.32:494][  0]SourceControl: Source control is disabled
[2020.02.26-21.32.32:495][  0]SourceControl: Source control is disabled
[2020.02.26-21.32.32:496][  0]SourceControl: Source control is disabled
[2020.02.26-21.32.32:566][  0]LogAndroidPermission: UAndroidPermissionCallbackProxy::GetInstance
[2020.02.26-21.32.32:657][  0]LogOcInput: OculusInput pre-init called
[2020.02.26-21.32.32:663][  0]LogWindows: Failed to load 'OVRPlugin.dll' (GetLastError=126)
[2020.02.26-21.32.32:663][  0]LogWindows: File 'OVRPlugin.dll' does not exist
[2020.02.26-21.32.32:721][  0]LogEngine: Initializing Engine...
[2020.02.26-21.32.32:721][  0]LogHMD: Failed to initialize OpenVR with code 110
[2020.02.26-21.32.32:722][  0]LogStats: UGameplayTagsManager::InitializeManager -  0.000 s
[2020.02.26-21.32.32:912][  0]LogInit: Initializing FReadOnlyCVARCache
[2020.02.26-21.32.32:929][  0]LogAIModule: Creating AISystem for world Untitled
[2020.02.26-21.32.32:943][  0]LogInit: XAudio2 using 'Altavoces (Realtek(R) Audio)' : 2 channels at 48 kHz using 32 bits per sample (channel mask 0x3)
[2020.02.26-21.32.33:008][  0]LogInit: FAudioDevice initialized.
[2020.02.26-21.32.33:008][  0]LogNetVersion: Set ProjectVersion to 1.0.0.0. Version Checksum will be recalculated on next use.
[2020.02.26-21.32.33:266][  0]LogDerivedDataCache: Saved boot cache 0.26s 73MB C:/Users/Hans Schaa/AppData/Local/UnrealEngine/4.23/DerivedDataCache/Boot.ddc.
[2020.02.26-21.32.33:272][  0]LogInit: Texture streaming: Enabled
[2020.02.26-21.32.33:288][  0]LogEngineSessionManager: EngineSessionManager initialized
[2020.02.26-21.32.33:343][  0]LogInit: Transaction tracking system initialized
[2020.02.26-21.32.33:377][  0]BlueprintLog: New page: Editor Load
[2020.02.26-21.32.33:454][  0]LocalizationService: Localization service is disabled
[2020.02.26-21.32.34:141][  0]LogFileCache: Scanning file cache for directory 'C:/Users/Hans Schaa/Desktop/Unreal Projects/PoopRun2/Poop/Content/' took 0.01s
[2020.02.26-21.32.34:141][  0]LogCook: Display: Max memory allowance for cook 16384mb min free memory 0mb
[2020.02.26-21.32.34:141][  0]LogCook: Display: Mobile HDR setting 1
[2020.02.26-21.32.34:305][  0]SourceControl: Source control is disabled
[2020.02.26-21.32.34:305][  0]Cmd: MAP LOAD FILE="../../../../../../Users/Hans Schaa/Desktop/Unreal Projects/PoopRun2/Poop/Content/ThirdPersonBP/Maps/ThirdPersonExampleMap.umap" TEMPLATE=0 SHOWPROGRESS=1 FEATURELEVEL=3
[2020.02.26-21.32.34:405][  0]LightingResults: New page: Lighting Build
[2020.02.26-21.32.34:408][  0]LogWorld: UWorld::CleanupWorld for Untitled, bSessionEnded=true, bCleanupResources=true
[2020.02.26-21.32.34:408][  0]MapCheck: New page: Map Check
[2020.02.26-21.32.34:408][  0]LightingResults: New page: Lighting Build
[2020.02.26-21.32.34:430][  0]LogUObjectHash: Compacting FUObjectHashTables data took   1.45ms
[2020.02.26-21.32.36:138][  0]LogAIModule: Creating AISystem for world ThirdPersonExampleMap
[2020.02.26-21.32.36:143][  0]LogEditorServer: Finished looking for orphan Actors (0.000 secs)
[2020.02.26-21.32.36:165][  0]LogUObjectHash: Compacting FUObjectHashTables data took   1.95ms
[2020.02.26-21.32.36:165][  0]Cmd: MAP CHECKDEP NOCLEARLOG
[2020.02.26-21.32.36:165][  0]MapCheck: Map check complete: 0 Error(s), 0 Warning(s), took 0.133ms to complete.
[2020.02.26-21.32.36:165][  0]LogFileHelpers: Loading map 'ThirdPersonExampleMap' took 1.860
[2020.02.26-21.32.36:414][  0]LogSlate: Updating window title bar state: overlay mode, drag disabled, window buttons hidden, title bar hidden
[2020.02.26-21.32.36:420][  0]LogSlate: Updating window title bar state: overlay mode, drag disabled, window buttons hidden, title bar hidden
[2020.02.26-21.32.36:428][  0]LogSlate: Updating window title bar state: overlay mode, drag disabled, window buttons hidden, title bar hidden
[2020.02.26-21.32.36:434][  0]LogSlate: Updating window title bar state: overlay mode, drag disabled, window buttons hidden, title bar hidden
[2020.02.26-21.32.36:446][  0]LogCollectionManager: Loaded 0 collections in 0.001986 seconds
[2020.02.26-21.32.36:546][  0]LogFileCache: Scanning file cache for directory 'C:/Users/Hans Schaa/Desktop/Unreal Projects/PoopRun2/Poop/Saved/Collections/' took 0.00s
[2020.02.26-21.32.36:546][  0]LogFileCache: Scanning file cache for directory 'C:/Users/Hans Schaa/Desktop/Unreal Projects/PoopRun2/Poop/Content/Developers/HansSchaa/Collections/' took 0.00s
[2020.02.26-21.32.36:546][  0]LogFileCache: Scanning file cache for directory 'C:/Users/Hans Schaa/Desktop/Unreal Projects/PoopRun2/Poop/Content/Collections/' took 0.00s
[2020.02.26-21.32.36:546][  0]LogCollectionManager: Rebuilt the GUID cache for 0 collections in 0.000002 seconds
[2020.02.26-21.32.36:554][  0]LogContentBrowser: Native class hierarchy populated in 0.0072 seconds. Added 2863 classes and 680 folders.
[2020.02.26-21.32.36:565][  0]LogContentBrowser: Native class hierarchy updated for 'WidgetCarousel' in 0.0002 seconds. Added 0 classes and 0 folders.
[2020.02.26-21.32.43:501][  0]LogContentBrowser: Native class hierarchy updated for 'AddContentDialog' in 0.0002 seconds. Added 0 classes and 0 folders.
[2020.02.26-21.32.43:522][  0]LogContentBrowser: Native class hierarchy updated for 'WorldBrowser' in 0.0002 seconds. Added 2 classes and 3 folders.
[2020.02.26-21.32.43:669][  0]LogContentBrowser: Native class hierarchy updated for 'SceneOutliner' in 0.0002 seconds. Added 1 classes and 2 folders.
[2020.02.26-21.32.44:075][  0]LogSlate: Took 0.000153 seconds to synchronously load lazily loaded font '../../../Engine/Content/Slate/Fonts/Roboto-Regular.ttf' (155K)
[2020.02.26-21.32.44:077][  0]LogSlate: Took 0.000147 seconds to synchronously load lazily loaded font '../../../Engine/Content/Slate/Fonts/Roboto-Bold.ttf' (160K)
[2020.02.26-21.32.44:104][  0]LogSlate: Took 0.020366 seconds to synchronously load lazily loaded font '../../../Engine/Content/Editor/Slate/Fonts/FontAwesome.ttf' (139K)
[2020.02.26-21.32.44:302][  0]LogRenderer: Reallocating scene render targets to support 844x400 Format 9 NumSamples 1 (Frame:1).
[2020.02.26-21.32.44:429][  0]LogContentBrowser: Native class hierarchy updated for 'HierarchicalLODOutliner' in 0.0003 seconds. Added 0 classes and 0 folders.
[2020.02.26-21.32.44:429][  0]LogLoad: (Engine Initialization) Total time: 16.36 seconds
[2020.02.26-21.32.44:429][  0]LogLoad: (Engine Initialization) Total Blueprint compile time: 0.00 seconds
[2020.02.26-21.32.44:862][  0]LogContentStreaming: Texture pool size now 600 MB
[2020.02.26-21.32.44:902][  0]LogSlate: Took 0.032792 seconds to synchronously load lazily loaded font '../../../Engine/Content/Slate/Fonts/Roboto-Light.ttf' (167K)
[2020.02.26-21.32.45:201][  3]LogAssetRegistry: Asset discovery search completed in 14.2140 seconds
[2020.02.26-21.32.45:204][  3]LogCollectionManager: Rebuilt the object cache for 0 collections in 0.000004 seconds (found 0 objects)
[2020.02.26-21.32.45:204][  3]LogCollectionManager: Fixed up redirectors for 0 collections in 0.000084 seconds (updated 0 objects)
[2020.02.26-21.32.59:833][230]LogSlate: FSceneViewport::OnFocusLost() reason 0
[2020.02.26-21.33.01:909][256]LogSlate: Took 0.000191 seconds to synchronously load lazily loaded font '../../../Engine/Content/Slate/Fonts/Roboto-Light.ttf' (167K)
[2020.02.26-21.33.04:796][256]LogAIModule: Creating AISystem for world Lvel0
[2020.02.26-21.33.05:044][256]LogAssetEditorManager: Opening Asset editor for World /Game/_Levels/Lvel0.Lvel0
[2020.02.26-21.33.05:092][256]LogUObjectHash: Compacting FUObjectHashTables data took   1.78ms
[2020.02.26-21.33.05:093][256]Cmd: MAP LOAD FILE="../../../../../../Users/Hans Schaa/Desktop/Unreal Projects/PoopRun2/Poop/Content/_Levels/Lvel0.umap" TEMPLATE=0 SHOWPROGRESS=1 FEATURELEVEL=3
[2020.02.26-21.33.05:093][256]LightingResults: New page: Lighting Build
[2020.02.26-21.33.05:093][256]LoadErrors: New page: Loading map: Lvel0.umap
[2020.02.26-21.33.05:094][256]LogWorld: UWorld::CleanupWorld for ThirdPersonExampleMap, bSessionEnded=true, bCleanupResources=true
[2020.02.26-21.33.05:103][256]MapCheck: New page: Map Check
[2020.02.26-21.33.05:103][256]LightingResults: New page: Lighting Build
[2020.02.26-21.33.05:123][256]LogUObjectHash: Compacting FUObjectHashTables data took   1.87ms
[2020.02.26-21.33.05:196][256]LogEditorServer: Finished looking for orphan Actors (0.000 secs)
[2020.02.26-21.33.05:220][256]LogUObjectHash: Compacting FUObjectHashTables data took   1.30ms
[2020.02.26-21.33.05:248][256]Cmd: MAP CHECKDEP NOCLEARLOG
[2020.02.26-21.33.05:248][256]MapCheck: Map check complete: 0 Error(s), 0 Warning(s), took 0.103ms to complete.
[2020.02.26-21.33.05:248][256]LogFileHelpers: Loading map 'Lvel0' took 0.156
[2020.02.26-21.33.15:254][464]LogAssetEditorManager: Opening Asset editor for Blueprint /Game/ThirdPersonBP/Blueprints/ThirdPersonCharacter.ThirdPersonCharacter
[2020.02.26-21.33.17:704][464]LogContentBrowser: Native class hierarchy updated for 'BlueprintGraph' in 0.0005 seconds. Added 121 classes and 0 folders.
[2020.02.26-21.33.21:325][464]LogSlate: Took 0.101370 seconds to synchronously load lazily loaded font '../../../Engine/Content/Slate/Fonts/Roboto-BoldCondensed.ttf' (158K)
[2020.02.26-21.33.21:806][465]LogSlate: Took 0.055677 seconds to synchronously load lazily loaded font '../../../Engine/Content/Slate/Fonts/Roboto-Italic.ttf' (157K)
[2020.02.26-21.33.32:312][610]LogAssetEditorManager: Opening Asset editor for Blueprint /Game/ThirdPersonBP/Blueprints/BPMyGameState.BPMyGameState
[2020.02.26-21.35.55:290][556]BlueprintLog: New page: Compile BPMyGameState
[2020.02.26-21.35.55:781][556]LogUObjectHash: Compacting FUObjectHashTables data took   2.96ms
[2020.02.26-21.42.41:096][ 66]LogSlate: Took 0.008499 seconds to synchronously load lazily loaded font '../../../Engine/Content/Slate/Fonts/Roboto-BoldCondensedItalic.ttf' (160K)
[2020.02.26-21.42.44:239][ 98]BlueprintLog: New page: Compile BPMyGameState
[2020.02.26-21.42.44:415][ 98]LogUObjectHash: Compacting FUObjectHashTables data took   3.13ms
[2020.02.26-21.43.30:157][399]LogUObjectHash: Compacting FUObjectHashTables data took   4.98ms
[2020.02.26-21.43.30:157][399]LogFileHelpers: Editor autosave (incl. sublevels) for '/Game/_Levels/Lvel0' took 0.052
[2020.02.26-21.43.32:244][399]OBJ SavePackage: Generating thumbnails for [0] asset(s) in package [/Game/ThirdPersonBP/Blueprints/BPMyGameState] ([1] browsable assets)...
[2020.02.26-21.43.32:245][399]OBJ SavePackage: Finished generating thumbnails for package [/Game/ThirdPersonBP/Blueprints/BPMyGameState]
[2020.02.26-21.43.34:596][399]LogSavePackage: Moving '../../../../../../Users/Hans Schaa/Desktop/Unreal Projects/PoopRun2/Poop/Saved/BPMyGameState_Auto1B5EF89F54A57DD4AD446E59EFD2FD97E.tmp' to '../../../../../../Users/Hans Schaa/Desktop/Unreal Projects/PoopRun2/Poop/Saved/Autosaves/Game/ThirdPersonBP/Blueprints/BPMyGameState_Auto1.uasset'
[2020.02.26-21.43.34:624][399]LogFileHelpers: Auto-saving content packages took 4.466
[2020.02.26-21.53.34:898][738]LogUObjectHash: Compacting FUObjectHashTables data took   2.02ms
[2020.02.26-21.53.34:899][738]LogFileHelpers: Editor autosave (incl. sublevels) for '/Game/_Levels/Lvel0' took 0.033
[2020.02.26-21.53.34:932][738]OBJ SavePackage: Generating thumbnails for [0] asset(s) in package [/Game/ThirdPersonBP/Blueprints/BPMyGameState] ([1] browsable assets)...
[2020.02.26-21.53.34:932][738]OBJ SavePackage: Finished generating thumbnails for package [/Game/ThirdPersonBP/Blueprints/BPMyGameState]
[2020.02.26-21.53.34:991][738]LogSavePackage: Moving '../../../../../../Users/Hans Schaa/Desktop/Unreal Projects/PoopRun2/Poop/Saved/BPMyGameState_Auto2D95784824429579438159FA8DD733F59.tmp' to '../../../../../../Users/Hans Schaa/Desktop/Unreal Projects/PoopRun2/Poop/Saved/Autosaves/Game/ThirdPersonBP/Blueprints/BPMyGameState_Auto2.uasset'
[2020.02.26-21.53.34:992][738]LogFileHelpers: Auto-saving content packages took 0.061
[2020.02.26-22.01.38:779][481]BlueprintLog: New page: Compile BPMyGameState
[2020.02.26-22.01.38:941][481]LogUObjectHash: Compacting FUObjectHashTables data took   2.70ms
[2020.02.26-22.01.40:032][491]LogSavePackage: Moving '../../../../../../Users/Hans Schaa/Desktop/Unreal Projects/PoopRun2/Poop/Saved/BPMyGameStateDBBF420249755A0B2C4D34BFAE70A0EB.tmp' to '../../../../../../Users/Hans Schaa/Desktop/Unreal Projects/PoopRun2/Poop/Content/ThirdPersonBP/Blueprints/BPMyGameState.uasset'
[2020.02.26-22.01.42:676][532]LogTemp: Repeating last play command: Selected Viewport
[2020.02.26-22.01.42:762][532]LogBlueprintUserMessages: Early PlayInEditor Detection: Level '/Game/_Levels/Lvel0.Lvel0:PersistentLevel' has LevelScriptBlueprint '/Game/_Levels/Lvel0.Lvel0:PersistentLevel.Lvel0' with GeneratedClass '/Game/_Levels/Lvel0.Lvel0_C' with ClassGeneratedBy '/Game/_Levels/Lvel0.Lvel0:PersistentLevel.Lvel0'
[2020.02.26-22.01.42:762][532]LogPlayLevel: PlayLevel: No blueprints needed recompiling
[2020.02.26-22.01.42:771][532]PIE: New page: PIE session: Lvel0 (Feb 26, 2020, 4:01:42 PM)
[2020.02.26-22.01.42:773][532]LogOnline: OSS: Creating online subsystem instance for: NULL
[2020.02.26-22.01.42:773][532]LogPlayLevel: Creating play world package: /Game/_Levels/UEDPIE_0_Lvel0
[2020.02.26-22.01.42:778][532]LogPlayLevel: PIE: StaticDuplicateObject took: (0.004582s)
[2020.02.26-22.01.42:779][532]LogAIModule: Creating AISystem for world Lvel0
[2020.02.26-22.01.42:779][532]LogPlayLevel: PIE: World Init took: (0.001009s)
[2020.02.26-22.01.42:779][532]LogPlayLevel: PIE: Created PIE world by copying editor world from /Game/_Levels/Lvel0.Lvel0 to /Game/_Levels/UEDPIE_0_Lvel0.Lvel0 (0.005829s)
[2020.02.26-22.01.42:809][532]LogUObjectHash: Compacting FUObjectHashTables data took   2.66ms
[2020.02.26-22.01.42:858][532]LogInit: XAudio2 using 'Altavoces (Realtek(R) Audio)' : 2 channels at 48 kHz using 32 bits per sample (channel mask 0x3)
[2020.02.26-22.01.42:877][532]LogInit: FAudioDevice initialized.
[2020.02.26-22.01.42:890][532]LogLoad: Game class is 'ThirdPersonGameMode_C'
[2020.02.26-22.01.42:910][532]LogWorld: Bringing World /Game/_Levels/UEDPIE_0_Lvel0.Lvel0 up for play (max tick rate 60) at 2020.02.26-19.01.42
[2020.02.26-22.01.42:938][532]LogWorld: Bringing up level for play took: 0.028535
[2020.02.26-22.01.42:938][532]LogOnline: OSS: Creating online subsystem instance for: :Context_4
[2020.02.26-22.01.43:478][532]LogContentBrowser: Native class hierarchy updated for 'MovieSceneCapture' in 0.0003 seconds. Added 20 classes and 0 folders.
[2020.02.26-22.01.43:846][532]LogBlueprintUserMessages: [WBP_InGame_C_0] 0.5
[2020.02.26-22.01.43:982][532]PIE: Play in editor start time for /Game/_Levels/UEDPIE_0_Lvel0 1.782
[2020.02.26-22.01.43:982][532]LogBlueprintUserMessages: Late PlayInEditor Detection: Level '/Game/_Levels/Lvel0.Lvel0:PersistentLevel' has LevelScriptBlueprint '/Game/_Levels/Lvel0.Lvel0:PersistentLevel.Lvel0' with GeneratedClass '/Game/_Levels/Lvel0.Lvel0_C' with ClassGeneratedBy '/Game/_Levels/Lvel0.Lvel0:PersistentLevel.Lvel0'
[2020.02.26-22.01.44:429][533]LogBlueprintUserMessages: [BPMyGameState_C_0] DiscountPoop
[2020.02.26-22.01.44:429][533]LogBlueprintUserMessages: [WBP_InGame_C_0] 0.499
[2020.02.26-22.01.44:435][534]LogBlueprintUserMessages: [BPMyGameState_C_0] DiscountPoop
[2020.02.26-22.01.44:435][534]LogBlueprintUserMessages: [WBP_InGame_C_0] 0.498
[2020.02.26-22.01.44:541][538]LogBlueprintUserMessages: [BPMyGameState_C_0] DiscountPoop
[2020.02.26-22.01.44:541][538]LogBlueprintUserMessages: [WBP_InGame_C_0] 0.497
[2020.02.26-22.01.44:773][545]LogBlueprintUserMessages: [BPMyGameState_C_0] DiscountPoop
[2020.02.26-22.01.44:773][545]LogBlueprintUserMessages: [WBP_InGame_C_0] 0.496
[2020.02.26-22.01.45:040][553]LogBlueprintUserMessages: [BPMyGameState_C_0] DiscountPoop
[2020.02.26-22.01.45:040][553]LogBlueprintUserMessages: [WBP_InGame_C_0] 0.495
[2020.02.26-22.01.45:273][560]LogBlueprintUserMessages: [BPMyGameState_C_0] DiscountPoop
[2020.02.26-22.01.45:273][560]LogBlueprintUserMessages: [WBP_InGame_C_0] 0.494
[2020.02.26-22.01.45:540][568]LogBlueprintUserMessages: [BPMyGameState_C_0] DiscountPoop
[2020.02.26-22.01.45:540][568]LogBlueprintUserMessages: [WBP_InGame_C_0] 0.493
[2020.02.26-22.01.45:773][575]LogBlueprintUserMessages: [BPMyGameState_C_0] DiscountPoop
[2020.02.26-22.01.45:773][575]LogBlueprintUserMessages: [WBP_InGame_C_0] 0.492
[2020.02.26-22.01.46:040][583]LogBlueprintUserMessages: [BPMyGameState_C_0] DiscountPoop
[2020.02.26-22.01.46:040][583]LogBlueprintUserMessages: [WBP_InGame_C_0] 0.491
[2020.02.26-22.01.46:273][590]LogBlueprintUserMessages: [BPMyGameState_C_0] DiscountPoop
[2020.02.26-22.01.46:273][590]LogBlueprintUserMessages: [WBP_InGame_C_0] 0.49
[2020.02.26-22.01.46:540][598]LogBlueprintUserMessages: [BPMyGameState_C_0] DiscountPoop
[2020.02.26-22.01.46:540][598]LogBlueprintUserMessages: [WBP_InGame_C_0] 0.489
[2020.02.26-22.01.46:773][605]LogBlueprintUserMessages: [BPMyGameState_C_0] DiscountPoop
[2020.02.26-22.01.46:773][605]LogBlueprintUserMessages: [WBP_InGame_C_0] 0.488
[2020.02.26-22.01.47:040][613]LogBlueprintUserMessages: [BPMyGameState_C_0] DiscountPoop
[2020.02.26-22.01.47:040][613]LogBlueprintUserMessages: [WBP_InGame_C_0] 0.487
[2020.02.26-22.01.47:274][620]LogBlueprintUserMessages: [BPMyGameState_C_0] DiscountPoop
[2020.02.26-22.01.47:274][620]LogBlueprintUserMessages: [WBP_InGame_C_0] 0.486
[2020.02.26-22.01.47:540][628]LogBlueprintUserMessages: [BPMyGameState_C_0] DiscountPoop
[2020.02.26-22.01.47:540][628]LogBlueprintUserMessages: [WBP_InGame_C_0] 0.485
[2020.02.26-22.01.47:773][635]LogBlueprintUserMessages: [BPMyGameState_C_0] DiscountPoop
[2020.02.26-22.01.47:773][635]LogBlueprintUserMessages: [WBP_InGame_C_0] 0.484
[2020.02.26-22.01.48:039][643]LogBlueprintUserMessages: [BPMyGameState_C_0] DiscountPoop
[2020.02.26-22.01.48:040][643]LogBlueprintUserMessages: [WBP_InGame_C_0] 0.483
[2020.02.26-22.01.48:273][650]LogBlueprintUserMessages: [BPMyGameState_C_0] DiscountPoop
[2020.02.26-22.01.48:273][650]LogBlueprintUserMessages: [WBP_InGame_C_0] 0.482
[2020.02.26-22.01.48:540][658]LogBlueprintUserMessages: [BPMyGameState_C_0] DiscountPoop
[2020.02.26-22.01.48:540][658]LogBlueprintUserMessages: [WBP_InGame_C_0] 0.481
[2020.02.26-22.01.48:773][665]LogBlueprintUserMessages: [BPMyGameState_C_0] DiscountPoop
[2020.02.26-22.01.48:773][665]LogBlueprintUserMessages: [WBP_InGame_C_0] 0.48
[2020.02.26-22.01.49:039][673]LogBlueprintUserMessages: [BPMyGameState_C_0] DiscountPoop
[2020.02.26-22.01.49:040][673]LogBlueprintUserMessages: [WBP_InGame_C_0] 0.479
[2020.02.26-22.01.49:274][680]LogBlueprintUserMessages: [BPMyGameState_C_0] DiscountPoop
[2020.02.26-22.01.49:274][680]LogBlueprintUserMessages: [WBP_InGame_C_0] 0.478
[2020.02.26-22.01.49:539][688]LogBlueprintUserMessages: [BPMyGameState_C_0] DiscountPoop
[2020.02.26-22.01.49:539][688]LogBlueprintUserMessages: [WBP_InGame_C_0] 0.477
[2020.02.26-22.01.49:773][695]LogBlueprintUserMessages: [BPMyGameState_C_0] DiscountPoop
[2020.02.26-22.01.49:773][695]LogBlueprintUserMessages: [WBP_InGame_C_0] 0.476
[2020.02.26-22.01.50:040][703]LogBlueprintUserMessages: [BPMyGameState_C_0] DiscountPoop
[2020.02.26-22.01.50:040][703]LogBlueprintUserMessages: [WBP_InGame_C_0] 0.475
[2020.02.26-22.01.50:273][710]LogBlueprintUserMessages: [BPMyGameState_C_0] DiscountPoop
[2020.02.26-22.01.50:273][710]LogBlueprintUserMessages: [WBP_InGame_C_0] 0.474
[2020.02.26-22.01.50:540][718]LogBlueprintUserMessages: [BPMyGameState_C_0] DiscountPoop
[2020.02.26-22.01.50:540][718]LogBlueprintUserMessages: [WBP_InGame_C_0] 0.473
[2020.02.26-22.01.50:773][725]LogBlueprintUserMessages: [BPMyGameState_C_0] DiscountPoop
[2020.02.26-22.01.50:773][725]LogBlueprintUserMessages: [WBP_InGame_C_0] 0.472
[2020.02.26-22.01.51:040][733]LogBlueprintUserMessages: [BPMyGameState_C_0] DiscountPoop
[2020.02.26-22.01.51:040][733]LogBlueprintUserMessages: [WBP_InGame_C_0] 0.471
[2020.02.26-22.01.51:273][740]LogBlueprintUserMessages: [BPMyGameState_C_0] DiscountPoop
[2020.02.26-22.01.51:273][740]LogBlueprintUserMessages: [WBP_InGame_C_0] 0.47
[2020.02.26-22.01.51:539][748]LogBlueprintUserMessages: [BPMyGameState_C_0] DiscountPoop
[2020.02.26-22.01.51:539][748]LogBlueprintUserMessages: [WBP_InGame_C_0] 0.469
[2020.02.26-22.01.51:773][755]LogBlueprintUserMessages: [BPMyGameState_C_0] DiscountPoop
[2020.02.26-22.01.51:773][755]LogBlueprintUserMessages: [WBP_InGame_C_0] 0.468
[2020.02.26-22.01.52:040][763]LogBlueprintUserMessages: [BPMyGameState_C_0] DiscountPoop
[2020.02.26-22.01.52:040][763]LogBlueprintUserMessages: [WBP_InGame_C_0] 0.467
[2020.02.26-22.01.52:273][770]LogBlueprintUserMessages: [BPMyGameState_C_0] DiscountPoop
[2020.02.26-22.01.52:273][770]LogBlueprintUserMessages: [WBP_InGame_C_0] 0.466
[2020.02.26-22.01.52:539][778]LogBlueprintUserMessages: [BPMyGameState_C_0] DiscountPoop
[2020.02.26-22.01.52:540][778]LogBlueprintUserMessages: [WBP_InGame_C_0] 0.465
[2020.02.26-22.01.52:773][785]LogBlueprintUserMessages: [BPMyGameState_C_0] DiscountPoop
[2020.02.26-22.01.52:773][785]LogBlueprintUserMessages: [WBP_InGame_C_0] 0.464
[2020.02.26-22.01.53:039][793]LogBlueprintUserMessages: [BPMyGameState_C_0] DiscountPoop
[2020.02.26-22.01.53:039][793]LogBlueprintUserMessages: [WBP_InGame_C_0] 0.463
[2020.02.26-22.01.53:273][800]LogBlueprintUserMessages: [BPMyGameState_C_0] DiscountPoop
[2020.02.26-22.01.53:273][800]LogBlueprintUserMessages: [WBP_InGame_C_0] 0.462
[2020.02.26-22.01.53:539][808]LogBlueprintUserMessages: [BPMyGameState_C_0] DiscountPoop
[2020.02.26-22.01.53:540][808]LogBlueprintUserMessages: [WBP_InGame_C_0] 0.461001
[2020.02.26-22.01.53:773][815]LogBlueprintUserMessages: [BPMyGameState_C_0] DiscountPoop
[2020.02.26-22.01.53:774][815]LogBlueprintUserMessages: [WBP_InGame_C_0] 0.460001
[2020.02.26-22.01.54:040][823]LogBlueprintUserMessages: [BPMyGameState_C_0] DiscountPoop
[2020.02.26-22.01.54:040][823]LogBlueprintUserMessages: [WBP_InGame_C_0] 0.459001
[2020.02.26-22.01.54:274][830]LogBlueprintUserMessages: [BPMyGameState_C_0] DiscountPoop
[2020.02.26-22.01.54:274][830]LogBlueprintUserMessages: [WBP_InGame_C_0] 0.458001
[2020.02.26-22.01.54:540][838]LogBlueprintUserMessages: [BPMyGameState_C_0] DiscountPoop
[2020.02.26-22.01.54:540][838]LogBlueprintUserMessages: [WBP_InGame_C_0] 0.457001
[2020.02.26-22.01.54:774][845]LogBlueprintUserMessages: [BPMyGameState_C_0] DiscountPoop
[2020.02.26-22.01.54:774][845]LogBlueprintUserMessages: [WBP_InGame_C_0] 0.456001
[2020.02.26-22.01.55:040][853]LogBlueprintUserMessages: [BPMyGameState_C_0] DiscountPoop
[2020.02.26-22.01.55:040][853]LogBlueprintUserMessages: [WBP_InGame_C_0] 0.455001
[2020.02.26-22.01.55:273][860]LogBlueprintUserMessages: [BPMyGameState_C_0] DiscountPoop
[2020.02.26-22.01.55:273][860]LogBlueprintUserMessages: [WBP_InGame_C_0] 0.454001
[2020.02.26-22.01.55:539][868]LogBlueprintUserMessages: [BPMyGameState_C_0] DiscountPoop
[2020.02.26-22.01.55:539][868]LogBlueprintUserMessages: [WBP_InGame_C_0] 0.453001
[2020.02.26-22.01.55:772][875]LogBlueprintUserMessages: [BPMyGameState_C_0] DiscountPoop
[2020.02.26-22.01.55:772][875]LogBlueprintUserMessages: [WBP_InGame_C_0] 0.452001
[2020.02.26-22.01.56:040][883]LogBlueprintUserMessages: [BPMyGameState_C_0] DiscountPoop
[2020.02.26-22.01.56:040][883]LogBlueprintUserMessages: [WBP_InGame_C_0] 0.451001
[2020.02.26-22.01.56:274][890]LogBlueprintUserMessages: [BPMyGameState_C_0] DiscountPoop
[2020.02.26-22.01.56:274][890]LogBlueprintUserMessages: [WBP_InGame_C_0] 0.450001
[2020.02.26-22.01.56:539][898]LogBlueprintUserMessages: [BPMyGameState_C_0] DiscountPoop
[2020.02.26-22.01.56:540][898]LogBlueprintUserMessages: [WBP_InGame_C_0] 0.449001
[2020.02.26-22.01.56:772][905]LogBlueprintUserMessages: [BPMyGameState_C_0] DiscountPoop
[2020.02.26-22.01.56:772][905]LogBlueprintUserMessages: [WBP_InGame_C_0] 0.448001
[2020.02.26-22.01.57:040][913]LogBlueprintUserMessages: [BPMyGameState_C_0] DiscountPoop
[2020.02.26-22.01.57:040][913]LogBlueprintUserMessages: [WBP_InGame_C_0] 0.447001
[2020.02.26-22.01.57:273][920]LogBlueprintUserMessages: [BPMyGameState_C_0] DiscountPoop
[2020.02.26-22.01.57:273][920]LogBlueprintUserMessages: [WBP_InGame_C_0] 0.446001
[2020.02.26-22.01.57:540][928]LogBlueprintUserMessages: [BPMyGameState_C_0] DiscountPoop
[2020.02.26-22.01.57:540][928]LogBlueprintUserMessages: [WBP_InGame_C_0] 0.445001
[2020.02.26-22.01.57:772][935]LogBlueprintUserMessages: [BPMyGameState_C_0] DiscountPoop
[2020.02.26-22.01.57:773][935]LogBlueprintUserMessages: [WBP_InGame_C_0] 0.444001
[2020.02.26-22.01.58:040][943]LogBlueprintUserMessages: [BPMyGameState_C_0] DiscountPoop
[2020.02.26-22.01.58:040][943]LogBlueprintUserMessages: [WBP_InGame_C_0] 0.443001
[2020.02.26-22.01.58:273][950]LogBlueprintUserMessages: [BPMyGameState_C_0] DiscountPoop
[2020.02.26-22.01.58:273][950]LogBlueprintUserMessages: [WBP_InGame_C_0] 0.442001
[2020.02.26-22.01.58:539][958]LogBlueprintUserMessages: [BPMyGameState_C_0] DiscountPoop
[2020.02.26-22.01.58:539][958]LogBlueprintUserMessages: [WBP_InGame_C_0] 0.441001
[2020.02.26-22.01.58:773][965]LogBlueprintUserMessages: [BPMyGameState_C_0] DiscountPoop
[2020.02.26-22.01.58:773][965]LogBlueprintUserMessages: [WBP_InGame_C_0] 0.440001
[2020.02.26-22.01.59:040][973]LogBlueprintUserMessages: [BPMyGameState_C_0] DiscountPoop
[2020.02.26-22.01.59:040][973]LogBlueprintUserMessages: [WBP_InGame_C_0] 0.439001
[2020.02.26-22.01.59:273][980]LogBlueprintUserMessages: [BPMyGameState_C_0] DiscountPoop
[2020.02.26-22.01.59:273][980]LogBlueprintUserMessages: [WBP_InGame_C_0] 0.438001
[2020.02.26-22.01.59:539][988]LogBlueprintUserMessages: [BPMyGameState_C_0] DiscountPoop
[2020.02.26-22.01.59:539][988]LogBlueprintUserMessages: [WBP_InGame_C_0] 0.437001
[2020.02.26-22.01.59:773][995]LogBlueprintUserMessages: [BPMyGameState_C_0] DiscountPoop
[2020.02.26-22.01.59:773][995]LogBlueprintUserMessages: [WBP_InGame_C_0] 0.436001
[2020.02.26-22.02.00:040][  3]LogBlueprintUserMessages: [BPMyGameState_C_0] DiscountPoop
[2020.02.26-22.02.00:040][  3]LogBlueprintUserMessages: [WBP_InGame_C_0] 0.435001
[2020.02.26-22.02.00:273][ 10]LogBlueprintUserMessages: [BPMyGameState_C_0] DiscountPoop
[2020.02.26-22.02.00:273][ 10]LogBlueprintUserMessages: [WBP_InGame_C_0] 0.434001
[2020.02.26-22.02.00:540][ 18]LogBlueprintUserMessages: [BPMyGameState_C_0] DiscountPoop
[2020.02.26-22.02.00:540][ 18]LogBlueprintUserMessages: [WBP_InGame_C_0] 0.433001
[2020.02.26-22.02.00:773][ 25]LogBlueprintUserMessages: [BPMyGameState_C_0] DiscountPoop
[2020.02.26-22.02.00:773][ 25]LogBlueprintUserMessages: [WBP_InGame_C_0] 0.432001
[2020.02.26-22.02.01:040][ 33]LogBlueprintUserMessages: [BPMyGameState_C_0] DiscountPoop
[2020.02.26-22.02.01:040][ 33]LogBlueprintUserMessages: [WBP_InGame_C_0] 0.431001
[2020.02.26-22.02.01:273][ 40]LogBlueprintUserMessages: [BPMyGameState_C_0] DiscountPoop
[2020.02.26-22.02.01:273][ 40]LogBlueprintUserMessages: [WBP_InGame_C_0] 0.430001
[2020.02.26-22.02.01:540][ 48]LogBlueprintUserMessages: [BPMyGameState_C_0] DiscountPoop
[2020.02.26-22.02.01:540][ 48]LogBlueprintUserMessages: [WBP_InGame_C_0] 0.429001
[2020.02.26-22.02.01:541][ 48]LogBlueprintUserMessages: Early EndPlayMap Detection: Level '/Game/_Levels/Lvel0.Lvel0:PersistentLevel' has LevelScriptBlueprint '/Game/_Levels/Lvel0.Lvel0:PersistentLevel.Lvel0' with GeneratedClass '/Game/_Levels/Lvel0.Lvel0_C' with ClassGeneratedBy '/Game/_Levels/Lvel0.Lvel0:PersistentLevel.Lvel0'
[2020.02.26-22.02.01:541][ 48]LogSlate: Updating window title bar state: overlay mode, drag disabled, window buttons hidden, title bar hidden
[2020.02.26-22.02.01:541][ 48]LogWorld: BeginTearingDown for /Game/_Levels/UEDPIE_0_Lvel0
[2020.02.26-22.02.01:541][ 48]LogWorld: UWorld::CleanupWorld for Lvel0, bSessionEnded=true, bCleanupResources=true
[2020.02.26-22.02.01:578][ 48]LogPlayLevel: Display: Shutting down PIE online subsystems
[2020.02.26-22.02.01:578][ 48]LogBlueprintUserMessages: Late EndPlayMap Detection: Level '/Game/_Levels/Lvel0.Lvel0:PersistentLevel' has LevelScriptBlueprint '/Game/_Levels/Lvel0.Lvel0:PersistentLevel.Lvel0' with GeneratedClass '/Game/_Levels/Lvel0.Lvel0_C' with ClassGeneratedBy '/Game/_Levels/Lvel0.Lvel0:PersistentLevel.Lvel0'
[2020.02.26-22.02.01:688][ 48]LogSlate: Updating window title bar state: overlay mode, drag disabled, window buttons hidden, title bar hidden
[2020.02.26-22.02.01:709][ 48]LogUObjectHash: Compacting FUObjectHashTables data took   3.31ms
[2020.02.26-22.02.01:725][ 49]LogPlayLevel: Display: Destroying online subsystem :Context_4
[2020.02.26-22.02.03:790][ 98]LogSlate: FSceneViewport::OnFocusLost() reason 5
[2020.02.26-22.02.09:982][167]BlueprintLog: New page: Compile BPMyGameState
[2020.02.26-22.02.10:171][167]LogUObjectHash: Compacting FUObjectHashTables data took   3.24ms
[2020.02.26-22.02.10:789][172]LogSavePackage: Moving '../../../../../../Users/Hans Schaa/Desktop/Unreal Projects/PoopRun2/Poop/Saved/BPMyGameState7BBB17214B6EFCF51C3659B99B181639.tmp' to '../../../../../../Users/Hans Schaa/Desktop/Unreal Projects/PoopRun2/Poop/Content/ThirdPersonBP/Blueprints/BPMyGameState.uasset'
[2020.02.26-22.02.11:540][184]LogSlate: FSceneViewport::OnFocusLost() reason 0
[2020.02.26-22.02.12:304][199]LogSlate: FSceneViewport::OnFocusLost() reason 0
[2020.02.26-22.02.12:370][200]LogTemp: Repeating last play command: Selected Viewport
[2020.02.26-22.02.12:395][200]LogBlueprintUserMessages: Early PlayInEditor Detection: Level '/Game/_Levels/Lvel0.Lvel0:PersistentLevel' has LevelScriptBlueprint '/Game/_Levels/Lvel0.Lvel0:PersistentLevel.Lvel0' with GeneratedClass '/Game/_Levels/Lvel0.Lvel0_C' with ClassGeneratedBy '/Game/_Levels/Lvel0.Lvel0:PersistentLevel.Lvel0'
[2020.02.26-22.02.12:395][200]LogPlayLevel: PlayLevel: No blueprints needed recompiling
[2020.02.26-22.02.12:395][200]PIE: New page: PIE session: Lvel0 (Feb 26, 2020, 4:02:12 PM)
[2020.02.26-22.02.12:395][200]LogPlayLevel: Creating play world package: /Game/_Levels/UEDPIE_0_Lvel0
[2020.02.26-22.02.12:400][200]LogPlayLevel: PIE: StaticDuplicateObject took: (0.004306s)
[2020.02.26-22.02.12:400][200]LogAIModule: Creating AISystem for world Lvel0
[2020.02.26-22.02.12:401][200]LogPlayLevel: PIE: World Init took: (0.000757s)
[2020.02.26-22.02.12:401][200]LogPlayLevel: PIE: Created PIE world by copying editor world from /Game/_Levels/Lvel0.Lvel0 to /Game/_Levels/UEDPIE_0_Lvel0.Lvel0 (0.005200s)
[2020.02.26-22.02.12:444][200]LogUObjectHash: Compacting FUObjectHashTables data took   3.43ms
[2020.02.26-22.02.12:455][200]LogInit: XAudio2 using 'Altavoces (Realtek(R) Audio)' : 2 channels at 48 kHz using 32 bits per sample (channel mask 0x3)
[2020.02.26-22.02.12:474][200]LogInit: FAudioDevice initialized.
[2020.02.26-22.02.12:481][200]LogLoad: Game class is 'ThirdPersonGameMode_C'
[2020.02.26-22.02.12:482][200]LogWorld: Bringing World /Game/_Levels/UEDPIE_0_Lvel0.Lvel0 up for play (max tick rate 60) at 2020.02.26-19.02.12
[2020.02.26-22.02.12:483][200]LogWorld: Bringing up level for play took: 0.001201
[2020.02.26-22.02.12:483][200]LogOnline: OSS: Creating online subsystem instance for: :Context_5
[2020.02.26-22.02.12:485][200]LogBlueprintUserMessages: [WBP_InGame_C_0] 0.5
[2020.02.26-22.02.12:486][200]PIE: Play in editor start time for /Game/_Levels/UEDPIE_0_Lvel0 0.286
[2020.02.26-22.02.12:486][200]LogBlueprintUserMessages: Late PlayInEditor Detection: Level '/Game/_Levels/Lvel0.Lvel0:PersistentLevel' has LevelScriptBlueprint '/Game/_Levels/Lvel0.Lvel0:PersistentLevel.Lvel0' with GeneratedClass '/Game/_Levels/Lvel0.Lvel0_C' with ClassGeneratedBy '/Game/_Levels/Lvel0.Lvel0:PersistentLevel.Lvel0'
[2020.02.26-22.02.12:648][206]LogBlueprintUserMessages: [BPMyGameState_C_0] DiscountPoop
[2020.02.26-22.02.12:648][206]LogBlueprintUserMessages: [WBP_InGame_C_0] 0.49
[2020.02.26-22.02.12:880][213]LogBlueprintUserMessages: [BPMyGameState_C_0] DiscountPoop
[2020.02.26-22.02.12:880][213]LogBlueprintUserMessages: [WBP_InGame_C_0] 0.48
[2020.02.26-22.02.13:148][221]LogBlueprintUserMessages: [BPMyGameState_C_0] DiscountPoop
[2020.02.26-22.02.13:148][221]LogBlueprintUserMessages: [WBP_InGame_C_0] 0.47
[2020.02.26-22.02.13:380][228]LogBlueprintUserMessages: [BPMyGameState_C_0] DiscountPoop
[2020.02.26-22.02.13:380][228]LogBlueprintUserMessages: [WBP_InGame_C_0] 0.46
[2020.02.26-22.02.13:647][236]LogBlueprintUserMessages: [BPMyGameState_C_0] DiscountPoop
[2020.02.26-22.02.13:648][236]LogBlueprintUserMessages: [WBP_InGame_C_0] 0.45
[2020.02.26-22.02.13:881][243]LogBlueprintUserMessages: [BPMyGameState_C_0] DiscountPoop
[2020.02.26-22.02.13:881][243]LogBlueprintUserMessages: [WBP_InGame_C_0] 0.44
[2020.02.26-22.02.14:148][251]LogBlueprintUserMessages: [BPMyGameState_C_0] DiscountPoop
[2020.02.26-22.02.14:148][251]LogBlueprintUserMessages: [WBP_InGame_C_0] 0.43
[2020.02.26-22.02.14:381][258]LogBlueprintUserMessages: [BPMyGameState_C_0] DiscountPoop
[2020.02.26-22.02.14:381][258]LogBlueprintUserMessages: [WBP_InGame_C_0] 0.42
[2020.02.26-22.02.14:648][266]LogBlueprintUserMessages: [BPMyGameState_C_0] DiscountPoop
[2020.02.26-22.02.14:648][266]LogBlueprintUserMessages: [WBP_InGame_C_0] 0.41
[2020.02.26-22.02.14:881][273]LogBlueprintUserMessages: [BPMyGameState_C_0] DiscountPoop
[2020.02.26-22.02.14:881][273]LogBlueprintUserMessages: [WBP_InGame_C_0] 0.4
[2020.02.26-22.02.15:149][281]LogBlueprintUserMessages: [BPMyGameState_C_0] DiscountPoop
[2020.02.26-22.02.15:149][281]LogBlueprintUserMessages: [WBP_InGame_C_0] 0.39
[2020.02.26-22.02.15:382][288]LogBlueprintUserMessages: [BPMyGameState_C_0] DiscountPoop
[2020.02.26-22.02.15:382][288]LogBlueprintUserMessages: [WBP_InGame_C_0] 0.38
[2020.02.26-22.02.15:649][296]LogBlueprintUserMessages: [BPMyGameState_C_0] DiscountPoop
[2020.02.26-22.02.15:649][296]LogBlueprintUserMessages: [WBP_InGame_C_0] 0.37
[2020.02.26-22.02.15:881][303]LogBlueprintUserMessages: [BPMyGameState_C_0] DiscountPoop
[2020.02.26-22.02.15:881][303]LogBlueprintUserMessages: [WBP_InGame_C_0] 0.36
[2020.02.26-22.02.16:148][311]LogBlueprintUserMessages: [BPMyGameState_C_0] DiscountPoop
[2020.02.26-22.02.16:148][311]LogBlueprintUserMessages: [WBP_InGame_C_0] 0.35
[2020.02.26-22.02.16:381][318]LogBlueprintUserMessages: [BPMyGameState_C_0] DiscountPoop
[2020.02.26-22.02.16:381][318]LogBlueprintUserMessages: [WBP_InGame_C_0] 0.34
[2020.02.26-22.02.16:648][326]LogBlueprintUserMessages: [BPMyGameState_C_0] DiscountPoop
[2020.02.26-22.02.16:649][326]LogBlueprintUserMessages: [WBP_InGame_C_0] 0.33
[2020.02.26-22.02.16:883][333]LogBlueprintUserMessages: [BPMyGameState_C_0] DiscountPoop
[2020.02.26-22.02.16:883][333]LogBlueprintUserMessages: [WBP_InGame_C_0] 0.32
[2020.02.26-22.02.17:149][341]LogBlueprintUserMessages: [BPMyGameState_C_0] DiscountPoop
[2020.02.26-22.02.17:149][341]LogBlueprintUserMessages: [WBP_InGame_C_0] 0.31
[2020.02.26-22.02.17:381][348]LogBlueprintUserMessages: [BPMyGameState_C_0] DiscountPoop
[2020.02.26-22.02.17:381][348]LogBlueprintUserMessages: [WBP_InGame_C_0] 0.3
[2020.02.26-22.02.17:648][356]LogBlueprintUserMessages: [BPMyGameState_C_0] DiscountPoop
[2020.02.26-22.02.17:648][356]LogBlueprintUserMessages: [WBP_InGame_C_0] 0.29
[2020.02.26-22.02.17:881][363]LogBlueprintUserMessages: [BPMyGameState_C_0] DiscountPoop
[2020.02.26-22.02.17:881][363]LogBlueprintUserMessages: [WBP_InGame_C_0] 0.28
[2020.02.26-22.02.18:148][371]LogBlueprintUserMessages: [BPMyGameState_C_0] DiscountPoop
[2020.02.26-22.02.18:148][371]LogBlueprintUserMessages: [WBP_InGame_C_0] 0.27
[2020.02.26-22.02.18:381][378]LogBlueprintUserMessages: [BPMyGameState_C_0] DiscountPoop
[2020.02.26-22.02.18:381][378]LogBlueprintUserMessages: [WBP_InGame_C_0] 0.26
[2020.02.26-22.02.18:648][386]LogBlueprintUserMessages: [BPMyGameState_C_0] DiscountPoop
[2020.02.26-22.02.18:648][386]LogBlueprintUserMessages: [WBP_InGame_C_0] 0.25
[2020.02.26-22.02.18:881][393]LogBlueprintUserMessages: [BPMyGameState_C_0] DiscountPoop
[2020.02.26-22.02.18:881][393]LogBlueprintUserMessages: [WBP_InGame_C_0] 0.24
[2020.02.26-22.02.19:148][401]LogBlueprintUserMessages: [BPMyGameState_C_0] DiscountPoop
[2020.02.26-22.02.19:148][401]LogBlueprintUserMessages: [WBP_InGame_C_0] 0.23
[2020.02.26-22.02.19:380][408]LogBlueprintUserMessages: [BPMyGameState_C_0] DiscountPoop
[2020.02.26-22.02.19:380][408]LogBlueprintUserMessages: [WBP_InGame_C_0] 0.22
[2020.02.26-22.02.19:648][416]LogBlueprintUserMessages: [BPMyGameState_C_0] DiscountPoop
[2020.02.26-22.02.19:648][416]LogBlueprintUserMessages: [WBP_InGame_C_0] 0.21
[2020.02.26-22.02.19:881][423]LogBlueprintUserMessages: [BPMyGameState_C_0] DiscountPoop
[2020.02.26-22.02.19:881][423]LogBlueprintUserMessages: [WBP_InGame_C_0] 0.2
[2020.02.26-22.02.20:147][431]LogBlueprintUserMessages: [BPMyGameState_C_0] DiscountPoop
[2020.02.26-22.02.20:147][431]LogBlueprintUserMessages: [WBP_InGame_C_0] 0.19
[2020.02.26-22.02.20:380][438]LogBlueprintUserMessages: [BPMyGameState_C_0] DiscountPoop
[2020.02.26-22.02.20:381][438]LogBlueprintUserMessages: [WBP_InGame_C_0] 0.18
[2020.02.26-22.02.20:648][446]LogBlueprintUserMessages: [BPMyGameState_C_0] DiscountPoop
[2020.02.26-22.02.20:648][446]LogBlueprintUserMessages: [WBP_InGame_C_0] 0.17
[2020.02.26-22.02.20:882][453]LogBlueprintUserMessages: [BPMyGameState_C_0] DiscountPoop
[2020.02.26-22.02.20:882][453]LogBlueprintUserMessages: [WBP_InGame_C_0] 0.16
[2020.02.26-22.02.21:148][461]LogBlueprintUserMessages: [BPMyGameState_C_0] DiscountPoop
[2020.02.26-22.02.21:148][461]LogBlueprintUserMessages: [WBP_InGame_C_0] 0.15
[2020.02.26-22.02.21:390][465]LogBlueprintUserMessages: [BPMyGameState_C_0] DiscountPoop
[2020.02.26-22.02.21:390][465]LogBlueprintUserMessages: [WBP_InGame_C_0] 0.14
[2020.02.26-22.02.21:628][473]LogBlueprintUserMessages: [BPMyGameState_C_0] DiscountPoop
[2020.02.26-22.02.21:628][473]LogBlueprintUserMessages: [WBP_InGame_C_0] 0.13
[2020.02.26-22.02.21:894][481]LogBlueprintUserMessages: [BPMyGameState_C_0] DiscountPoop
[2020.02.26-22.02.21:895][481]LogBlueprintUserMessages: [WBP_InGame_C_0] 0.12
[2020.02.26-22.02.22:128][488]LogBlueprintUserMessages: [BPMyGameState_C_0] DiscountPoop
[2020.02.26-22.02.22:129][488]LogBlueprintUserMessages: [WBP_InGame_C_0] 0.11
[2020.02.26-22.02.22:395][496]LogBlueprintUserMessages: [BPMyGameState_C_0] DiscountPoop
[2020.02.26-22.02.22:395][496]LogBlueprintUserMessages: [WBP_InGame_C_0] 0.1
[2020.02.26-22.02.22:536][500]LogBlueprintUserMessages: Early EndPlayMap Detection: Level '/Game/_Levels/Lvel0.Lvel0:PersistentLevel' has LevelScriptBlueprint '/Game/_Levels/Lvel0.Lvel0:PersistentLevel.Lvel0' with GeneratedClass '/Game/_Levels/Lvel0.Lvel0_C' with ClassGeneratedBy '/Game/_Levels/Lvel0.Lvel0:PersistentLevel.Lvel0'
[2020.02.26-22.02.22:536][500]LogSlate: Updating window title bar state: overlay mode, drag disabled, window buttons hidden, title bar hidden
[2020.02.26-22.02.22:536][500]LogWorld: BeginTearingDown for /Game/_Levels/UEDPIE_0_Lvel0
[2020.02.26-22.02.22:536][500]LogWorld: UWorld::CleanupWorld for Lvel0, bSessionEnded=true, bCleanupResources=true
[2020.02.26-22.02.22:571][500]LogPlayLevel: Display: Shutting down PIE online subsystems
[2020.02.26-22.02.22:571][500]LogBlueprintUserMessages: Late EndPlayMap Detection: Level '/Game/_Levels/Lvel0.Lvel0:PersistentLevel' has LevelScriptBlueprint '/Game/_Levels/Lvel0.Lvel0:PersistentLevel.Lvel0' with GeneratedClass '/Game/_Levels/Lvel0.Lvel0_C' with ClassGeneratedBy '/Game/_Levels/Lvel0.Lvel0:PersistentLevel.Lvel0'
[2020.02.26-22.02.22:603][500]LogSlate: Updating window title bar state: overlay mode, drag disabled, window buttons hidden, title bar hidden
[2020.02.26-22.02.22:607][500]LogUObjectHash: Compacting FUObjectHashTables data took   2.92ms
[2020.02.26-22.02.22:653][502]LogPlayLevel: Display: Destroying online subsystem :Context_5
[2020.02.26-22.02.25:559][569]LogSlate: FSceneViewport::OnFocusLost() reason 5
[2020.02.26-22.02.27:222][589]BlueprintLog: New page: Compile BPMyGameState
[2020.02.26-22.02.27:412][589]LogUObjectHash: Compacting FUObjectHashTables data took   3.30ms
[2020.02.26-22.02.28:480][601]BlueprintLog: New page: Compile ThirdPersonCharacter
[2020.02.26-22.02.28:684][601]LogUObjectHash: Compacting FUObjectHashTables data took   3.46ms
[2020.02.26-22.02.35:282][757]LogSlate: FSceneViewport::OnFocusLost() reason 0
[2020.02.26-22.02.40:421][812]LogSavePackage: Moving '../../../../../../Users/Hans Schaa/Desktop/Unreal Projects/PoopRun2/Poop/Saved/BPMyGameState279E5BA842FA83773AEA4795D8EFBB36.tmp' to '../../../../../../Users/Hans Schaa/Desktop/Unreal Projects/PoopRun2/Poop/Content/ThirdPersonBP/Blueprints/BPMyGameState.uasset'
[2020.02.26-22.02.42:104][826]LogSavePackage: Moving '../../../../../../Users/Hans Schaa/Desktop/Unreal Projects/PoopRun2/Poop/Saved/ThirdPersonCharacter7EB0772D47386FCBD430E6ACA4AAA954.tmp' to '../../../../../../Users/Hans Schaa/Desktop/Unreal Projects/PoopRun2/Poop/Content/ThirdPersonBP/Blueprints/ThirdPersonCharacter.uasset'
[2020.02.26-22.02.42:511][831]BlueprintLog: New page: Compile ThirdPersonCharacter
[2020.02.26-22.02.42:717][831]LogUObjectHash: Compacting FUObjectHashTables data took   3.57ms
[2020.02.26-22.02.43:520][837]LogSavePackage: Moving '../../../../../../Users/Hans Schaa/Desktop/Unreal Projects/PoopRun2/Poop/Saved/ThirdPersonCharacter50E8938449C5D5B3B6F1D1ACEF10619B.tmp' to '../../../../../../Users/Hans Schaa/Desktop/Unreal Projects/PoopRun2/Poop/Content/ThirdPersonBP/Blueprints/ThirdPersonCharacter.uasset'
[2020.02.26-22.02.45:725][871]Cmd: OBJ SAVEPACKAGE PACKAGE="/Game/_Levels/Lvel0" FILE="../../../../../../Users/Hans Schaa/Desktop/Unreal Projects/PoopRun2/Poop/Content/_Levels/Lvel0.umap" SILENT=true AUTOSAVING=false KEEPDIRTY=false
[2020.02.26-22.02.45:805][871]LogUObjectHash: Compacting FUObjectHashTables data took   3.44ms
[2020.02.26-22.02.45:995][871]LogSavePackage: Moving '../../../../../../Users/Hans Schaa/Desktop/Unreal Projects/PoopRun2/Poop/Saved/Lvel01803E5D646323502D1D8B1BDE6C6B299.tmp' to '../../../../../../Users/Hans Schaa/Desktop/Unreal Projects/PoopRun2/Poop/Content/_Levels/Lvel0.umap'
[2020.02.26-22.02.46:027][871]Cmd: OBJ SAVEPACKAGE PACKAGE="/Game/_Levels/Lvel0_BuiltData" FILE="../../../../../../Users/Hans Schaa/Desktop/Unreal Projects/PoopRun2/Poop/Content/_Levels/Lvel0_BuiltData.uasset" SILENT=true
[2020.02.26-22.02.46:056][871]LogSavePackage: Moving '../../../../../../Users/Hans Schaa/Desktop/Unreal Projects/PoopRun2/Poop/Saved/Lvel0_BuiltDataDDE7C0324A11C22F4B9305B435FD283B.tmp' to '../../../../../../Users/Hans Schaa/Desktop/Unreal Projects/PoopRun2/Poop/Content/_Levels/Lvel0_BuiltData.uasset'
