Log file open, 02/19/20 03:11:01
LogWindows: Failed to load 'aqProf.dll' (GetLastError=126)
LogWindows: File 'aqProf.dll' does not exist
LogWindows: Failed to load 'VtuneApi.dll' (GetLastError=126)
LogWindows: File 'VtuneApi.dll' does not exist
LogWindows: Failed to load 'VtuneApi32e.dll' (GetLastError=126)
LogWindows: File 'VtuneApi32e.dll' does not exist
LogConsoleResponse: Display: Failed to find resolution value strings in scalability ini. Falling back to default.
LogInit: Display: Running engine for game: Poop
LogPlatformFile: Not using cached read wrapper
LogTaskGraph: Started task graph with 5 named threads and 23 total threads with 3 sets of task threads.
LogStats: Stats thread started at 0.078732
LogD3D11RHI: Loaded GFSDK_Aftermath_Lib.x64.dll
LogICUInternationalization: ICU TimeZone Detection - Raw Offset: -4:00, Platform Override: ''
LogPluginManager: Mounting plugin Paper2D
LogPluginManager: Mounting plugin AISupport
LogPluginManager: Mounting plugin LightPropagationVolume
LogPluginManager: Mounting plugin ActorLayerUtilities
LogPluginManager: Mounting plugin AnimationSharing
LogPluginManager: Mounting plugin CLionSourceCodeAccess
LogPluginManager: Mounting plugin CodeLiteSourceCodeAccess
LogPluginManager: Mounting plugin GitSourceControl
LogPluginManager: Mounting plugin KDevelopSourceCodeAccess
LogPluginManager: Mounting plugin NullSourceCodeAccess
LogPluginManager: Mounting plugin PerforceSourceControl
LogPluginManager: Mounting plugin SubversionSourceControl
LogPluginManager: Mounting plugin UObjectPlugin
LogPluginManager: Mounting plugin VisualStudioCodeSourceCodeAccess
LogPluginManager: Mounting plugin VisualStudioSourceCodeAccess
LogPluginManager: Mounting plugin XCodeSourceCodeAccess
LogPluginManager: Mounting plugin AssetManagerEditor
LogPluginManager: Mounting plugin CryptoKeys
LogPluginManager: Mounting plugin CurveEditorTools
LogPluginManager: Mounting plugin DataValidation
LogPluginManager: Mounting plugin FacialAnimation
LogPluginManager: Mounting plugin GameplayTagsEditor
LogPluginManager: Mounting plugin MacGraphicsSwitching
LogPluginManager: Mounting plugin MaterialAnalyzer
LogPluginManager: Mounting plugin MobileLauncherProfileWizard
LogPluginManager: Mounting plugin PluginBrowser
LogPluginManager: Mounting plugin SpeedTreeImporter
LogPluginManager: Mounting plugin DatasmithContent
LogPluginManager: Mounting plugin VariantManagerContent
LogPluginManager: Mounting plugin AlembicImporter
LogPluginManager: Mounting plugin AutomationUtils
LogPluginManager: Mounting plugin BackChannel
LogPluginManager: Mounting plugin CharacterAI
LogPluginManager: Mounting plugin GeometryCache
LogPluginManager: Mounting plugin HTML5Networking
LogPluginManager: Mounting plugin PlatformCrypto
LogPluginManager: Mounting plugin ProxyLODPlugin
LogPluginManager: Mounting plugin SkeletalReduction
LogPluginManager: Mounting plugin MagicLeap
LogPluginManager: Mounting plugin MagicLeapMedia
LogPluginManager: Mounting plugin AndroidMedia
LogPluginManager: Mounting plugin AvfMedia
LogPluginManager: Mounting plugin ImgMedia
LogPluginManager: Mounting plugin MediaCompositing
LogPluginManager: Mounting plugin MediaPlayerEditor
LogPluginManager: Mounting plugin WebMMedia
LogPluginManager: Mounting plugin WmfMedia
LogPluginManager: Mounting plugin TcpMessaging
LogPluginManager: Mounting plugin UdpMessaging
LogPluginManager: Mounting plugin ActorSequence
LogPluginManager: Mounting plugin LevelSequenceEditor
LogPluginManager: Mounting plugin MatineeToLevelSequence
LogPluginManager: Mounting plugin NetcodeUnitTest
LogPluginManager: Mounting plugin NUTUnrealEngine4
LogPluginManager: Mounting plugin OnlineSubsystemGooglePlay
LogPluginManager: Mounting plugin OnlineSubsystemIOS
LogPluginManager: Mounting plugin OnlineSubsystem
LogPluginManager: Mounting plugin OnlineSubsystemNull
LogPluginManager: Mounting plugin OnlineSubsystemUtils
LogPluginManager: Mounting plugin LauncherChunkInstaller
LogPluginManager: Mounting plugin AndroidDeviceProfileSelector
LogPluginManager: Mounting plugin AndroidMoviePlayer
LogPluginManager: Mounting plugin AndroidPermission
LogPluginManager: Mounting plugin AppleImageUtils
LogPluginManager: Mounting plugin AppleMoviePlayer
LogPluginManager: Mounting plugin ArchVisCharacter
LogPluginManager: Mounting plugin AudioCapture
LogPluginManager: Mounting plugin CableComponent
LogPluginManager: Mounting plugin CustomMeshComponent
LogPluginManager: Mounting plugin EditableMesh
LogPluginManager: Mounting plugin ExampleDeviceProfileSelector
LogPluginManager: Mounting plugin GoogleCloudMessaging
LogPluginManager: Mounting plugin IOSDeviceProfileSelector
LogPluginManager: Mounting plugin LinuxDeviceProfileSelector
LogPluginManager: Mounting plugin LocationServicesBPLibrary
LogPluginManager: Mounting plugin MobilePatchingUtils
LogPluginManager: Mounting plugin OculusVR
LogPluginManager: Mounting plugin PhysXVehicles
LogPluginManager: Mounting plugin ProceduralMeshComponent
LogPluginManager: Mounting plugin RuntimePhysXCooking
LogPluginManager: Mounting plugin SignificanceManager
LogPluginManager: Mounting plugin SteamVR
LogPluginManager: Mounting plugin WebMMoviePlayer
LogPluginManager: Mounting plugin WindowsMoviePlayer
LogPluginManager: Mounting plugin ScreenshotTools
LogInit: Using libcurl 7.55.1-DEV
LogInit:  - built for x86_64-pc-win32
LogInit:  - supports SSL with OpenSSL/1.1.1
LogInit:  - supports HTTP deflate (compression) using libz 1.2.8
LogInit:  - other features:
LogInit:      CURL_VERSION_SSL
LogInit:      CURL_VERSION_LIBZ
LogInit:      CURL_VERSION_IPV6
LogInit:      CURL_VERSION_ASYNCHDNS
LogInit:      CURL_VERSION_LARGEFILE
LogInit:      CURL_VERSION_IDN
LogInit:  CurlRequestOptions (configurable via config and command line):
LogInit:  - bVerifyPeer = true  - Libcurl will verify peer certificate
LogInit:  - bUseHttpProxy = false  - Libcurl will NOT use HTTP proxy
LogInit:  - bDontReuseConnections = false  - Libcurl will reuse connections
LogInit:  - MaxHostConnections = 16  - Libcurl will limit the number of connections to a host
LogInit:  - LocalHostAddr = Default
LogInit:  - BufferSize = 65536
LogOnline: OSS: Creating online subsystem instance for: NULL
LogInit: WinSock: version 1.1 (2.2), MaxSocks=32767, MaxUdp=65467
LogInit: Build: ++UE4+Release-4.23-CL-8386587
LogInit: Engine Version: 4.23.0-8386587+++UE4+Release-4.23
LogInit: Compatible Engine Version: 4.23.0-8386587+++UE4+Release-4.23
LogInit: Net CL: 8386587
LogInit: OS: Windows 10 (Release 1903) (), CPU: Intel(R) Core(TM) i5-8300H CPU @ 2.30GHz, GPU: Intel(R) UHD Graphics 630
LogInit: Compiled (64-bit): Aug 31 2019 02:04:44
LogInit: Compiled with Visual C++: 19.16.27030.01
LogInit: Build Configuration: Development
LogInit: Branch Name: ++UE4+Release-4.23
LogInit: Command Line:  -EpicPortal -epicusername=hansschaadev -epicuserid=e7adf61921bd4ff2b7c4842511537e51 -epiclocale=es
LogInit: Base Directory: C:/Program Files/Epic Games/UE_4.23/Engine/Binaries/Win64/
LogInit: Installed Engine Build: 1
LogDevObjectVersion: Number of dev versions registered: 23
LogDevObjectVersion:   Dev-Blueprints (B0D832E4-1F89-4F0D-ACCF-7EB736FD4AA2): 10
LogDevObjectVersion:   Dev-Build (E1C64328-A22C-4D53-A36C-8E866417BD8C): 0
LogDevObjectVersion:   Dev-Core (375EC13C-06E4-48FB-B500-84F0262A717E): 3
LogDevObjectVersion:   Dev-Editor (E4B068ED-F494-42E9-A231-DA0B2E46BB41): 34
LogDevObjectVersion:   Dev-Framework (CFFC743F-43B0-4480-9391-14DF171D2073): 35
LogDevObjectVersion:   Dev-Mobile (B02B49B5-BB20-44E9-A304-32B752E40360): 2
LogDevObjectVersion:   Dev-Networking (A4E4105C-59A1-49B5-A7C5-40C4547EDFEE): 0
LogDevObjectVersion:   Dev-Online (39C831C9-5AE6-47DC-9A44-9C173E1C8E7C): 0
LogDevObjectVersion:   Dev-Physics (78F01B33-EBEA-4F98-B9B4-84EACCB95AA2): 0
LogDevObjectVersion:   Dev-Platform (6631380F-2D4D-43E0-8009-CF276956A95A): 0
LogDevObjectVersion:   Dev-Rendering (12F88B9F-8875-4AFC-A67C-D90C383ABD29): 31
LogDevObjectVersion:   Dev-Sequencer (7B5AE74C-D270-4C10-A958-57980B212A5A): 11
LogDevObjectVersion:   Dev-VR (D7296918-1DD6-4BDD-9DE2-64A83CC13884): 2
LogDevObjectVersion:   Dev-LoadTimes (C2A15278-BFE7-4AFE-6C17-90FF531DF755): 1
LogDevObjectVersion:   Private-Geometry (6EACA3D4-40EC-4CC1-B786-8BED09428FC5): 3
LogDevObjectVersion:   Dev-AnimPhys (29E575DD-E0A3-4627-9D10-D276232CDCEA): 17
LogDevObjectVersion:   Dev-Anim (AF43A65D-7FD3-4947-9873-3E8ED9C1BB05): 2
LogDevObjectVersion:   Dev-ReflectionCapture (6B266CEC-1EC7-4B8F-A30B-E4D90942FC07): 1
LogDevObjectVersion:   Dev-Automation (0DF73D61-A23F-47EA-B727-89E90C41499A): 1
LogDevObjectVersion:   FortniteMain (601D1886-AC64-4F84-AA16-D3DE0DEAC7D6): 27
LogDevObjectVersion:   Dev-Enterprise (9DFFBCD6-494F-0158-E221-12823C92A888): 6
LogDevObjectVersion:   Dev-Niagara (F2AED0AC-9AFE-416F-8664-AA7FFA26D6FC): 1
LogDevObjectVersion:   Dev-Destruction (174F1F0B-B4C6-45A5-B13F-2EE8D0FB917D): 9
LogInit: Presizing for max 16777216 objects, including 0 objects not considered by GC, pre-allocating 0 bytes for permanent pool.
LogInit: Object subsystem initialized
LogConfig: Setting CVar [[con.DebugEarlyDefault:1]]
LogConfig: Setting CVar [[r.setres:1280x720]]
[2020.02.19-06.11.02:164][  0]LogConfig: Setting CVar [[r.VSync:0]]
[2020.02.19-06.11.02:164][  0]LogConfig: Setting CVar [[r.RHICmdBypass:0]]
[2020.02.19-06.11.02:164][  0]LogConfig: Applying CVar settings from Section [/Script/Engine.RendererSettings] File [C:/Users/Hans Schaa/Desktop/Unreal Projects/PoopRun2/Poop/Saved/Config/Windows/Engine.ini]
[2020.02.19-06.11.02:164][  0]LogConfig: Setting CVar [[r.GPUCrashDebugging:0]]
[2020.02.19-06.11.02:164][  0]LogConfig: Applying CVar settings from Section [/Script/Engine.RendererOverrideSettings] File [C:/Users/Hans Schaa/Desktop/Unreal Projects/PoopRun2/Poop/Saved/Config/Windows/Engine.ini]
[2020.02.19-06.11.02:164][  0]LogConfig: Applying CVar settings from Section [/Script/Engine.StreamingSettings] File [C:/Users/Hans Schaa/Desktop/Unreal Projects/PoopRun2/Poop/Saved/Config/Windows/Engine.ini]
[2020.02.19-06.11.02:164][  0]LogConfig: Setting CVar [[s.MinBulkDataSizeForAsyncLoading:131072]]
[2020.02.19-06.11.02:164][  0]LogConfig: Setting CVar [[s.AsyncLoadingThreadEnabled:0]]
[2020.02.19-06.11.02:164][  0]LogConfig: Setting CVar [[s.EventDrivenLoaderEnabled:1]]
[2020.02.19-06.11.02:164][  0]LogConfig: Setting CVar [[s.WarnIfTimeLimitExceeded:0]]
[2020.02.19-06.11.02:164][  0]LogConfig: Setting CVar [[s.TimeLimitExceededMultiplier:1.5]]
[2020.02.19-06.11.02:164][  0]LogConfig: Setting CVar [[s.TimeLimitExceededMinTime:0.005]]
[2020.02.19-06.11.02:164][  0]LogConfig: Setting CVar [[s.UseBackgroundLevelStreaming:1]]
[2020.02.19-06.11.02:164][  0]LogConfig: Setting CVar [[s.PriorityAsyncLoadingExtraTime:15.0]]
[2020.02.19-06.11.02:164][  0]LogConfig: Setting CVar [[s.LevelStreamingActorsUpdateTimeLimit:5.0]]
[2020.02.19-06.11.02:164][  0]LogConfig: Setting CVar [[s.PriorityLevelStreamingActorsUpdateExtraTime:5.0]]
[2020.02.19-06.11.02:164][  0]LogConfig: Setting CVar [[s.LevelStreamingComponentsRegistrationGranularity:10]]
[2020.02.19-06.11.02:164][  0]LogConfig: Setting CVar [[s.UnregisterComponentsTimeLimit:1.0]]
[2020.02.19-06.11.02:164][  0]LogConfig: Setting CVar [[s.LevelStreamingComponentsUnregistrationGranularity:5]]
[2020.02.19-06.11.02:164][  0]LogConfig: Applying CVar settings from Section [/Script/Engine.GarbageCollectionSettings] File [C:/Users/Hans Schaa/Desktop/Unreal Projects/PoopRun2/Poop/Saved/Config/Windows/Engine.ini]
[2020.02.19-06.11.02:164][  0]LogConfig: Setting CVar [[gc.MaxObjectsNotConsideredByGC:1]]
[2020.02.19-06.11.02:164][  0]LogConfig: Setting CVar [[gc.SizeOfPermanentObjectPool:0]]
[2020.02.19-06.11.02:164][  0]LogConfig: Setting CVar [[gc.FlushStreamingOnGC:0]]
[2020.02.19-06.11.02:164][  0]LogConfig: Setting CVar [[gc.NumRetriesBeforeForcingGC:10]]
[2020.02.19-06.11.02:164][  0]LogConfig: Setting CVar [[gc.AllowParallelGC:1]]
[2020.02.19-06.11.02:164][  0]LogConfig: Setting CVar [[gc.TimeBetweenPurgingPendingKillObjects:61.1]]
[2020.02.19-06.11.02:164][  0]LogConfig: Setting CVar [[gc.MaxObjectsInEditor:16777216]]
[2020.02.19-06.11.02:164][  0]LogConfig: Setting CVar [[gc.IncrementalBeginDestroyEnabled:1]]
[2020.02.19-06.11.02:164][  0]LogConfig: Setting CVar [[gc.CreateGCClusters:1]]
[2020.02.19-06.11.02:164][  0]LogConfig: Setting CVar [[gc.MinGCClusterSize:5]]
[2020.02.19-06.11.02:164][  0]LogConfig: Setting CVar [[gc.ActorClusteringEnabled:0]]
[2020.02.19-06.11.02:164][  0]LogConfig: Setting CVar [[gc.BlueprintClusteringEnabled:0]]
[2020.02.19-06.11.02:164][  0]LogConfig: Setting CVar [[gc.UseDisregardForGCOnDedicatedServers:0]]
[2020.02.19-06.11.02:164][  0]LogConfig: Applying CVar settings from Section [/Script/Engine.NetworkSettings] File [C:/Users/Hans Schaa/Desktop/Unreal Projects/PoopRun2/Poop/Saved/Config/Windows/Engine.ini]
[2020.02.19-06.11.02:164][  0]LogConfig: Applying CVar settings from Section [/Script/UnrealEd.CookerSettings] File [C:/Users/Hans Schaa/Desktop/Unreal Projects/PoopRun2/Poop/Saved/Config/Windows/Engine.ini]
[2020.02.19-06.11.02:166][  0]LogConfig: Applying CVar settings from Section [ViewDistanceQuality@3] File [C:/Users/Hans Schaa/Desktop/Unreal Projects/PoopRun2/Poop/Saved/Config/Windows/Scalability.ini]
[2020.02.19-06.11.02:166][  0]LogConfig: Setting CVar [[r.SkeletalMeshLODBias:0]]
[2020.02.19-06.11.02:166][  0]LogConfig: Setting CVar [[r.ViewDistanceScale:1.0]]
[2020.02.19-06.11.02:166][  0]LogConfig: Applying CVar settings from Section [AntiAliasingQuality@3] File [C:/Users/Hans Schaa/Desktop/Unreal Projects/PoopRun2/Poop/Saved/Config/Windows/Scalability.ini]
[2020.02.19-06.11.02:166][  0]LogConfig: Setting CVar [[r.PostProcessAAQuality:4]]
[2020.02.19-06.11.02:166][  0]LogConfig: Applying CVar settings from Section [ShadowQuality@3] File [C:/Users/Hans Schaa/Desktop/Unreal Projects/PoopRun2/Poop/Saved/Config/Windows/Scalability.ini]
[2020.02.19-06.11.02:166][  0]LogConfig: Setting CVar [[r.LightFunctionQuality:1]]
[2020.02.19-06.11.02:166][  0]LogConfig: Setting CVar [[r.ShadowQuality:5]]
[2020.02.19-06.11.02:166][  0]LogConfig: Setting CVar [[r.Shadow.CSM.MaxCascades:10]]
[2020.02.19-06.11.02:166][  0]LogConfig: Setting CVar [[r.Shadow.MaxResolution:2048]]
[2020.02.19-06.11.02:166][  0]LogConfig: Setting CVar [[r.Shadow.MaxCSMResolution:2048]]
[2020.02.19-06.11.02:166][  0]LogConfig: Setting CVar [[r.Shadow.RadiusThreshold:0.01]]
[2020.02.19-06.11.02:166][  0]LogConfig: Setting CVar [[r.Shadow.DistanceScale:1.0]]
[2020.02.19-06.11.02:166][  0]LogConfig: Setting CVar [[r.Shadow.CSM.TransitionScale:1.0]]
[2020.02.19-06.11.02:166][  0]LogConfig: Setting CVar [[r.Shadow.PreShadowResolutionFactor:1.0]]
[2020.02.19-06.11.02:166][  0]LogConfig: Setting CVar [[r.DistanceFieldShadowing:1]]
[2020.02.19-06.11.02:166][  0]LogConfig: Setting CVar [[r.DistanceFieldAO:1]]
[2020.02.19-06.11.02:166][  0]LogConfig: Setting CVar [[r.AOQuality:2]]
[2020.02.19-06.11.02:167][  0]LogConfig: Setting CVar [[r.VolumetricFog:1]]
[2020.02.19-06.11.02:167][  0]LogConfig: Setting CVar [[r.VolumetricFog.GridPixelSize:8]]
[2020.02.19-06.11.02:167][  0]LogConfig: Setting CVar [[r.VolumetricFog.GridSizeZ:128]]
[2020.02.19-06.11.02:167][  0]LogConfig: Setting CVar [[r.VolumetricFog.HistoryMissSupersampleCount:4]]
[2020.02.19-06.11.02:167][  0]LogConfig: Setting CVar [[r.LightMaxDrawDistanceScale:1]]
[2020.02.19-06.11.02:167][  0]LogConfig: Setting CVar [[r.CapsuleShadows:1]]
[2020.02.19-06.11.02:167][  0]LogConfig: Applying CVar settings from Section [PostProcessQuality@3] File [C:/Users/Hans Schaa/Desktop/Unreal Projects/PoopRun2/Poop/Saved/Config/Windows/Scalability.ini]
[2020.02.19-06.11.02:167][  0]LogConfig: Setting CVar [[r.MotionBlurQuality:4]]
[2020.02.19-06.11.02:167][  0]LogConfig: Setting CVar [[r.AmbientOcclusionMipLevelFactor:0.4]]
[2020.02.19-06.11.02:167][  0]LogConfig: Setting CVar [[r.AmbientOcclusionMaxQuality:100]]
[2020.02.19-06.11.02:167][  0]LogConfig: Setting CVar [[r.AmbientOcclusionLevels:-1]]
[2020.02.19-06.11.02:167][  0]LogConfig: Setting CVar [[r.AmbientOcclusionRadiusScale:1.0]]
[2020.02.19-06.11.02:167][  0]LogConfig: Setting CVar [[r.DepthOfFieldQuality:2]]
[2020.02.19-06.11.02:167][  0]LogConfig: Setting CVar [[r.RenderTargetPoolMin:400]]
[2020.02.19-06.11.02:167][  0]LogConfig: Setting CVar [[r.LensFlareQuality:2]]
[2020.02.19-06.11.02:167][  0]LogConfig: Setting CVar [[r.SceneColorFringeQuality:1]]
[2020.02.19-06.11.02:167][  0]LogConfig: Setting CVar [[r.EyeAdaptationQuality:2]]
[2020.02.19-06.11.02:167][  0]LogConfig: Setting CVar [[r.BloomQuality:5]]
[2020.02.19-06.11.02:167][  0]LogConfig: Setting CVar [[r.FastBlurThreshold:100]]
[2020.02.19-06.11.02:167][  0]LogConfig: Setting CVar [[r.Upscale.Quality:3]]
[2020.02.19-06.11.02:167][  0]LogConfig: Setting CVar [[r.Tonemapper.GrainQuantization:1]]
[2020.02.19-06.11.02:167][  0]LogConfig: Setting CVar [[r.LightShaftQuality:1]]
[2020.02.19-06.11.02:167][  0]LogConfig: Setting CVar [[r.Filter.SizeScale:1]]
[2020.02.19-06.11.02:167][  0]LogConfig: Setting CVar [[r.Tonemapper.Quality:5]]
[2020.02.19-06.11.02:167][  0]LogConfig: Setting CVar [[r.DOF.Gather.AccumulatorQuality:1        ; higher gathering accumulator quality]]
[2020.02.19-06.11.02:167][  0]LogConfig: Setting CVar [[r.DOF.Gather.PostfilterMethod:1          ; Median3x3 postfilering method]]
[2020.02.19-06.11.02:167][  0]LogConfig: Setting CVar [[r.DOF.Gather.EnableBokehSettings:0       ; no bokeh simulation when gathering]]
[2020.02.19-06.11.02:167][  0]LogConfig: Setting CVar [[r.DOF.Gather.RingCount:4                 ; medium number of samples when gathering]]
[2020.02.19-06.11.02:167][  0]LogConfig: Setting CVar [[r.DOF.Scatter.ForegroundCompositing:1    ; additive foreground scattering]]
[2020.02.19-06.11.02:167][  0]LogConfig: Setting CVar [[r.DOF.Scatter.BackgroundCompositing:2    ; additive background scattering]]
[2020.02.19-06.11.02:167][  0]LogConfig: Setting CVar [[r.DOF.Scatter.EnableBokehSettings:1      ; bokeh simulation when scattering]]
[2020.02.19-06.11.02:167][  0]LogConfig: Setting CVar [[r.DOF.Scatter.MaxSpriteRatio:0.1         ; only a maximum of 10% of scattered bokeh]]
[2020.02.19-06.11.02:167][  0]LogConfig: Setting CVar [[r.DOF.Recombine.Quality:1                ; cheap slight out of focus]]
[2020.02.19-06.11.02:167][  0]LogConfig: Setting CVar [[r.DOF.Recombine.EnableBokehSettings:0    ; no bokeh simulation on slight out of focus]]
[2020.02.19-06.11.02:167][  0]LogConfig: Setting CVar [[r.DOF.TemporalAAQuality:1                ; more stable temporal accumulation]]
[2020.02.19-06.11.02:167][  0]LogConfig: Setting CVar [[r.DOF.Kernel.MaxForegroundRadius:0.025]]
[2020.02.19-06.11.02:167][  0]LogConfig: Setting CVar [[r.DOF.Kernel.MaxBackgroundRadius:0.025]]
[2020.02.19-06.11.02:167][  0]LogConfig: Applying CVar settings from Section [TextureQuality@3] File [C:/Users/Hans Schaa/Desktop/Unreal Projects/PoopRun2/Poop/Saved/Config/Windows/Scalability.ini]
[2020.02.19-06.11.02:167][  0]LogConfig: Setting CVar [[r.Streaming.MipBias:0]]
[2020.02.19-06.11.02:167][  0]LogConfig: Setting CVar [[r.Streaming.AmortizeCPUToGPUCopy:0]]
[2020.02.19-06.11.02:167][  0]LogConfig: Setting CVar [[r.Streaming.MaxNumTexturesToStreamPerFrame:0]]
[2020.02.19-06.11.02:167][  0]LogConfig: Setting CVar [[r.Streaming.Boost:1]]
[2020.02.19-06.11.02:167][  0]LogConfig: Setting CVar [[r.MaxAnisotropy:8]]
[2020.02.19-06.11.02:167][  0]LogConfig: Setting CVar [[r.Streaming.LimitPoolSizeToVRAM:0]]
[2020.02.19-06.11.02:167][  0]LogConfig: Setting CVar [[r.Streaming.PoolSize:1000]]
[2020.02.19-06.11.02:167][  0]LogConfig: Setting CVar [[r.Streaming.MaxEffectiveScreenSize:0]]
[2020.02.19-06.11.02:167][  0]LogConfig: Applying CVar settings from Section [EffectsQuality@3] File [C:/Users/Hans Schaa/Desktop/Unreal Projects/PoopRun2/Poop/Saved/Config/Windows/Scalability.ini]
[2020.02.19-06.11.02:167][  0]LogConfig: Setting CVar [[r.TranslucencyLightingVolumeDim:64]]
[2020.02.19-06.11.02:167][  0]LogConfig: Setting CVar [[r.RefractionQuality:2]]
[2020.02.19-06.11.02:167][  0]LogConfig: Setting CVar [[r.SSR.Quality:3]]
[2020.02.19-06.11.02:167][  0]LogConfig: Setting CVar [[r.SceneColorFormat:4]]
[2020.02.19-06.11.02:167][  0]LogConfig: Setting CVar [[r.DetailMode:2]]
[2020.02.19-06.11.02:167][  0]LogConfig: Setting CVar [[r.TranslucencyVolumeBlur:1]]
[2020.02.19-06.11.02:167][  0]LogConfig: Setting CVar [[r.MaterialQualityLevel:1 ; High quality]]
[2020.02.19-06.11.02:167][  0]LogConfig: Setting CVar [[r.SSS.Scale:1]]
[2020.02.19-06.11.02:167][  0]LogConfig: Setting CVar [[r.SSS.SampleSet:2]]
[2020.02.19-06.11.02:167][  0]LogConfig: Setting CVar [[r.SSS.Quality:1]]
[2020.02.19-06.11.02:167][  0]LogConfig: Setting CVar [[r.SSS.HalfRes:1]]
[2020.02.19-06.11.02:167][  0]LogConfig: Setting CVar [[r.EmitterSpawnRateScale:1.0]]
[2020.02.19-06.11.02:167][  0]LogConfig: Setting CVar [[r.ParticleLightQuality:2]]
[2020.02.19-06.11.02:167][  0]LogConfig: Applying CVar settings from Section [FoliageQuality@3] File [C:/Users/Hans Schaa/Desktop/Unreal Projects/PoopRun2/Poop/Saved/Config/Windows/Scalability.ini]
[2020.02.19-06.11.02:167][  0]LogConfig: Setting CVar [[foliage.DensityScale:1.0]]
[2020.02.19-06.11.02:167][  0]LogConfig: Setting CVar [[grass.DensityScale:1.0]]
[2020.02.19-06.11.02:167][  0]LogInit: Selected Device Profile: [Windows]
[2020.02.19-06.11.02:167][  0]LogInit: Applying CVar settings loaded from the selected device profile: [Windows]
[2020.02.19-06.11.02:170][  0]LogHAL: Display: Platform has ~ 24 GB [25644290048 / 34359738368 / 24], which maps to Larger [LargestMinGB=32, LargerMinGB=12, DefaultMinGB=8, SmallerMinGB=6, SmallestMinGB=0)
[2020.02.19-06.11.02:170][  0]LogInit: Going up to parent DeviceProfile []
[2020.02.19-06.11.02:170][  0]LogConfig: Applying CVar settings from Section [ViewDistanceQuality@1] File [C:/Users/Hans Schaa/Desktop/Unreal Projects/PoopRun2/Poop/Saved/Config/Windows/Scalability.ini]
[2020.02.19-06.11.02:170][  0]LogConfig: Setting CVar [[r.SkeletalMeshLODBias:1]]
[2020.02.19-06.11.02:170][  0]LogConfig: Setting CVar [[r.ViewDistanceScale:0.6]]
[2020.02.19-06.11.02:170][  0]LogConfig: Applying CVar settings from Section [AntiAliasingQuality@1] File [C:/Users/Hans Schaa/Desktop/Unreal Projects/PoopRun2/Poop/Saved/Config/Windows/Scalability.ini]
[2020.02.19-06.11.02:170][  0]LogConfig: Setting CVar [[r.PostProcessAAQuality:2]]
[2020.02.19-06.11.02:170][  0]LogConfig: Applying CVar settings from Section [ShadowQuality@1] File [C:/Users/Hans Schaa/Desktop/Unreal Projects/PoopRun2/Poop/Saved/Config/Windows/Scalability.ini]
[2020.02.19-06.11.02:170][  0]LogConfig: Setting CVar [[r.LightFunctionQuality:1]]
[2020.02.19-06.11.02:170][  0]LogConfig: Setting CVar [[r.ShadowQuality:3]]
[2020.02.19-06.11.02:170][  0]LogConfig: Setting CVar [[r.Shadow.CSM.MaxCascades:1]]
[2020.02.19-06.11.02:170][  0]LogConfig: Setting CVar [[r.Shadow.MaxResolution:1024]]
[2020.02.19-06.11.02:170][  0]LogConfig: Setting CVar [[r.Shadow.MaxCSMResolution:1024]]
[2020.02.19-06.11.02:170][  0]LogConfig: Setting CVar [[r.Shadow.RadiusThreshold:0.05]]
[2020.02.19-06.11.02:170][  0]LogConfig: Setting CVar [[r.Shadow.DistanceScale:0.7]]
[2020.02.19-06.11.02:170][  0]LogConfig: Setting CVar [[r.Shadow.CSM.TransitionScale:0.25]]
[2020.02.19-06.11.02:170][  0]LogConfig: Setting CVar [[r.Shadow.PreShadowResolutionFactor:0.5]]
[2020.02.19-06.11.02:170][  0]LogConfig: Setting CVar [[r.DistanceFieldShadowing:0]]
[2020.02.19-06.11.02:170][  0]LogConfig: Setting CVar [[r.DistanceFieldAO:0]]
[2020.02.19-06.11.02:170][  0]LogConfig: Setting CVar [[r.VolumetricFog:0]]
[2020.02.19-06.11.02:170][  0]LogConfig: Setting CVar [[r.LightMaxDrawDistanceScale:.5]]
[2020.02.19-06.11.02:170][  0]LogConfig: Setting CVar [[r.CapsuleShadows:1]]
[2020.02.19-06.11.02:170][  0]LogConfig: Applying CVar settings from Section [PostProcessQuality@1] File [C:/Users/Hans Schaa/Desktop/Unreal Projects/PoopRun2/Poop/Saved/Config/Windows/Scalability.ini]
[2020.02.19-06.11.02:170][  0]LogConfig: Setting CVar [[r.MotionBlurQuality:3]]
[2020.02.19-06.11.02:170][  0]LogConfig: Setting CVar [[r.AmbientOcclusionMipLevelFactor:1.0]]
[2020.02.19-06.11.02:170][  0]LogConfig: Setting CVar [[r.AmbientOcclusionMaxQuality:60]]
[2020.02.19-06.11.02:170][  0]LogConfig: Setting CVar [[r.AmbientOcclusionLevels:-1]]
[2020.02.19-06.11.02:170][  0]LogConfig: Setting CVar [[r.AmbientOcclusionRadiusScale:1.5]]
[2020.02.19-06.11.02:170][  0]LogConfig: Setting CVar [[r.DepthOfFieldQuality:1]]
[2020.02.19-06.11.02:170][  0]LogConfig: Setting CVar [[r.RenderTargetPoolMin:350]]
[2020.02.19-06.11.02:170][  0]LogConfig: Setting CVar [[r.LensFlareQuality:0]]
[2020.02.19-06.11.02:170][  0]LogConfig: Setting CVar [[r.SceneColorFringeQuality:0]]
[2020.02.19-06.11.02:170][  0]LogConfig: Setting CVar [[r.EyeAdaptationQuality:0]]
[2020.02.19-06.11.02:170][  0]LogConfig: Setting CVar [[r.BloomQuality:4]]
[2020.02.19-06.11.02:170][  0]LogConfig: Setting CVar [[r.FastBlurThreshold:2]]
[2020.02.19-06.11.02:170][  0]LogConfig: Setting CVar [[r.Upscale.Quality:2]]
[2020.02.19-06.11.02:170][  0]LogConfig: Setting CVar [[r.Tonemapper.GrainQuantization:0]]
[2020.02.19-06.11.02:170][  0]LogConfig: Setting CVar [[r.LightShaftQuality:0]]
[2020.02.19-06.11.02:170][  0]LogConfig: Setting CVar [[r.Filter.SizeScale:0.7]]
[2020.02.19-06.11.02:170][  0]LogConfig: Setting CVar [[r.Tonemapper.Quality:2]]
[2020.02.19-06.11.02:170][  0]LogConfig: Setting CVar [[r.DOF.Gather.AccumulatorQuality:0        ; lower gathering accumulator quality]]
[2020.02.19-06.11.02:170][  0]LogConfig: Setting CVar [[r.DOF.Gather.PostfilterMethod:2          ; Max3x3 postfilering method]]
[2020.02.19-06.11.02:170][  0]LogConfig: Setting CVar [[r.DOF.Gather.EnableBokehSettings:0       ; no bokeh simulation when gathering]]
[2020.02.19-06.11.02:170][  0]LogConfig: Setting CVar [[r.DOF.Gather.RingCount:3                 ; low number of samples when gathering]]
[2020.02.19-06.11.02:170][  0]LogConfig: Setting CVar [[r.DOF.Scatter.ForegroundCompositing:0    ; no foreground scattering]]
[2020.02.19-06.11.02:170][  0]LogConfig: Setting CVar [[r.DOF.Scatter.BackgroundCompositing:0    ; no foreground scattering]]
[2020.02.19-06.11.02:170][  0]LogConfig: Setting CVar [[r.DOF.Recombine.Quality:0                ; no slight out of focus]]
[2020.02.19-06.11.02:171][  0]LogConfig: Setting CVar [[r.DOF.TemporalAAQuality:0                ; faster temporal accumulation]]
[2020.02.19-06.11.02:171][  0]LogConfig: Setting CVar [[r.DOF.Kernel.MaxForegroundRadius:0.006   ; required because low gathering and no scattering and not looking great at 1080p]]
[2020.02.19-06.11.02:171][  0]LogConfig: Setting CVar [[r.DOF.Kernel.MaxBackgroundRadius:0.006   ; required because low gathering and no scattering and not looking great at 1080p]]
[2020.02.19-06.11.02:171][  0]LogConfig: Applying CVar settings from Section [TextureQuality@1] File [C:/Users/Hans Schaa/Desktop/Unreal Projects/PoopRun2/Poop/Saved/Config/Windows/Scalability.ini]
[2020.02.19-06.11.02:171][  0]LogConfig: Setting CVar [[r.Streaming.MipBias:1]]
[2020.02.19-06.11.02:171][  0]LogConfig: Setting CVar [[r.Streaming.AmortizeCPUToGPUCopy:0]]
[2020.02.19-06.11.02:171][  0]LogConfig: Setting CVar [[r.Streaming.MaxNumTexturesToStreamPerFrame:0]]
[2020.02.19-06.11.02:171][  0]LogConfig: Setting CVar [[r.Streaming.Boost:1]]
[2020.02.19-06.11.02:171][  0]LogConfig: Setting CVar [[r.MaxAnisotropy:2]]
[2020.02.19-06.11.02:171][  0]LogConfig: Setting CVar [[r.Streaming.LimitPoolSizeToVRAM:1]]
[2020.02.19-06.11.02:171][  0]LogConfig: Setting CVar [[r.Streaming.PoolSize:600]]
[2020.02.19-06.11.02:171][  0]LogConfig: Setting CVar [[r.Streaming.MaxEffectiveScreenSize:0]]
[2020.02.19-06.11.02:171][  0]LogConfig: Applying CVar settings from Section [EffectsQuality@1] File [C:/Users/Hans Schaa/Desktop/Unreal Projects/PoopRun2/Poop/Saved/Config/Windows/Scalability.ini]
[2020.02.19-06.11.02:171][  0]LogConfig: Setting CVar [[r.TranslucencyLightingVolumeDim:32]]
[2020.02.19-06.11.02:171][  0]LogConfig: Setting CVar [[r.RefractionQuality:0]]
[2020.02.19-06.11.02:171][  0]LogConfig: Setting CVar [[r.SSR.Quality:0]]
[2020.02.19-06.11.02:171][  0]LogConfig: Setting CVar [[r.SceneColorFormat:3]]
[2020.02.19-06.11.02:171][  0]LogConfig: Setting CVar [[r.DetailMode:1]]
[2020.02.19-06.11.02:171][  0]LogConfig: Setting CVar [[r.TranslucencyVolumeBlur:0]]
[2020.02.19-06.11.02:171][  0]LogConfig: Setting CVar [[r.MaterialQualityLevel:2 ; Medium quality]]
[2020.02.19-06.11.02:171][  0]LogConfig: Setting CVar [[r.SSS.Scale:0.75]]
[2020.02.19-06.11.02:171][  0]LogConfig: Setting CVar [[r.SSS.SampleSet:0]]
[2020.02.19-06.11.02:171][  0]LogConfig: Setting CVar [[r.SSS.Quality:0]]
[2020.02.19-06.11.02:171][  0]LogConfig: Setting CVar [[r.SSS.HalfRes:1]]
[2020.02.19-06.11.02:171][  0]LogConfig: Setting CVar [[r.EmitterSpawnRateScale:0.25]]
[2020.02.19-06.11.02:171][  0]LogConfig: Setting CVar [[r.ParticleLightQuality:0]]
[2020.02.19-06.11.02:171][  0]LogConfig: Applying CVar settings from Section [FoliageQuality@1] File [C:/Users/Hans Schaa/Desktop/Unreal Projects/PoopRun2/Poop/Saved/Config/Windows/Scalability.ini]
[2020.02.19-06.11.02:171][  0]LogConfig: Setting CVar [[foliage.DensityScale:0.4]]
[2020.02.19-06.11.02:171][  0]LogConfig: Setting CVar [[grass.DensityScale:0.4]]
[2020.02.19-06.11.02:171][  0]LogConfig: Applying CVar settings from Section [Startup] File [../../../Engine/Config/ConsoleVariables.ini]
[2020.02.19-06.11.02:171][  0]LogConfig: Setting CVar [[net.UseAdaptiveNetUpdateFrequency:0]]
[2020.02.19-06.11.02:171][  0]LogConfig: Setting CVar [[p.chaos.AllowCreatePhysxBodies:1]]
[2020.02.19-06.11.02:171][  0]LogConfig: Applying CVar settings from Section [ConsoleVariables] File [C:/Users/Hans Schaa/Desktop/Unreal Projects/PoopRun2/Poop/Saved/Config/Windows/Engine.ini]
[2020.02.19-06.11.02:171][  0]LogInit: Computer: LAPTOP-DDAKJICU
[2020.02.19-06.11.02:171][  0]LogInit: User: HansSchaa
[2020.02.19-06.11.02:171][  0]LogInit: CPU Page size=4096, Cores=4
[2020.02.19-06.11.02:171][  0]LogInit: High frequency timer resolution =10.000000 MHz
[2020.02.19-06.11.02:171][  0]LogMemory: Memory total: Physical=23.9GB (24GB approx)
[2020.02.19-06.11.02:171][  0]LogMemory: Platform Memory Stats for Windows
[2020.02.19-06.11.02:171][  0]LogMemory: Process Physical Memory: 101.74 MB used, 101.75 MB peak
[2020.02.19-06.11.02:171][  0]LogMemory: Process Virtual Memory: 100.59 MB used, 100.59 MB peak
[2020.02.19-06.11.02:171][  0]LogMemory: Physical Memory: 10182.36 MB used,  14273.94 MB free, 24456.30 MB total
[2020.02.19-06.11.02:171][  0]LogMemory: Virtual Memory: 4669.30 MB used,  134213056.00 MB free, 134217728.00 MB total
[2020.02.19-06.11.02:207][  0]LogWindows: WindowsPlatformFeatures enabled
[2020.02.19-06.11.02:231][  0]LogInit: Overriding language with editor language configuration option (en).
[2020.02.19-06.11.02:231][  0]LogInit: Overriding locale with editor locale configuration option (en).
[2020.02.19-06.11.02:393][  0]LogInit: Setting process to per monitor DPI aware
[2020.02.19-06.11.02:428][  0]LogSlate: New Slate User Created.  User Index 0, Is Virtual User: 0
[2020.02.19-06.11.02:428][  0]LogSlate: Slate User Registered.  User Index 0, Is Virtual User: 0
[2020.02.19-06.11.02:604][  0]LogHMD: Failed to initialize OpenVR with code 110
[2020.02.19-06.11.02:604][  0]LogD3D11RHI: D3D11 adapters:
[2020.02.19-06.11.02:680][  0]LogD3D11RHI:    0. 'NVIDIA GeForce GTX 1050 Ti' (Feature Level 11_0)
[2020.02.19-06.11.02:680][  0]LogD3D11RHI:       4018/0/12228 MB DedicatedVideo/DedicatedSystem/SharedSystem, Outputs:1, VendorId:0x10de
[2020.02.19-06.11.02:692][  0]LogD3D11RHI:    1. 'Intel(R) UHD Graphics 630' (Feature Level 11_0)
[2020.02.19-06.11.02:692][  0]LogD3D11RHI:       128/0/12228 MB DedicatedVideo/DedicatedSystem/SharedSystem, Outputs:0, VendorId:0x8086
[2020.02.19-06.11.02:694][  0]LogD3D11RHI:    2. 'Microsoft Basic Render Driver' (Feature Level 11_0)
[2020.02.19-06.11.02:694][  0]LogD3D11RHI:       0/0/12228 MB DedicatedVideo/DedicatedSystem/SharedSystem, Outputs:0, VendorId:0x1414
[2020.02.19-06.11.02:694][  0]LogD3D11RHI: Chosen D3D11 Adapter: 0
[2020.02.19-06.11.02:727][  0]LogD3D11RHI: Creating new Direct3DDevice
[2020.02.19-06.11.02:727][  0]LogD3D11RHI:     GPU DeviceId: 0x1c8c (for the marketing name, search the web for "GPU Device Id")
[2020.02.19-06.11.02:727][  0]LogWindows: EnumDisplayDevices:
[2020.02.19-06.11.02:727][  0]LogWindows:    0. 'Intel(R) UHD Graphics 630' (P:1 D:1)
[2020.02.19-06.11.02:727][  0]LogWindows:    1. 'Intel(R) UHD Graphics 630' (P:0 D:0)
[2020.02.19-06.11.02:727][  0]LogWindows:    2. 'Intel(R) UHD Graphics 630' (P:0 D:0)
[2020.02.19-06.11.02:728][  0]LogWindows:    3. 'NVIDIA GeForce GTX 1050 Ti' (P:0 D:0)
[2020.02.19-06.11.02:728][  0]LogWindows:    4. 'NVIDIA GeForce GTX 1050 Ti' (P:0 D:0)
[2020.02.19-06.11.02:728][  0]LogWindows:    5. 'NVIDIA GeForce GTX 1050 Ti' (P:0 D:0)
[2020.02.19-06.11.02:728][  0]LogWindows:    6. 'NVIDIA GeForce GTX 1050 Ti' (P:0 D:0)
[2020.02.19-06.11.02:728][  0]LogWindows: DebugString: PrimaryIsNotTheChoosenAdapter PrimaryIsNotTheChoosenAdapter PrimaryIsNotTheChoosenAdapter FoundDriverCount:4 
[2020.02.19-06.11.02:728][  0]LogD3D11RHI:     Adapter Name: NVIDIA GeForce GTX 1050 Ti
[2020.02.19-06.11.02:728][  0]LogD3D11RHI:   Driver Version: 398.82 (internal:24.21.13.9882, unified:398.82)
[2020.02.19-06.11.02:728][  0]LogD3D11RHI:      Driver Date: 7-30-2018
[2020.02.19-06.11.02:728][  0]LogRHI: Texture pool is 2812 MB (70% of 4018 MB)
[2020.02.19-06.11.02:774][  0]LogD3D11RHI: Async texture creation enabled
[2020.02.19-06.11.02:791][  0]LogD3D11RHI: GPU Timing Frequency: 1000.000000 (Debug: 2 2)
[2020.02.19-06.11.03:861][  0]LogTemp: Display: Module 'AllDesktopTargetPlatform' loaded TargetPlatform 'AllDesktop'
[2020.02.19-06.11.03:869][  0]LogTemp: Display: Module 'MacClientTargetPlatform' loaded TargetPlatform 'MacClient'
[2020.02.19-06.11.03:877][  0]LogTemp: Display: Module 'MacNoEditorTargetPlatform' loaded TargetPlatform 'MacNoEditor'
[2020.02.19-06.11.03:885][  0]LogTemp: Display: Module 'MacServerTargetPlatform' loaded TargetPlatform 'MacServer'
[2020.02.19-06.11.03:894][  0]LogTemp: Display: Module 'MacTargetPlatform' loaded TargetPlatform 'Mac'
[2020.02.19-06.11.03:902][  0]LogTemp: Display: Module 'WindowsClientTargetPlatform' loaded TargetPlatform 'WindowsClient'
[2020.02.19-06.11.03:910][  0]LogTemp: Display: Module 'WindowsNoEditorTargetPlatform' loaded TargetPlatform 'WindowsNoEditor'
[2020.02.19-06.11.03:919][  0]LogTemp: Display: Module 'WindowsServerTargetPlatform' loaded TargetPlatform 'WindowsServer'
[2020.02.19-06.11.03:923][  0]LogTemp: Display: Module 'WindowsTargetPlatform' loaded TargetPlatform 'Windows'
[2020.02.19-06.11.03:951][  0]LogTemp: Display: Module 'AndroidTargetPlatform' loaded TargetPlatform 'Android'
[2020.02.19-06.11.03:951][  0]LogTemp: Display: Module 'AndroidTargetPlatform' loaded TargetPlatform 'Android_ASTC'
[2020.02.19-06.11.03:951][  0]LogTemp: Display: Module 'AndroidTargetPlatform' loaded TargetPlatform 'Android_ATC'
[2020.02.19-06.11.03:951][  0]LogTemp: Display: Module 'AndroidTargetPlatform' loaded TargetPlatform 'Android_DXT'
[2020.02.19-06.11.03:951][  0]LogTemp: Display: Module 'AndroidTargetPlatform' loaded TargetPlatform 'Android_ETC1'
[2020.02.19-06.11.03:951][  0]LogTemp: Display: Module 'AndroidTargetPlatform' loaded TargetPlatform 'Android_ETC1a'
[2020.02.19-06.11.03:951][  0]LogTemp: Display: Module 'AndroidTargetPlatform' loaded TargetPlatform 'Android_ETC2'
[2020.02.19-06.11.03:951][  0]LogTemp: Display: Module 'AndroidTargetPlatform' loaded TargetPlatform 'Android_PVRTC'
[2020.02.19-06.11.03:951][  0]LogTemp: Display: Module 'AndroidTargetPlatform' loaded TargetPlatform 'AndroidClient'
[2020.02.19-06.11.03:951][  0]LogTemp: Display: Module 'AndroidTargetPlatform' loaded TargetPlatform 'Android_ASTCClient'
[2020.02.19-06.11.03:951][  0]LogTemp: Display: Module 'AndroidTargetPlatform' loaded TargetPlatform 'Android_ATCClient'
[2020.02.19-06.11.03:951][  0]LogTemp: Display: Module 'AndroidTargetPlatform' loaded TargetPlatform 'Android_DXTClient'
[2020.02.19-06.11.03:951][  0]LogTemp: Display: Module 'AndroidTargetPlatform' loaded TargetPlatform 'Android_ETC1Client'
[2020.02.19-06.11.03:951][  0]LogTemp: Display: Module 'AndroidTargetPlatform' loaded TargetPlatform 'Android_ETC1aClient'
[2020.02.19-06.11.03:952][  0]LogTemp: Display: Module 'AndroidTargetPlatform' loaded TargetPlatform 'Android_ETC2Client'
[2020.02.19-06.11.03:952][  0]LogTemp: Display: Module 'AndroidTargetPlatform' loaded TargetPlatform 'Android_PVRTCClient'
[2020.02.19-06.11.03:952][  0]LogTemp: Display: Module 'AndroidTargetPlatform' loaded TargetPlatform 'Android_Multi'
[2020.02.19-06.11.03:952][  0]LogTemp: Display: Module 'AndroidTargetPlatform' loaded TargetPlatform 'Android_MultiClient'
[2020.02.19-06.11.03:953][  0]LogTemp: Display: Module 'HTML5TargetPlatform' loaded TargetPlatform 'HTML5'
[2020.02.19-06.11.03:968][  0]LogTemp: Display: Module 'IOSTargetPlatform' loaded TargetPlatform 'IOSClient'
[2020.02.19-06.11.03:968][  0]LogTemp: Display: Module 'IOSTargetPlatform' loaded TargetPlatform 'IOS'
[2020.02.19-06.11.03:980][  0]LogTemp: Display: Module 'TVOSTargetPlatform' loaded TargetPlatform 'TVOSClient'
[2020.02.19-06.11.03:980][  0]LogTemp: Display: Module 'TVOSTargetPlatform' loaded TargetPlatform 'TVOS'
[2020.02.19-06.11.03:986][  0]LogTemp: Display: Module 'LinuxClientTargetPlatform' loaded TargetPlatform 'LinuxClient'
[2020.02.19-06.11.03:992][  0]LogTemp: Display: Module 'LinuxNoEditorTargetPlatform' loaded TargetPlatform 'LinuxNoEditor'
[2020.02.19-06.11.03:998][  0]LogTemp: Display: Module 'LinuxServerTargetPlatform' loaded TargetPlatform 'LinuxServer'
[2020.02.19-06.11.04:005][  0]LogTemp: Display: Module 'LinuxTargetPlatform' loaded TargetPlatform 'Linux'
[2020.02.19-06.11.04:025][  0]LogTemp: Display: Module 'LuminTargetPlatform' loaded TargetPlatform 'Lumin'
[2020.02.19-06.11.04:025][  0]LogTemp: Display: Module 'LuminTargetPlatform' loaded TargetPlatform 'LuminClient'
[2020.02.19-06.11.04:025][  0]LogTargetPlatformManager: Display: Building Assets For Windows
[2020.02.19-06.11.04:034][  0]LogAudioDebug: Display: Lib vorbis DLL was dynamically loaded.
[2020.02.19-06.11.04:084][  0]LogShaderCompilers: Guid format shader working directory is -21 characters bigger than the processId version (../../../../../../Users/Hans Schaa/Desktop/Unreal Projects/PoopRun2/Poop/Intermediate/Shaders/WorkingDirectory/8752/).
[2020.02.19-06.11.04:084][  0]LogShaderCompilers: Cleaned the shader compiler working directory 'C:/Users/Hans Schaa/AppData/Local/Temp/UnrealShaderWorkingDir/C60D71FF416E255D72CC438054A0BCCE/'.
[2020.02.19-06.11.04:086][  0]LogXGEController: Cannot use XGE Controller as Incredibuild is not installed on this machine.
[2020.02.19-06.11.04:086][  0]LogShaderCompilers: Cannot use XGE Shader Compiler as Incredibuild is not installed on this machine.
[2020.02.19-06.11.04:087][  0]LogShaderCompilers: Display: Using Local Shader Compiler.
[2020.02.19-06.11.04:616][  0]LogDerivedDataCache: Display: Max Cache Size: 512 MB
[2020.02.19-06.11.04:657][  0]LogDerivedDataCache: Loaded boot cache 0.04s 73MB C:/Users/Hans Schaa/AppData/Local/UnrealEngine/4.23/DerivedDataCache/Boot.ddc.
[2020.02.19-06.11.04:657][  0]LogDerivedDataCache: Display: Loaded Boot cache: C:/Users/Hans Schaa/AppData/Local/UnrealEngine/4.23/DerivedDataCache/Boot.ddc
[2020.02.19-06.11.04:657][  0]LogDerivedDataCache: FDerivedDataBackendGraph:  Pak pak cache file ../../../../../../Users/Hans Schaa/Desktop/Unreal Projects/PoopRun2/Poop/DerivedDataCache/DDC.ddp not found, will not use a pak cache.
[2020.02.19-06.11.04:657][  0]LogDerivedDataCache: Unable to find inner node Pak for hierarchical cache Hierarchy.
[2020.02.19-06.11.04:657][  0]LogDerivedDataCache: FDerivedDataBackendGraph:  CompressedPak pak cache file ../../../../../../Users/Hans Schaa/Desktop/Unreal Projects/PoopRun2/Poop/DerivedDataCache/Compressed.ddp not found, will not use a pak cache.
[2020.02.19-06.11.04:657][  0]LogDerivedDataCache: Unable to find inner node CompressedPak for hierarchical cache Hierarchy.
[2020.02.19-06.11.04:667][  0]LogDerivedDataCache: Display: Pak cache opened for reading ../../../Engine/DerivedDataCache/Compressed.ddp.
[2020.02.19-06.11.04:667][  0]LogDerivedDataCache: FDerivedDataBackendGraph:  EnterprisePak pak cache file ../../../Enterprise/DerivedDataCache/Compressed.ddp not found, will not use a pak cache.
[2020.02.19-06.11.04:667][  0]LogDerivedDataCache: Unable to find inner node EnterprisePak for hierarchical cache Hierarchy.
[2020.02.19-06.11.04:668][  0]LogDerivedDataCache: Using Local data cache path C:/Users/Hans Schaa/AppData/Local/UnrealEngine/Common/DerivedDataCache: Writable
[2020.02.19-06.11.04:668][  0]LogDerivedDataCache: Shared data cache path not found in *engine.ini, will not use an Shared cache.
[2020.02.19-06.11.04:668][  0]LogDerivedDataCache: Unable to find inner node Shared for hierarchical cache Hierarchy.
[2020.02.19-06.11.04:686][  0]LogMaterial: Verifying Global Shaders for PCD3D_SM5
[2020.02.19-06.11.04:688][  0]LogSlate: Using FreeType 2.6.0
[2020.02.19-06.11.04:689][  0]LogSlate: SlateFontServices - WITH_FREETYPE: 1, WITH_HARFBUZZ: 1
[2020.02.19-06.11.04:735][  0]LogAssetRegistry: FAssetRegistry took 0.0021 seconds to start up
[2020.02.19-06.11.04:958][  0]LogInit: Selected Device Profile: [Windows]
[2020.02.19-06.11.05:086][  0]LogMeshReduction: Using QuadricMeshReduction for automatic static mesh reduction
[2020.02.19-06.11.05:086][  0]LogMeshReduction: Using SimplygonMeshReduction for automatic skeletal mesh reduction
[2020.02.19-06.11.05:086][  0]LogMeshReduction: Using ProxyLODMeshReduction for automatic mesh merging
[2020.02.19-06.11.05:086][  0]LogMeshReduction: No distributed automatic mesh merging module available
[2020.02.19-06.11.05:086][  0]LogMeshMerging: No distributed automatic mesh merging module available
[2020.02.19-06.11.05:094][  0]LogNetVersion: Poop 1.0.0, NetCL: 8386587, EngineNetVer: 11, GameNetVer: 0 (Checksum: 1090324639)
[2020.02.19-06.11.05:441][  0]LogPackageLocalizationCache: Processed 12 localized package path(s) for 1 prioritized culture(s) in 0.051149 seconds
[2020.02.19-06.11.05:448][  0]LogUObjectArray: 43444 objects as part of root set at end of initial load.
[2020.02.19-06.11.05:448][  0]LogUObjectAllocator: 7548648 out of 0 bytes used by permanent object pool.
[2020.02.19-06.11.05:448][  0]LogUObjectArray: CloseDisregardForGC: 0/0 objects in disregard for GC pool
[2020.02.19-06.11.06:289][  0]LogTcpMessaging: Initializing TcpMessaging bridge
[2020.02.19-06.11.06:291][  0]LogUdpMessaging: Initializing bridge on interface 0.0.0.0:0 to multicast group 230.0.0.1:6666.
[2020.02.19-06.11.06:345][  0]SourceControl: Source control is disabled
[2020.02.19-06.11.06:345][  0]SourceControl: Source control is disabled
[2020.02.19-06.11.06:347][  0]SourceControl: Source control is disabled
[2020.02.19-06.11.06:348][  0]SourceControl: Source control is disabled
[2020.02.19-06.11.06:450][  0]LogAndroidPermission: UAndroidPermissionCallbackProxy::GetInstance
[2020.02.19-06.11.06:549][  0]LogOcInput: OculusInput pre-init called
[2020.02.19-06.11.06:555][  0]LogWindows: Failed to load 'OVRPlugin.dll' (GetLastError=126)
[2020.02.19-06.11.06:555][  0]LogWindows: File 'OVRPlugin.dll' does not exist
[2020.02.19-06.11.06:616][  0]LogEngine: Initializing Engine...
[2020.02.19-06.11.06:617][  0]LogHMD: Failed to initialize OpenVR with code 110
[2020.02.19-06.11.06:618][  0]LogStats: UGameplayTagsManager::InitializeManager -  0.000 s
[2020.02.19-06.11.06:805][  0]LogInit: Initializing FReadOnlyCVARCache
[2020.02.19-06.11.06:820][  0]LogAIModule: Creating AISystem for world Untitled
[2020.02.19-06.11.06:834][  0]LogInit: XAudio2 using 'Altavoces (Realtek(R) Audio)' : 2 channels at 48 kHz using 32 bits per sample (channel mask 0x3)
[2020.02.19-06.11.06:857][  0]LogInit: FAudioDevice initialized.
[2020.02.19-06.11.06:857][  0]LogNetVersion: Set ProjectVersion to 1.0.0.0. Version Checksum will be recalculated on next use.
[2020.02.19-06.11.07:432][  0]LogDerivedDataCache: Saved boot cache 0.57s 73MB C:/Users/Hans Schaa/AppData/Local/UnrealEngine/4.23/DerivedDataCache/Boot.ddc.
[2020.02.19-06.11.07:437][  0]LogInit: Texture streaming: Enabled
[2020.02.19-06.11.07:458][  0]LogEngineSessionManager: EngineSessionManager initialized
[2020.02.19-06.11.07:517][  0]LogInit: Transaction tracking system initialized
[2020.02.19-06.11.07:553][  0]BlueprintLog: New page: Editor Load
[2020.02.19-06.11.07:667][  0]LocalizationService: Localization service is disabled
[2020.02.19-06.11.07:717][  0]LogLinker: Warning: Failed to load '/Game/FirstPersonBP/FirstPersonOverview': Can't find file.
[2020.02.19-06.11.07:717][  0]LogLinker: Warning: Failed to load '/Game/FirstPersonBP/FirstPersonOverview': Can't find file.
[2020.02.19-06.11.07:717][  0]LogUObjectGlobals: Warning: Failed to find object 'Class /Game/FirstPersonBP/FirstPersonOverview.FirstPersonOverview_C'
[2020.02.19-06.11.08:343][  0]LogFileCache: Scanning file cache for directory 'C:/Users/Hans Schaa/Desktop/Unreal Projects/PoopRun2/Poop/Content/' took 0.00s
[2020.02.19-06.11.08:343][  0]LogCook: Display: Max memory allowance for cook 16384mb min free memory 0mb
[2020.02.19-06.11.08:343][  0]LogCook: Display: Mobile HDR setting 1
[2020.02.19-06.11.08:503][  0]SourceControl: Source control is disabled
[2020.02.19-06.11.08:503][  0]Cmd: MAP LOAD FILE="../../../../../../Users/Hans Schaa/Desktop/Unreal Projects/PoopRun2/Poop/Content/ThirdPersonBP/Maps/ThirdPersonExampleMap.umap" TEMPLATE=0 SHOWPROGRESS=1 FEATURELEVEL=3
[2020.02.19-06.11.08:503][  0]LightingResults: New page: Lighting Build
[2020.02.19-06.11.08:506][  0]LogWorld: UWorld::CleanupWorld for Untitled, bSessionEnded=true, bCleanupResources=true
[2020.02.19-06.11.08:507][  0]MapCheck: New page: Map Check
[2020.02.19-06.11.08:507][  0]LightingResults: New page: Lighting Build
[2020.02.19-06.11.08:529][  0]LogUObjectHash: Compacting FUObjectHashTables data took   1.38ms
[2020.02.19-06.11.08:647][  0]LogAIModule: Creating AISystem for world ThirdPersonExampleMap
[2020.02.19-06.11.08:656][  0]PIE: Warning: Trying to simulate physics on ''/Game/ThirdPersonBP/Maps/ThirdPersonExampleMap.ThirdPersonExampleMap:PersistentLevel.ThirdPersonCharacter_167.StaticMesh'' but it has ComplexAsSimple collision.
[2020.02.19-06.11.08:657][  0]PIE: Warning: Trying to simulate physics on ''/Game/ThirdPersonBP/Maps/ThirdPersonExampleMap.ThirdPersonExampleMap:PersistentLevel.ThirdPersonCharacter_167.StaticMesh'' but it has ComplexAsSimple collision.
[2020.02.19-06.11.08:657][  0]PIE: Warning: Trying to simulate physics on ''/Game/ThirdPersonBP/Maps/ThirdPersonExampleMap.ThirdPersonExampleMap:PersistentLevel.ThirdPersonCharacter_167.StaticMesh'' but it has ComplexAsSimple collision.
[2020.02.19-06.11.08:657][  0]PIE: Warning: Trying to simulate physics on ''/Game/ThirdPersonBP/Maps/ThirdPersonExampleMap.ThirdPersonExampleMap:PersistentLevel.ThirdPersonCharacter_167.StaticMesh'' but it has ComplexAsSimple collision.
[2020.02.19-06.11.08:657][  0]LogEditorServer: Finished looking for orphan Actors (0.000 secs)
[2020.02.19-06.11.08:680][  0]LogUObjectHash: Compacting FUObjectHashTables data took   1.76ms
[2020.02.19-06.11.08:680][  0]Cmd: MAP CHECKDEP NOCLEARLOG
[2020.02.19-06.11.08:680][  0]MapCheck: Map check complete: 0 Error(s), 0 Warning(s), took 0.135ms to complete.
[2020.02.19-06.11.08:680][  0]LogFileHelpers: Loading map 'ThirdPersonExampleMap' took 0.177
[2020.02.19-06.11.08:770][  0]LogSlate: Updating window title bar state: overlay mode, drag disabled, window buttons hidden, title bar hidden
[2020.02.19-06.11.08:778][  0]LogSlate: Updating window title bar state: overlay mode, drag disabled, window buttons hidden, title bar hidden
[2020.02.19-06.11.08:785][  0]LogSlate: Updating window title bar state: overlay mode, drag disabled, window buttons hidden, title bar hidden
[2020.02.19-06.11.08:791][  0]LogSlate: Updating window title bar state: overlay mode, drag disabled, window buttons hidden, title bar hidden
[2020.02.19-06.11.08:797][  0]LogCollectionManager: Loaded 0 collections in 0.002000 seconds
[2020.02.19-06.11.08:802][  0]LogFileCache: Scanning file cache for directory 'C:/Users/Hans Schaa/Desktop/Unreal Projects/PoopRun2/Poop/Saved/Collections/' took 0.00s
[2020.02.19-06.11.08:802][  0]LogFileCache: Scanning file cache for directory 'C:/Users/Hans Schaa/Desktop/Unreal Projects/PoopRun2/Poop/Content/Developers/HansSchaa/Collections/' took 0.00s
[2020.02.19-06.11.08:802][  0]LogFileCache: Scanning file cache for directory 'C:/Users/Hans Schaa/Desktop/Unreal Projects/PoopRun2/Poop/Content/Collections/' took 0.00s
[2020.02.19-06.11.08:802][  0]LogCollectionManager: Rebuilt the GUID cache for 0 collections in 0.000001 seconds
[2020.02.19-06.11.08:809][  0]LogContentBrowser: Native class hierarchy populated in 0.0067 seconds. Added 2863 classes and 680 folders.
[2020.02.19-06.11.08:817][  0]LogContentBrowser: Native class hierarchy updated for 'WidgetCarousel' in 0.0002 seconds. Added 0 classes and 0 folders.
[2020.02.19-06.11.08:848][  0]LogContentBrowser: Native class hierarchy updated for 'AddContentDialog' in 0.0002 seconds. Added 0 classes and 0 folders.
[2020.02.19-06.11.08:856][  0]LogContentBrowser: Native class hierarchy updated for 'WorldBrowser' in 0.0002 seconds. Added 2 classes and 3 folders.
[2020.02.19-06.11.08:862][  0]LogContentBrowser: Native class hierarchy updated for 'SceneOutliner' in 0.0002 seconds. Added 1 classes and 2 folders.
[2020.02.19-06.11.08:925][  0]LogSlate: Took 0.000148 seconds to synchronously load lazily loaded font '../../../Engine/Content/Slate/Fonts/Roboto-Regular.ttf' (155K)
[2020.02.19-06.11.08:927][  0]LogSlate: Took 0.000139 seconds to synchronously load lazily loaded font '../../../Engine/Content/Slate/Fonts/Roboto-Bold.ttf' (160K)
[2020.02.19-06.11.08:933][  0]LogSlate: Took 0.000184 seconds to synchronously load lazily loaded font '../../../Engine/Content/Editor/Slate/Fonts/FontAwesome.ttf' (139K)
[2020.02.19-06.11.08:996][  0]LogRenderer: Reallocating scene render targets to support 844x400 Format 9 NumSamples 1 (Frame:1).
[2020.02.19-06.11.09:116][  0]LogContentBrowser: Native class hierarchy updated for 'HierarchicalLODOutliner' in 0.0002 seconds. Added 0 classes and 0 folders.
[2020.02.19-06.11.09:116][  0]LogLoad: (Engine Initialization) Total time: 7.99 seconds
[2020.02.19-06.11.09:116][  0]LogLoad: (Engine Initialization) Total Blueprint compile time: 0.00 seconds
[2020.02.19-06.11.09:171][  0]LogAssetRegistry: Asset discovery search completed in 4.4367 seconds
[2020.02.19-06.11.09:176][  0]LogCollectionManager: Rebuilt the object cache for 0 collections in 0.000004 seconds (found 0 objects)
[2020.02.19-06.11.09:176][  0]LogCollectionManager: Fixed up redirectors for 0 collections in 0.000086 seconds (updated 0 objects)
[2020.02.19-06.11.09:177][  0]LogContentStreaming: Texture pool size now 600 MB
[2020.02.19-06.11.09:195][  0]LogSlate: Took 0.000101 seconds to synchronously load lazily loaded font '../../../Engine/Content/Slate/Fonts/Roboto-Light.ttf' (167K)
[2020.02.19-06.11.55:934][180]LogSlate: FSceneViewport::OnFocusLost() reason 0
[2020.02.19-06.15.26:923][ 52]LogEditorViewport: Clicking on Actor (LMB): ThirdPersonCharacter_C (ThirdPersonCharacter)
[2020.02.19-06.15.28:090][ 78]LogSlate: FSceneViewport::OnFocusLost() reason 0
[2020.02.19-06.15.28:291][ 80]LogSlate: Took 0.000117 seconds to synchronously load lazily loaded font '../../../Engine/Content/Slate/Fonts/Roboto-Light.ttf' (167K)
[2020.02.19-06.15.28:298][ 80]LogAssetEditorManager: Opening Asset editor for Blueprint /Game/ThirdPersonBP/Blueprints/ThirdPersonCharacter.ThirdPersonCharacter
[2020.02.19-06.15.28:624][ 80]LogContentBrowser: Native class hierarchy updated for 'BlueprintGraph' in 0.0004 seconds. Added 121 classes and 0 folders.
[2020.02.19-06.15.29:320][ 80]PIE: Warning: Trying to simulate physics on ''/Engine/Transient.World_1:PersistentLevel.ThirdPersonCharacter_C_0.StaticMesh'' but it has ComplexAsSimple collision.
[2020.02.19-06.15.29:325][ 80]LogSlate: Took 0.000152 seconds to synchronously load lazily loaded font '../../../Engine/Content/Slate/Fonts/Roboto-BoldCondensed.ttf' (158K)
[2020.02.19-06.15.29:435][ 81]LogSlate: Took 0.000203 seconds to synchronously load lazily loaded font '../../../Engine/Content/Slate/Fonts/Roboto-Italic.ttf' (157K)
[2020.02.19-06.16.06:297][552]LogRenderer: Reallocating scene render targets to support 844x464 Format 9 NumSamples 1 (Frame:1).
[2020.02.19-06.16.08:659][584]BlueprintLog: New page: Compile ThirdPersonCharacter
[2020.02.19-06.16.08:905][584]LogUObjectHash: Compacting FUObjectHashTables data took   3.97ms
[2020.02.19-06.16.09:623][590]LogSavePackage: Moving '../../../../../../Users/Hans Schaa/Desktop/Unreal Projects/PoopRun2/Poop/Saved/ThirdPersonCharacter63EB40C8486B42DA6C28AE9767897363.tmp' to '../../../../../../Users/Hans Schaa/Desktop/Unreal Projects/PoopRun2/Poop/Content/ThirdPersonBP/Blueprints/ThirdPersonCharacter.uasset'
[2020.02.19-06.16.11:371][614]LogAssetEditorManager: Opening Asset editor for StaticMesh /DatasmithContent/Meshes/sphere.sphere
[2020.02.19-06.16.12:033][615]LogRenderer: Reallocating scene render targets to support 1028x612 Format 9 NumSamples 1 (Frame:1).
[2020.02.19-06.16.22:367][722]Cmd: OBJ SAVEPACKAGE PACKAGE="/DatasmithContent/Meshes/sphere" FILE="../../Plugins/Enterprise/DatasmithContent/Content/Meshes/sphere.uasset" SILENT=true
[2020.02.19-06.16.22:393][722]LogSavePackage: Moving '../../../../../../Users/Hans Schaa/Desktop/Unreal Projects/PoopRun2/Poop/Saved/sphereC70B8F8A4F34B6B7E965CFA18E7488F4.tmp' to '../../Plugins/Enterprise/DatasmithContent/Content/Meshes/sphere.uasset'
[2020.02.19-06.16.23:232][735]LogSlate: Window 'sphere' being destroyed
[2020.02.19-06.16.23:302][735]LogSlate: Window 'sphere' being destroyed
[2020.02.19-06.16.23:323][735]LogWorld: UWorld::CleanupWorld for World_1, bSessionEnded=true, bCleanupResources=true
[2020.02.19-06.16.23:388][735]LogWorld: UWorld::CleanupWorld for World_4, bSessionEnded=true, bCleanupResources=true
[2020.02.19-06.16.33:004][953]LogSlate: FSceneViewport::OnFocusLost() reason 0
[2020.02.19-06.16.33:144][954]LogAssetEditorManager: Opening Asset editor for Blueprint /Game/ThirdPersonBP/Blueprints/ThirdPersonCharacter.ThirdPersonCharacter
[2020.02.19-06.16.49:729][162]LogSlate: FSceneViewport::OnFocusLost() reason 0
[2020.02.19-06.16.52:048][203]LogAIModule: Creating AISystem for world Lvel0
[2020.02.19-06.16.52:062][203]LogAssetEditorManager: Opening Asset editor for World /Game/_Levels/Lvel0.Lvel0
[2020.02.19-06.16.52:149][203]LogUObjectHash: Compacting FUObjectHashTables data took   4.22ms
[2020.02.19-06.16.54:417][203]LogSlate: Window 'Save Content' being destroyed
[2020.02.19-06.16.54:472][203]Cmd: MAP LOAD FILE="../../../../../../Users/Hans Schaa/Desktop/Unreal Projects/PoopRun2/Poop/Content/_Levels/Lvel0.umap" TEMPLATE=0 SHOWPROGRESS=1 FEATURELEVEL=3
[2020.02.19-06.16.54:473][203]LightingResults: New page: Lighting Build
[2020.02.19-06.16.54:474][203]LoadErrors: New page: Loading map: Lvel0.umap
[2020.02.19-06.16.54:475][203]LogWorld: UWorld::CleanupWorld for ThirdPersonExampleMap, bSessionEnded=true, bCleanupResources=true
[2020.02.19-06.16.54:500][203]MapCheck: New page: Map Check
[2020.02.19-06.16.54:500][203]LightingResults: New page: Lighting Build
[2020.02.19-06.16.54:551][203]LogUObjectHash: Compacting FUObjectHashTables data took   3.34ms
[2020.02.19-06.16.54:629][203]LogEditorServer: Finished looking for orphan Actors (0.000 secs)
[2020.02.19-06.16.54:661][203]LogUObjectHash: Compacting FUObjectHashTables data took   2.29ms
[2020.02.19-06.16.54:685][203]Cmd: MAP CHECKDEP NOCLEARLOG
[2020.02.19-06.16.54:687][203]MapCheck: Map check complete: 0 Error(s), 0 Warning(s), took 1.413ms to complete.
[2020.02.19-06.16.54:687][203]LogFileHelpers: Loading map 'Lvel0' took 0.216
[2020.02.19-06.16.56:172][242]LogTemp: Repeating last play command: New Editor Window (PIE)
[2020.02.19-06.16.56:188][242]LogBlueprintUserMessages: Early PlayInEditor Detection: Level '/Game/_Levels/Lvel0.Lvel0:PersistentLevel' has LevelScriptBlueprint '/Game/_Levels/Lvel0.Lvel0:PersistentLevel.Lvel0' with GeneratedClass '/Game/_Levels/Lvel0.Lvel0_C' with ClassGeneratedBy '/Game/_Levels/Lvel0.Lvel0:PersistentLevel.Lvel0'
[2020.02.19-06.16.56:188][242]LogPlayLevel: PlayLevel: No blueprints needed recompiling
[2020.02.19-06.16.56:189][242]PIE: New page: PIE session: Lvel0 (Feb 19, 2020, 12:16:56 AM)
[2020.02.19-06.16.56:190][242]LogOnline: OSS: Creating online subsystem instance for: NULL
[2020.02.19-06.16.56:190][242]LogPlayLevel: Creating play world package: /Game/_Levels/UEDPIE_0_Lvel0
[2020.02.19-06.16.56:195][242]LogPlayLevel: PIE: StaticDuplicateObject took: (0.004393s)
[2020.02.19-06.16.56:197][242]LogAIModule: Creating AISystem for world Lvel0
[2020.02.19-06.16.56:197][242]LogPlayLevel: PIE: World Init took: (0.002152s)
[2020.02.19-06.16.56:197][242]LogPlayLevel: PIE: Created PIE world by copying editor world from /Game/_Levels/Lvel0.Lvel0 to /Game/_Levels/UEDPIE_0_Lvel0.Lvel0 (0.006816s)
[2020.02.19-06.16.56:232][242]LogUObjectHash: Compacting FUObjectHashTables data took   3.38ms
[2020.02.19-06.16.56:245][242]LogInit: XAudio2 using 'Altavoces (Realtek(R) Audio)' : 2 channels at 48 kHz using 32 bits per sample (channel mask 0x3)
[2020.02.19-06.16.56:263][242]LogInit: FAudioDevice initialized.
[2020.02.19-06.16.56:271][242]LogSlate: Updating window title bar state: overlay mode, drag disabled, window buttons hidden, title bar hidden
[2020.02.19-06.16.56:275][242]LogLoad: Game class is 'ThirdPersonGameMode_C'
[2020.02.19-06.16.56:279][242]LogWorld: Bringing World /Game/_Levels/UEDPIE_0_Lvel0.Lvel0 up for play (max tick rate 60) at 2020.02.19-03.16.56
[2020.02.19-06.16.56:279][242]LogWorld: Bringing up level for play took: 0.001840
[2020.02.19-06.16.56:279][242]LogOnline: OSS: Creating online subsystem instance for: :Context_7
[2020.02.19-06.16.56:287][242]LogContentBrowser: Native class hierarchy updated for 'MovieSceneCapture' in 0.0002 seconds. Added 20 classes and 0 folders.
[2020.02.19-06.16.56:289][242]LogScript: Warning: Script Msg: Attempted to access index 0 from array 'CallFunc_GetAllActorsWithTag_OutActors' of length 0 in '/Game/ThirdPersonBP/Blueprints/ThirdPersonCharacter.ThirdPersonCharacter_C:ExecuteUbergraph_ThirdPersonCharacter'!
[2020.02.19-06.16.56:292][242]PIE: Play in editor start time for /Game/_Levels/UEDPIE_0_Lvel0 0.825
[2020.02.19-06.16.56:293][242]LogBlueprintUserMessages: Late PlayInEditor Detection: Level '/Game/_Levels/Lvel0.Lvel0:PersistentLevel' has LevelScriptBlueprint '/Game/_Levels/Lvel0.Lvel0:PersistentLevel.Lvel0' with GeneratedClass '/Game/_Levels/Lvel0.Lvel0_C' with ClassGeneratedBy '/Game/_Levels/Lvel0.Lvel0:PersistentLevel.Lvel0'
[2020.02.19-06.16.59:023][281]LogBlueprintUserMessages: Early EndPlayMap Detection: Level '/Game/_Levels/Lvel0.Lvel0:PersistentLevel' has LevelScriptBlueprint '/Game/_Levels/Lvel0.Lvel0:PersistentLevel.Lvel0' with GeneratedClass '/Game/_Levels/Lvel0.Lvel0_C' with ClassGeneratedBy '/Game/_Levels/Lvel0.Lvel0:PersistentLevel.Lvel0'
[2020.02.19-06.16.59:024][281]LogSlate: Updating window title bar state: overlay mode, drag disabled, window buttons hidden, title bar hidden
[2020.02.19-06.16.59:024][281]LogWorld: BeginTearingDown for /Game/_Levels/UEDPIE_0_Lvel0
[2020.02.19-06.16.59:037][281]LogSlate: Window 'Poop Game Preview Standalone (64-bit/PCD3D_SM5)' being destroyed
[2020.02.19-06.16.59:096][281]LogWorld: UWorld::CleanupWorld for Lvel0, bSessionEnded=true, bCleanupResources=true
[2020.02.19-06.16.59:100][281]LogPlayLevel: Display: Shutting down PIE online subsystems
[2020.02.19-06.16.59:100][281]LogBlueprintUserMessages: Late EndPlayMap Detection: Level '/Game/_Levels/Lvel0.Lvel0:PersistentLevel' has LevelScriptBlueprint '/Game/_Levels/Lvel0.Lvel0:PersistentLevel.Lvel0' with GeneratedClass '/Game/_Levels/Lvel0.Lvel0_C' with ClassGeneratedBy '/Game/_Levels/Lvel0.Lvel0:PersistentLevel.Lvel0'
[2020.02.19-06.16.59:158][281]LogUObjectHash: Compacting FUObjectHashTables data took   3.64ms
[2020.02.19-06.16.59:169][282]LogPlayLevel: Display: Destroying online subsystem :Context_7
[2020.02.19-06.17.07:683][514]LogUObjectHash: Compacting FUObjectHashTables data took   2.14ms
[2020.02.19-06.17.07:758][514]LogSlate: Window 'ThirdPersonCharacter' being destroyed
[2020.02.19-06.17.07:768][514]LogWorld: UWorld::CleanupWorld for World_5, bSessionEnded=true, bCleanupResources=true
[2020.02.19-06.17.07:802][514]LogSlate: Window 'Poop - Unreal Editor' being destroyed
[2020.02.19-06.17.07:803][514]LogWindowsTextInputMethodSystem: Display: IME system now deactivated.
[2020.02.19-06.17.07:945][515]Cmd: QUIT_EDITOR
[2020.02.19-06.17.08:223][515]LogExit: Preparing to exit.
[2020.02.19-06.17.08:517][515]LogWorld: UWorld::CleanupWorld for World_0, bSessionEnded=true, bCleanupResources=true
[2020.02.19-06.17.08:518][515]LogWorld: UWorld::CleanupWorld for World_2, bSessionEnded=true, bCleanupResources=true
[2020.02.19-06.17.08:519][515]LogWorld: UWorld::CleanupWorld for World_3, bSessionEnded=true, bCleanupResources=true
[2020.02.19-06.17.08:537][515]LogDemo: Cleaned up 0 splitscreen connections with owner deletion
[2020.02.19-06.17.08:547][515]LogWorld: UWorld::CleanupWorld for None, bSessionEnded=true, bCleanupResources=true
[2020.02.19-06.17.08:547][515]LogExit: Editor shut down
[2020.02.19-06.17.08:548][515]LogExit: Transaction tracking system shut down
[2020.02.19-06.17.08:788][515]LogExit: Object subsystem successfully closed.
[2020.02.19-06.17.08:805][515]LogShaderCompilers: Display: Shaders left to compile 0
[2020.02.19-06.17.08:831][515]LogModuleManager: Shutting down and abandoning module MovieSceneCapture (680)
[2020.02.19-06.17.08:831][515]LogModuleManager: Shutting down and abandoning module Voice (678)
[2020.02.19-06.17.08:831][515]LogModuleManager: Shutting down and abandoning module StaticMeshEditor (676)
[2020.02.19-06.17.08:831][515]LogModuleManager: Shutting down and abandoning module HierarchicalLODUtilities (674)
[2020.02.19-06.17.08:831][515]LogModuleManager: Shutting down and abandoning module BlueprintGraph (672)
[2020.02.19-06.17.08:831][515]LogModuleManager: Shutting down and abandoning module HierarchicalLODOutliner (670)
[2020.02.19-06.17.08:831][515]LogModuleManager: Shutting down and abandoning module SceneOutliner (668)
[2020.02.19-06.17.08:831][515]LogModuleManager: Shutting down and abandoning module WorldBrowser (666)
[2020.02.19-06.17.08:831][515]LogModuleManager: Shutting down and abandoning module AddContentDialog (664)
[2020.02.19-06.17.08:831][515]LogModuleManager: Shutting down and abandoning module WidgetCarousel (663)
[2020.02.19-06.17.08:831][515]LogModuleManager: Shutting down and abandoning module EditorWidgets (660)
[2020.02.19-06.17.08:831][515]LogModuleManager: Shutting down and abandoning module CollectionManager (658)
[2020.02.19-06.17.08:832][515]LogModuleManager: Shutting down and abandoning module StatsViewer (656)
[2020.02.19-06.17.08:832][515]LogModuleManager: Shutting down and abandoning module VirtualTexturingEditor (654)
[2020.02.19-06.17.08:832][515]LogModuleManager: Shutting down and abandoning module FoliageEdit (652)
[2020.02.19-06.17.08:832][515]LogModuleManager: Shutting down and abandoning module LandscapeEditor (650)
[2020.02.19-06.17.08:832][515]LogModuleManager: Shutting down and abandoning module MeshPaintMode (648)
[2020.02.19-06.17.08:832][515]LogModuleManager: Shutting down and abandoning module SceneDepthPickerMode (646)
[2020.02.19-06.17.08:832][515]LogModuleManager: Shutting down and abandoning module ActorPickerMode (644)
[2020.02.19-06.17.08:832][515]LogModuleManager: Shutting down and abandoning module GeometryMode (642)
[2020.02.19-06.17.08:832][515]LogModuleManager: Shutting down and abandoning module TextureAlignMode (640)
[2020.02.19-06.17.08:832][515]LogModuleManager: Shutting down and abandoning module BspMode (638)
[2020.02.19-06.17.08:832][515]LogModuleManager: Shutting down and abandoning module PIEPreviewDeviceProfileSelector (636)
[2020.02.19-06.17.08:832][515]LogModuleManager: Shutting down and abandoning module SequenceRecorderSections (634)
[2020.02.19-06.17.08:832][515]LogModuleManager: Shutting down and abandoning module AutomationWorker (632)
[2020.02.19-06.17.08:832][515]LogModuleManager: Shutting down and abandoning module OculusMR (630)
[2020.02.19-06.17.08:832][515]LogModuleManager: Shutting down and abandoning module AudioCaptureEditor (628)
[2020.02.19-06.17.08:832][515]LogModuleManager: Shutting down and abandoning module MatineeToLevelSequence (626)
[2020.02.19-06.17.08:832][515]LogModuleManager: Shutting down and abandoning module LevelSequenceEditor (624)
[2020.02.19-06.17.08:832][515]LogModuleManager: Shutting down and abandoning module PlacementMode (623)
[2020.02.19-06.17.08:832][515]LogModuleManager: Shutting down and abandoning module MaterialEditor (622)
[2020.02.19-06.17.08:832][515]LogModuleManager: Shutting down and abandoning module ActorSequenceEditor (618)
[2020.02.19-06.17.08:832][515]LogModuleManager: Shutting down and abandoning module WmfMediaFactory (616)
[2020.02.19-06.17.08:832][515]LogModuleManager: Shutting down and abandoning module WmfMediaEditor (614)
[2020.02.19-06.17.08:832][515]LogModuleManager: Shutting down and abandoning module WebMMediaFactory (612)
[2020.02.19-06.17.08:832][515]LogModuleManager: Shutting down and abandoning module WebMMediaEditor (610)
[2020.02.19-06.17.08:832][515]LogModuleManager: Shutting down and abandoning module WebMMedia (608)
[2020.02.19-06.17.08:832][515]LogModuleManager: Shutting down and abandoning module MediaPlayerEditor (606)
[2020.02.19-06.17.08:832][515]LogModuleManager: Shutting down and abandoning module MediaCompositingEditor (604)
[2020.02.19-06.17.08:832][515]LogModuleManager: Shutting down and abandoning module SequenceRecorder (603)
[2020.02.19-06.17.08:832][515]LogModuleManager: Shutting down and abandoning module OpenExrWrapper (600)
[2020.02.19-06.17.08:832][515]LogModuleManager: Shutting down and abandoning module ImgMediaFactory (598)
[2020.02.19-06.17.08:832][515]LogModuleManager: Shutting down and abandoning module ImgMediaEditor (596)
[2020.02.19-06.17.08:832][515]LogModuleManager: Shutting down and abandoning module AvfMediaFactory (594)
[2020.02.19-06.17.08:832][515]LogModuleManager: Shutting down and abandoning module AvfMediaEditor (592)
[2020.02.19-06.17.08:832][515]LogModuleManager: Shutting down and abandoning module AndroidMediaFactory (590)
[2020.02.19-06.17.08:832][515]LogModuleManager: Shutting down and abandoning module AndroidMediaEditor (588)
[2020.02.19-06.17.08:832][515]LogModuleManager: Shutting down and abandoning module MagicLeapCameraPreviewFactory (586)
[2020.02.19-06.17.08:832][515]LogModuleManager: Shutting down and abandoning module MagicLeapMediaCodecFactory (584)
[2020.02.19-06.17.08:832][515]LogModuleManager: Shutting down and abandoning module MagicLeapMediaFactory (582)
[2020.02.19-06.17.08:832][515]LogModuleManager: Shutting down and abandoning module MagicLeapMediaEditor (580)
[2020.02.19-06.17.08:832][515]LogModuleManager: Shutting down and abandoning module CharacterAI (578)
[2020.02.19-06.17.08:832][515]LogModuleManager: Shutting down and abandoning module SmartSnapping (576)
[2020.02.19-06.17.08:832][515]LogModuleManager: Shutting down and abandoning module SessionServices (574)
[2020.02.19-06.17.08:832][515]LogModuleManager: Shutting down and abandoning module MeshPaint (572)
[2020.02.19-06.17.08:832][515]LogModuleManager: Shutting down and abandoning module ViewportSnapping (570)
[2020.02.19-06.17.08:832][515]LogModuleManager: Shutting down and abandoning module ViewportInteraction (568)
[2020.02.19-06.17.08:832][515]LogModuleManager: Shutting down and abandoning module ClothPainter (566)
[2020.02.19-06.17.08:832][515]LogModuleManager: Shutting down and abandoning module SkeletalMeshEditor (565)
[2020.02.19-06.17.08:832][515]LogModuleManager: Shutting down and abandoning module LogVisualizer (562)
[2020.02.19-06.17.08:833][515]LogModuleManager: Shutting down and abandoning module IntroTutorials (560)
[2020.02.19-06.17.08:833][515]LogModuleManager: Shutting down and abandoning module GameProjectGeneration (559)
[2020.02.19-06.17.08:833][515]LogModuleManager: Shutting down and abandoning module LuminPlatformEditor (556)
[2020.02.19-06.17.08:833][515]LogModuleManager: Shutting down and abandoning module IOSPlatformEditor (554)
[2020.02.19-06.17.08:833][515]LogModuleManager: Shutting down and abandoning module HTML5PlatformEditor (552)
[2020.02.19-06.17.08:833][515]LogModuleManager: Shutting down and abandoning module AndroidPlatformEditor (550)
[2020.02.19-06.17.08:833][515]LogModuleManager: Shutting down and abandoning module AndroidDeviceDetection (549)
[2020.02.19-06.17.08:917][515]LogModuleManager: Shutting down and abandoning module WindowsPlatformEditor (546)
[2020.02.19-06.17.08:917][515]LogModuleManager: Shutting down and abandoning module LuminRuntimeSettings (544)
[2020.02.19-06.17.08:917][515]LogModuleManager: Shutting down and abandoning module IOSRuntimeSettings (542)
[2020.02.19-06.17.08:917][515]LogModuleManager: Shutting down and abandoning module AndroidRuntimeSettings (540)
[2020.02.19-06.17.08:917][515]LogModuleManager: Shutting down and abandoning module TimeManagementEditor (538)
[2020.02.19-06.17.08:917][515]LogModuleManager: Shutting down and abandoning module InputBindingEditor (536)
[2020.02.19-06.17.08:917][515]LogModuleManager: Shutting down and abandoning module MergeActors (534)
[2020.02.19-06.17.08:917][515]LogModuleManager: Shutting down and abandoning module LocalizationDashboard (532)
[2020.02.19-06.17.08:917][515]LogModuleManager: Shutting down and abandoning module LocalizationService (531)
[2020.02.19-06.17.08:917][515]LogModuleManager: Shutting down and abandoning module HardwareTargeting (528)
[2020.02.19-06.17.08:917][515]LogModuleManager: Shutting down and abandoning module DeviceProfileEditor (526)
[2020.02.19-06.17.08:917][515]LogModuleManager: Shutting down and abandoning module UndoHistory (524)
[2020.02.19-06.17.08:917][515]LogModuleManager: Shutting down and abandoning module XmlParser (522)
[2020.02.19-06.17.08:917][515]LogModuleManager: Shutting down and abandoning module Blutility (520)
[2020.02.19-06.17.08:917][515]LogModuleManager: Shutting down and abandoning module ProjectSettingsViewer (518)
[2020.02.19-06.17.08:917][515]LogModuleManager: Shutting down and abandoning module ProjectTargetPlatformEditor (517)
[2020.02.19-06.17.08:918][515]LogModuleManager: Shutting down and abandoning module EditorSettingsViewer (514)
[2020.02.19-06.17.08:918][515]LogModuleManager: Shutting down and abandoning module SettingsEditor (512)
[2020.02.19-06.17.08:918][515]LogModuleManager: Shutting down and abandoning module ProjectLauncher (510)
[2020.02.19-06.17.08:918][515]LogModuleManager: Shutting down and abandoning module SessionFrontend (508)
[2020.02.19-06.17.08:918][515]LogModuleManager: Shutting down and abandoning module ProfilerClient (506)
[2020.02.19-06.17.08:918][515]LogModuleManager: Shutting down and abandoning module DeviceManager (504)
[2020.02.19-06.17.08:918][515]LogModuleManager: Shutting down and abandoning module TargetDeviceServices (503)
[2020.02.19-06.17.08:961][515]LogModuleManager: Shutting down and abandoning module AutomationController (500)
[2020.02.19-06.17.08:961][515]LogModuleManager: Shutting down and abandoning module AutomationWindow (498)
[2020.02.19-06.17.08:961][515]LogModuleManager: Shutting down and abandoning module Layers (496)
[2020.02.19-06.17.08:961][515]LogModuleManager: Shutting down and abandoning module ComponentVisualizers (494)
[2020.02.19-06.17.08:961][515]LogModuleManager: Shutting down and abandoning module DetailCustomizations (492)
[2020.02.19-06.17.08:961][515]LogModuleManager: Shutting down and abandoning module PackagesDialog (490)
[2020.02.19-06.17.08:961][515]LogModuleManager: Shutting down and abandoning module AnimationBlueprintEditor (488)
[2020.02.19-06.17.08:961][515]LogModuleManager: Shutting down and abandoning module Persona (486)
[2020.02.19-06.17.08:961][515]LogModuleManager: Shutting down and abandoning module AdvancedPreviewScene (485)
[2020.02.19-06.17.08:961][515]LogModuleManager: Shutting down and abandoning module AnimGraph (483)
[2020.02.19-06.17.08:961][515]LogModuleManager: Shutting down and abandoning module Kismet (480)
[2020.02.19-06.17.08:964][515]LogModuleManager: Shutting down and abandoning module KismetWidgets (479)
[2020.02.19-06.17.08:964][515]LogModuleManager: Shutting down and abandoning module GraphEditor (476)
[2020.02.19-06.17.08:964][515]LogModuleManager: Shutting down and abandoning module StructViewer (474)
[2020.02.19-06.17.08:964][515]LogModuleManager: Shutting down and abandoning module ClassViewer (472)
[2020.02.19-06.17.08:964][515]LogModuleManager: Shutting down and abandoning module Toolbox (470)
[2020.02.19-06.17.08:964][515]LogModuleManager: Shutting down and abandoning module ModuleUI (468)
[2020.02.19-06.17.08:964][515]LogModuleManager: Shutting down and abandoning module MovieSceneTools (466)
[2020.02.19-06.17.08:964][515]LogModuleManager: Shutting down and abandoning module OutputLog (464)
[2020.02.19-06.17.08:965][515]LogModuleManager: Shutting down and abandoning module GammaUI (462)
[2020.02.19-06.17.08:965][515]LogModuleManager: Shutting down and abandoning module Documentation (460)
[2020.02.19-06.17.08:965][515]LogModuleManager: Shutting down and abandoning module LiveCoding (458)
[2020.02.19-06.17.08:965][515]LogModuleManager: Shutting down and abandoning module LevelSequence (456)
[2020.02.19-06.17.08:965][515]LogModuleManager: Shutting down and abandoning module MovieSceneTracks (454)
[2020.02.19-06.17.08:965][515]LogModuleManager: Shutting down and abandoning module MovieScene (452)
[2020.02.19-06.17.08:965][515]LogModuleManager: Shutting down and abandoning module StreamingPauseRendering (450)
[2020.02.19-06.17.08:965][515]LogModuleManager: Shutting down and abandoning module LauncherPlatform (448)
[2020.02.19-06.17.08:965][515]LogModuleManager: Shutting down and abandoning module AnalyticsET (446)
[2020.02.19-06.17.08:965][515]LogModuleManager: Shutting down and abandoning module PortalServices (444)
[2020.02.19-06.17.08:965][515]LogModuleManager: Shutting down and abandoning module PortalRpc (442)
[2020.02.19-06.17.08:965][515]LogModuleManager: Shutting down and abandoning module MessagingRpc (440)
[2020.02.19-06.17.08:965][515]LogModuleManager: Shutting down and abandoning module AIModule (438)
[2020.02.19-06.17.08:965][515]LogModuleManager: Shutting down and abandoning module GameplayDebugger (437)
[2020.02.19-06.17.08:965][515]LogModuleManager: Shutting down and abandoning module AITestSuite (435)
[2020.02.19-06.17.08:965][515]LogModuleManager: Shutting down and abandoning module NavigationSystem (433)
[2020.02.19-06.17.08:965][515]LogModuleManager: Shutting down and abandoning module DesktopPlatform (430)
[2020.02.19-06.17.08:965][515]LogModuleManager: Shutting down and abandoning module ImageWriteQueue (428)
[2020.02.19-06.17.08:968][515]LogModuleManager: Shutting down and abandoning module ProfilerService (426)
[2020.02.19-06.17.09:004][515]LogModuleManager: Shutting down and abandoning module TaskGraph (424)
[2020.02.19-06.17.09:005][515]LogModuleManager: Shutting down and abandoning module ScreenshotTools (422)
[2020.02.19-06.17.09:005][515]LogModuleManager: Shutting down and abandoning module SteamVRController (420)
[2020.02.19-06.17.09:005][515]LogModuleManager: Shutting down and abandoning module ProceduralMeshComponentEditor (418)
[2020.02.19-06.17.09:005][515]LogModuleManager: Shutting down and abandoning module ProceduralMeshComponent (416)
[2020.02.19-06.17.09:005][515]LogModuleManager: Shutting down and abandoning module OculusEditor (414)
[2020.02.19-06.17.09:005][515]LogModuleManager: Shutting down and abandoning module OculusInput (412)
[2020.02.19-06.17.09:005][515]LogModuleManager: Shutting down and abandoning module MobilePatchingUtils (410)
[2020.02.19-06.17.09:005][515]LogModuleManager: Shutting down and abandoning module EditableMesh (408)
[2020.02.19-06.17.09:005][515]LogModuleManager: Shutting down and abandoning module CustomMeshComponent (406)
[2020.02.19-06.17.09:005][515]LogModuleManager: Shutting down and abandoning module CableComponent (404)
[2020.02.19-06.17.09:005][515]LogModuleManager: Shutting down and abandoning module AudioCapture (402)
[2020.02.19-06.17.09:005][515]LogModuleManager: Shutting down and abandoning module ArchVisCharacter (400)
[2020.02.19-06.17.09:005][515]LogModuleManager: Shutting down and abandoning module AppleImageUtilsBlueprintSupport (398)
[2020.02.19-06.17.09:005][515]LogModuleManager: Shutting down and abandoning module AppleImageUtils (396)
[2020.02.19-06.17.09:005][515]LogModuleManager: Shutting down and abandoning module AndroidPermission (394)
[2020.02.19-06.17.09:005][515]LogModuleManager: Shutting down and abandoning module NUTUnrealEngine4 (392)
[2020.02.19-06.17.09:005][515]LogModuleManager: Shutting down and abandoning module NetcodeUnitTest (390)
[2020.02.19-06.17.09:005][515]LogModuleManager: Shutting down and abandoning module MediaCompositing (388)
[2020.02.19-06.17.09:005][515]LogModuleManager: Shutting down and abandoning module ImgMedia (386)
[2020.02.19-06.17.09:005][515]LogModuleManager: Shutting down and abandoning module MagicLeapHelperVulkan (384)
[2020.02.19-06.17.09:005][515]LogModuleManager: Shutting down and abandoning module MagicLeapHelperOpenGL (382)
[2020.02.19-06.17.09:005][515]LogModuleManager: Shutting down and abandoning module MagicLeapAudio (380)
[2020.02.19-06.17.09:005][515]LogModuleManager: Shutting down and abandoning module HTML5Networking (378)
[2020.02.19-06.17.09:005][515]LogModuleManager: Shutting down and abandoning module GeometryCacheTracks (376)
[2020.02.19-06.17.09:005][515]LogModuleManager: Shutting down and abandoning module GeometryCacheSequencer (374)
[2020.02.19-06.17.09:005][515]LogModuleManager: Shutting down and abandoning module BackChannel (372)
[2020.02.19-06.17.09:005][515]LogModuleManager: Shutting down and abandoning module AutomationUtilsEditor (370)
[2020.02.19-06.17.09:005][515]LogModuleManager: Shutting down and abandoning module AutomationUtils (368)
[2020.02.19-06.17.09:005][515]LogModuleManager: Shutting down and abandoning module AlembicImporter (366)
[2020.02.19-06.17.09:005][515]LogModuleManager: Shutting down and abandoning module AlembicLibrary (365)
[2020.02.19-06.17.09:005][515]LogModuleManager: Shutting down and abandoning module GeometryCache (364)
[2020.02.19-06.17.09:005][515]LogModuleManager: Shutting down and abandoning module GeometryCacheEd (363)
[2020.02.19-06.17.09:005][515]LogModuleManager: Shutting down and abandoning module VariantManagerContent (358)
[2020.02.19-06.17.09:005][515]LogModuleManager: Shutting down and abandoning module DatasmithContentEditor (356)
[2020.02.19-06.17.09:005][515]LogModuleManager: Shutting down and abandoning module SpeedTreeImporter (354)
[2020.02.19-06.17.09:005][515]LogModuleManager: Shutting down and abandoning module PluginBrowser (352)
[2020.02.19-06.17.09:005][515]LogModuleManager: Shutting down and abandoning module MobileLauncherProfileWizard (350)
[2020.02.19-06.17.09:005][515]LogModuleManager: Shutting down and abandoning module MaterialAnalyzer (348)
[2020.02.19-06.17.09:005][515]LogModuleManager: Shutting down and abandoning module CurveEditorTools (346)
[2020.02.19-06.17.09:005][515]LogModuleManager: Shutting down and abandoning module CurveEditor (345)
[2020.02.19-06.17.09:005][515]LogModuleManager: Shutting down and abandoning module CryptoKeysOpenSSL (342)
[2020.02.19-06.17.09:005][515]LogModuleManager: Shutting down and abandoning module CryptoKeys (340)
[2020.02.19-06.17.09:005][515]LogModuleManager: Shutting down and abandoning module VisualStudioSourceCodeAccess (338)
[2020.02.19-06.17.09:005][515]LogModuleManager: Shutting down and abandoning module VisualStudioCodeSourceCodeAccess (336)
[2020.02.19-06.17.09:005][515]LogModuleManager: Shutting down and abandoning module UObjectPlugin (334)
[2020.02.19-06.17.09:005][515]LogModuleManager: Shutting down and abandoning module SubversionSourceControl (332)
[2020.02.19-06.17.09:005][515]LogModuleManager: Shutting down and abandoning module PerforceSourceControl (330)
[2020.02.19-06.17.09:005][515]LogModuleManager: Shutting down and abandoning module GitSourceControl (328)
[2020.02.19-06.17.09:005][515]LogModuleManager: Shutting down and abandoning module SourceControl (327)
[2020.02.19-06.17.09:005][515]LogModuleManager: Shutting down and abandoning module CLionSourceCodeAccess (324)
[2020.02.19-06.17.09:005][515]LogModuleManager: Shutting down and abandoning module AnimationSharingEd (322)
[2020.02.19-06.17.09:005][515]LogModuleManager: Shutting down and abandoning module ActorLayerUtilitiesEditor (320)
[2020.02.19-06.17.09:005][515]LogModuleManager: Shutting down and abandoning module ActorLayerUtilities (318)
[2020.02.19-06.17.09:005][515]LogModuleManager: Shutting down and abandoning module LightPropagationVolumeEditor (316)
[2020.02.19-06.17.09:005][515]LogModuleManager: Shutting down and abandoning module PaperTiledImporter (314)
[2020.02.19-06.17.09:005][515]LogModuleManager: Shutting down and abandoning module PaperSpriteSheetImporter (312)
[2020.02.19-06.17.09:005][515]LogModuleManager: Shutting down and abandoning module Paper2DEditor (310)
[2020.02.19-06.17.09:005][515]LogModuleManager: Shutting down and abandoning module SignificanceManager (308)
[2020.02.19-06.17.09:005][515]LogModuleManager: Shutting down and abandoning module RuntimePhysXCooking (306)
[2020.02.19-06.17.09:005][515]LogModuleManager: Shutting down and abandoning module PhysXVehiclesEditor (304)
[2020.02.19-06.17.09:005][515]LogModuleManager: Shutting down and abandoning module LocationServicesBPLibrary (300)
[2020.02.19-06.17.09:005][515]LogModuleManager: Shutting down and abandoning module ActorSequence (298)
[2020.02.19-06.17.09:005][515]LogModuleManager: Shutting down and abandoning module UdpMessaging (296)
[2020.02.19-06.17.09:107][515]LogModuleManager: Shutting down and abandoning module TcpMessaging (294)
[2020.02.19-06.17.09:207][515]LogModuleManager: Shutting down and abandoning module MagicLeapIdentity (292)
[2020.02.19-06.17.09:207][515]LogModuleManager: Shutting down and abandoning module MagicLeapSecureStorage (290)
[2020.02.19-06.17.09:207][515]LogModuleManager: Shutting down and abandoning module MagicLeapHandTracking (288)
[2020.02.19-06.17.09:207][515]LogModuleManager: Shutting down and abandoning module MagicLeapEyeTracker (286)
[2020.02.19-06.17.09:207][515]LogModuleManager: Shutting down and abandoning module MagicLeapController (284)
[2020.02.19-06.17.09:207][515]LogSlate: Slate User Destroyed.  User Index 0, Is Virtual User: 0
[2020.02.19-06.17.09:207][515]LogModuleManager: Shutting down and abandoning module MagicLeapAR (282)
[2020.02.19-06.17.09:207][515]LogModuleManager: Shutting down and abandoning module AugmentedReality (281)
[2020.02.19-06.17.09:207][515]LogModuleManager: Shutting down and abandoning module GameplayTagsEditor (278)
[2020.02.19-06.17.09:207][515]LogModuleManager: Shutting down and abandoning module FacialAnimationEditor (276)
[2020.02.19-06.17.09:207][515]LogModuleManager: Shutting down and abandoning module FacialAnimation (274)
[2020.02.19-06.17.09:207][515]LogModuleManager: Shutting down and abandoning module DataValidation (272)
[2020.02.19-06.17.09:207][515]LogModuleManager: Shutting down and abandoning module AssetManagerEditor (270)
[2020.02.19-06.17.09:207][515]LogModuleManager: Shutting down and abandoning module LevelEditor (269)
[2020.02.19-06.17.09:207][515]LogModuleManager: Shutting down and abandoning module PixelInspectorModule (268)
[2020.02.19-06.17.09:207][515]LogModuleManager: Shutting down and abandoning module CommonMenuExtensions (266)
[2020.02.19-06.17.09:208][515]LogModuleManager: Shutting down and abandoning module MainFrame (264)
[2020.02.19-06.17.09:208][515]LogModuleManager: Shutting down and abandoning module HotReload (263)
[2020.02.19-06.17.09:208][515]LogModuleManager: Shutting down and abandoning module ContentBrowser (259)
[2020.02.19-06.17.09:209][515]LogModuleManager: Shutting down and abandoning module TreeMap (257)
[2020.02.19-06.17.09:209][515]LogModuleManager: Shutting down and abandoning module AnimationSharing (254)
[2020.02.19-06.17.09:209][515]LogModuleManager: Shutting down and abandoning module LightPropagationVolumeRuntime (252)
[2020.02.19-06.17.09:209][515]LogModuleManager: Shutting down and abandoning module Paper2D (250)
[2020.02.19-06.17.09:209][515]LogModuleManager: Shutting down and abandoning module WindowsMoviePlayer (248)
[2020.02.19-06.17.09:211][515]LogModuleManager: Shutting down and abandoning module WebMMoviePlayer (246)
[2020.02.19-06.17.09:211][515]LogModuleManager: Shutting down and abandoning module NetworkReplayStreaming (244)
[2020.02.19-06.17.09:211][515]LogModuleManager: Shutting down and abandoning module PacketHandler (242)
[2020.02.19-06.17.09:211][515]LogModuleManager: Shutting down and abandoning module ClothingSystemEditor (240)
[2020.02.19-06.17.09:211][515]LogModuleManager: Shutting down and abandoning module ClothingSystemRuntime (238)
[2020.02.19-06.17.09:211][515]LogModuleManager: Shutting down and abandoning module MediaAssets (236)
[2020.02.19-06.17.09:211][515]LogModuleManager: Shutting down and abandoning module Overlay (234)
[2020.02.19-06.17.09:211][515]LogModuleManager: Shutting down and abandoning module OverlayEditor (233)
[2020.02.19-06.17.09:211][515]LogModuleManager: Shutting down and abandoning module VREditor (230)
[2020.02.19-06.17.09:211][515]LogModuleManager: Shutting down and abandoning module StringTableEditor (228)
[2020.02.19-06.17.09:211][515]LogModuleManager: Shutting down and abandoning module GameplayTasksEditor (226)
[2020.02.19-06.17.09:211][515]LogModuleManager: Shutting down and abandoning module BehaviorTreeEditor (224)
[2020.02.19-06.17.09:211][515]LogModuleManager: Shutting down and abandoning module FunctionalTesting (222)
[2020.02.19-06.17.09:211][515]LogModuleManager: Shutting down and abandoning module CollisionAnalyzer (220)
[2020.02.19-06.17.09:211][515]LogModuleManager: Shutting down and abandoning module WorkspaceMenuStructure (219)
[2020.02.19-06.17.09:211][515]LogModuleManager: Shutting down and abandoning module UMG (216)
[2020.02.19-06.17.09:211][515]LogModuleManager: Shutting down and abandoning module UMGEditor (215)
[2020.02.19-06.17.09:211][515]LogModuleManager: Shutting down and abandoning module Sequencer (214)
[2020.02.19-06.17.09:212][515]LogModuleManager: Shutting down and abandoning module MessageLog (211)
[2020.02.19-06.17.09:212][515]LogModuleManager: Shutting down and abandoning module SlateReflector (206)
[2020.02.19-06.17.09:212][515]LogModuleManager: Shutting down and abandoning module Slate (204)
[2020.02.19-06.17.09:212][515]LogModuleManager: Shutting down and abandoning module LandscapeEditorUtilities (202)
[2020.02.19-06.17.09:212][515]LogModuleManager: Shutting down and abandoning module EditorStyle (200)
[2020.02.19-06.17.09:212][515]LogModuleManager: Shutting down and abandoning module UnrealEd (198)
[2020.02.19-06.17.09:212][515]LogModuleManager: Shutting down and abandoning module MRMesh (196)
[2020.02.19-06.17.09:212][515]LogModuleManager: Shutting down and abandoning module SourceCodeAccess (194)
[2020.02.19-06.17.09:212][515]LogModuleManager: Shutting down and abandoning module HeadMountedDisplay (192)
[2020.02.19-06.17.09:213][515]LogModuleManager: Shutting down and abandoning module XAudio2 (190)
[2020.02.19-06.17.09:213][515]LogModuleManager: Shutting down and abandoning module Networking (188)
[2020.02.19-06.17.09:213][515]LogModuleManager: Shutting down and abandoning module Core (186)
[2020.02.19-06.17.09:213][515]LogModuleManager: Shutting down and abandoning module KismetCompiler (184)
[2020.02.19-06.17.09:213][515]LogModuleManager: Shutting down and abandoning module MeshUtilities (182)
[2020.02.19-06.17.09:213][515]LogModuleManager: Shutting down and abandoning module MeshMergeUtilities (181)
[2020.02.19-06.17.09:213][515]LogModuleManager: Shutting down and abandoning module MeshReductionInterface (180)
[2020.02.19-06.17.09:213][515]LogModuleManager: Shutting down and abandoning module SkeletalMeshReduction (179)
[2020.02.19-06.17.09:213][515]LogModuleManager: Shutting down and abandoning module ProxyLODMeshReduction (177)
[2020.02.19-06.17.09:213][515]LogModuleManager: Shutting down and abandoning module QuadricMeshReduction (175)
[2020.02.19-06.17.09:213][515]LogModuleManager: Shutting down and abandoning module MaterialBaking (171)
[2020.02.19-06.17.09:213][515]LogModuleManager: Shutting down and abandoning module NullInstallBundleManager (166)
[2020.02.19-06.17.09:213][515]LogModuleManager: Shutting down and abandoning module DerivedDataCache (164)
[2020.02.19-06.17.09:247][515]LogDerivedDataCache: Shutdown
[2020.02.19-06.17.09:247][515]LogModuleManager: Shutting down and abandoning module XGEController (162)
[2020.02.19-06.17.09:247][515]LogModuleManager: Shutting down and abandoning module TargetPlatform (160)
[2020.02.19-06.17.09:247][515]LogModuleManager: Shutting down and abandoning module VulkanShaderFormat (159)
[2020.02.19-06.17.09:247][515]LogModuleManager: Shutting down and abandoning module ShaderFormatVectorVM (157)
[2020.02.19-06.17.09:247][515]LogModuleManager: Shutting down and abandoning module ShaderFormatOpenGL (155)
[2020.02.19-06.17.09:247][515]LogModuleManager: Shutting down and abandoning module ShaderFormatD3D (153)
[2020.02.19-06.17.09:247][515]LogModuleManager: Shutting down and abandoning module MetalShaderFormat (151)
[2020.02.19-06.17.09:247][515]LogModuleManager: Shutting down and abandoning module TextureFormatUncompressed (149)
[2020.02.19-06.17.09:247][515]LogModuleManager: Shutting down and abandoning module TextureFormatPVR (147)
[2020.02.19-06.17.09:247][515]LogModuleManager: Shutting down and abandoning module TextureFormatDXT (145)
[2020.02.19-06.17.09:247][515]LogModuleManager: Shutting down and abandoning module TextureFormatIntelISPCTexComp (143)
[2020.02.19-06.17.09:247][515]LogModuleManager: Shutting down and abandoning module TextureFormatASTC (141)
[2020.02.19-06.17.09:247][515]LogModuleManager: Shutting down and abandoning module ImageWrapper (140)
[2020.02.19-06.17.09:248][515]LogModuleManager: Shutting down and abandoning module TextureFormatAndroid (137)
[2020.02.19-06.17.09:248][515]LogModuleManager: Shutting down and abandoning module AudioFormatOpus (135)
[2020.02.19-06.17.09:248][515]LogModuleManager: Shutting down and abandoning module AudioFormatOgg (133)
[2020.02.19-06.17.09:248][515]LogModuleManager: Shutting down and abandoning module AudioFormatADPCM (131)
[2020.02.19-06.17.09:248][515]LogModuleManager: Shutting down and abandoning module LuminTargetPlatform (129)
[2020.02.19-06.17.09:248][515]LogModuleManager: Shutting down and abandoning module LinuxTargetPlatform (127)
[2020.02.19-06.17.09:248][515]LogModuleManager: Shutting down and abandoning module LinuxServerTargetPlatform (125)
[2020.02.19-06.17.09:248][515]LogModuleManager: Shutting down and abandoning module LinuxNoEditorTargetPlatform (123)
[2020.02.19-06.17.09:248][515]LogModuleManager: Shutting down and abandoning module LinuxClientTargetPlatform (121)
[2020.02.19-06.17.09:248][515]LogModuleManager: Shutting down and abandoning module TVOSTargetPlatform (119)
[2020.02.19-06.17.09:249][515]LogModuleManager: Shutting down and abandoning module Messaging (117)
[2020.02.19-06.17.09:249][515]LogModuleManager: Shutting down and abandoning module IOSTargetPlatform (115)
[2020.02.19-06.17.09:249][515]LogModuleManager: Shutting down and abandoning module HTML5TargetPlatform (113)
[2020.02.19-06.17.09:249][515]LogModuleManager: Shutting down and abandoning module AndroidTargetPlatform (111)
[2020.02.19-06.17.09:254][515]LogModuleManager: Shutting down and abandoning module WindowsTargetPlatform (109)
[2020.02.19-06.17.09:254][515]LogModuleManager: Shutting down and abandoning module WindowsServerTargetPlatform (107)
[2020.02.19-06.17.09:254][515]LogModuleManager: Shutting down and abandoning module WindowsNoEditorTargetPlatform (105)
[2020.02.19-06.17.09:254][515]LogModuleManager: Shutting down and abandoning module WindowsClientTargetPlatform (103)
[2020.02.19-06.17.09:254][515]LogModuleManager: Shutting down and abandoning module MacTargetPlatform (101)
[2020.02.19-06.17.09:254][515]LogModuleManager: Shutting down and abandoning module MacServerTargetPlatform (99)
[2020.02.19-06.17.09:254][515]LogModuleManager: Shutting down and abandoning module MacNoEditorTargetPlatform (97)
[2020.02.19-06.17.09:254][515]LogModuleManager: Shutting down and abandoning module MacClientTargetPlatform (95)
[2020.02.19-06.17.09:254][515]LogModuleManager: Shutting down and abandoning module AllDesktopTargetPlatform (93)
[2020.02.19-06.17.09:254][515]LogModuleManager: Shutting down and abandoning module InputCore (90)
[2020.02.19-06.17.09:254][515]LogModuleManager: Shutting down and abandoning module Settings (88)
[2020.02.19-06.17.09:254][515]LogModuleManager: Shutting down and abandoning module DirectoryWatcher (86)
[2020.02.19-06.17.09:254][515]LogModuleManager: Shutting down and abandoning module PhysXCooking (84)
[2020.02.19-06.17.09:254][515]LogModuleManager: Shutting down and abandoning module WindowsPlatformFeatures (82)
[2020.02.19-06.17.09:254][515]LogModuleManager: Shutting down and abandoning module GameplayMediaEncoder (81)
[2020.02.19-06.17.09:254][515]LogModuleManager: Shutting down and abandoning module SteamVR (78)
[2020.02.19-06.17.09:254][515]LogHMD: Freeing OpenVRDLLHandle.
[2020.02.19-06.17.09:254][515]LogModuleManager: Shutting down and abandoning module OculusHMD (76)
[2020.02.19-06.17.09:254][515]LogModuleManager: Shutting down and abandoning module ExampleDeviceProfileSelector (74)
[2020.02.19-06.17.09:254][515]LogModuleManager: Shutting down and abandoning module LauncherChunkInstaller (72)
[2020.02.19-06.17.09:254][515]LogModuleManager: Shutting down and abandoning module OnlineBlueprintSupport (70)
[2020.02.19-06.17.09:254][515]LogModuleManager: Shutting down and abandoning module OnlineSubsystem (66)
[2020.02.19-06.17.09:256][515]LogModuleManager: Shutting down and abandoning module XMPP (61)
[2020.02.19-06.17.09:256][515]LogModuleManager: Shutting down and abandoning module WebSockets (60)
[2020.02.19-06.17.09:258][515]LogModuleManager: Shutting down and abandoning module HTTP (57)
[2020.02.19-06.17.09:259][515]LogHttp: Display: Http module shutting down, but needs to wait on 1 outstanding Http requests:
[2020.02.19-06.17.09:259][515]LogHttp: Display: 	verb=[POST] url=[https://datarouter.ol.epicgames.com/datarouter/api/v1/public/data?SessionID=%7BEA78F139-4B9E-A33B-6112-00AA498536C3%7D&AppID=UEEditor.Rocket.Release&AppVersion=4.23.0-8386587%2B%2B%2BUE4%2BRelease-4.23&UserID=0915b35849cbdfcf02e807b10c8f903e%7Ce7adf61921bd4ff2b7c4842511537e51%7C46efea52-cc95-4413-b537-5a882d64c67e&AppEnvironment=datacollector-binary&UploadType=eteventstream] status=Processing
[2020.02.19-06.17.09:269][515]LogModuleManager: Shutting down and abandoning module SSL (56)
[2020.02.19-06.17.09:270][515]LogModuleManager: Shutting down and abandoning module WmfMedia (52)
[2020.02.19-06.17.09:271][515]LogModuleManager: Shutting down and abandoning module Media (51)
[2020.02.19-06.17.09:272][515]LogModuleManager: Shutting down and abandoning module MagicLeap (48)
[2020.02.19-06.17.09:272][515]LogModuleManager: Shutting down and abandoning module DatasmithContent (46)
[2020.02.19-06.17.09:272][515]LogModuleManager: Shutting down and abandoning module AISupportModule (44)
[2020.02.19-06.17.09:272][515]LogModuleManager: Shutting down and abandoning module PlatformCryptoOpenSSL (42)
[2020.02.19-06.17.09:272][515]LogModuleManager: Shutting down and abandoning module PlatformCrypto (40)
[2020.02.19-06.17.09:272][515]LogModuleManager: Shutting down and abandoning module AnimationModifiers (38)
[2020.02.19-06.17.09:272][515]LogModuleManager: Shutting down and abandoning module PropertyEditor (37)
[2020.02.19-06.17.09:272][515]LogModuleManager: Shutting down and abandoning module AudioEditor (34)
[2020.02.19-06.17.09:272][515]LogModuleManager: Shutting down and abandoning module TextureCompressor (32)
[2020.02.19-06.17.09:272][515]LogModuleManager: Shutting down and abandoning module RenderCore (30)
[2020.02.19-06.17.09:272][515]LogModuleManager: Shutting down and abandoning module Landscape (28)
[2020.02.19-06.17.09:272][515]LogModuleManager: Shutting down and abandoning module SlateRHIRenderer (26)
[2020.02.19-06.17.09:273][515]LogModuleManager: Shutting down and abandoning module OpenGLDrv (24)
[2020.02.19-06.17.09:273][515]LogModuleManager: Shutting down and abandoning module D3D11RHI (22)
[2020.02.19-06.17.09:273][515]LogModuleManager: Shutting down and abandoning module AnimGraphRuntime (20)
[2020.02.19-06.17.09:273][515]LogModuleManager: Shutting down and abandoning module Renderer (18)
[2020.02.19-06.17.09:273][515]LogModuleManager: Shutting down and abandoning module Engine (16)
[2020.02.19-06.17.09:273][515]LogModuleManager: Shutting down and abandoning module CoreUObject (14)
[2020.02.19-06.17.09:273][515]LogModuleManager: Shutting down and abandoning module NetworkFile (12)
[2020.02.19-06.17.09:273][515]LogModuleManager: Shutting down and abandoning module CookedIterativeFile (10)
[2020.02.19-06.17.09:273][515]LogModuleManager: Shutting down and abandoning module StreamingFile (8)
[2020.02.19-06.17.09:273][515]LogModuleManager: Shutting down and abandoning module SandboxFile (6)
[2020.02.19-06.17.09:273][515]LogModuleManager: Shutting down and abandoning module PakFile (4)
[2020.02.19-06.17.09:273][515]LogModuleManager: Shutting down and abandoning module RSA (3)
[2020.02.19-06.17.09:274][515]LogD3D11RHI: Shutdown
[2020.02.19-06.17.09:274][515]LogD3D11RHI: CleanupD3DDevice
[2020.02.19-06.17.09:274][515]LogRendererCore: FGlobalDynamicReadBuffer::Cleanup()
[2020.02.19-06.17.09:274][515]LogRendererCore: FGlobalDynamicReadBuffer::Cleanup()
[2020.02.19-06.17.09:274][515]LogRendererCore: FGlobalDynamicReadBuffer::Cleanup()
[2020.02.19-06.17.09:364][515]LogD3D11RHI: ~FD3D11DynamicRHI
[2020.02.19-06.17.09:372][515]LogExit: Exiting.
[2020.02.19-06.17.09:376][515]Log file closed, 02/19/20 03:17:09
